<?xml version="1.0" encoding="UTF-8"?>
<?xml-stylesheet type="text/xsl" href="ivy-report.xsl"?>
<ivy-report version="1.0">
	<info
		organisation="mproject"
		module="mproject$sources_javadoc_2.10"
		revision="1.0-SNAPSHOT"
		conf="test"
		confs="compile, runtime, test, provided, optional, compile-internal, runtime-internal, test-internal, plugin, sources, docs, pom"
		date="20140322174417"/>
	<dependencies>
		<module organisation="xml-apis" name="xml-apis">
			<revision name="1.3.04" status="release" pubdate="20061222143752" resolver="public" artresolver="public" homepage="http://xml.apache.org/commons/components/external/" downloaded="false" searched="false" default="false" conf="default(compile), default, compile, runtime, master" position="82">
				<metadata-artifact status="no" details="" size="2819" time="0" location="/home/diego/.ivy2/cache/xml-apis/xml-apis/ivy-1.3.04.xml" searched="false" origin-is-local="false" origin-location="http://repo1.maven.org/maven2/xml-apis/xml-apis/1.3.04/xml-apis-1.3.04.pom"/>
				<caller organisation="mproject" name="mproject$sources_javadoc_2.10" conf="test, compile, runtime" rev="1.3.04" rev-constraint-default="1.3.04" rev-constraint-dynamic="1.3.04" callerrev="1.0-SNAPSHOT"/>
				<artifacts>
					<artifact name="xml-apis" type="jar" ext="jar" status="no" details="" size="194354" time="0" location="/home/diego/.ivy2/cache/xml-apis/xml-apis/jars/xml-apis-1.3.04.jar">
						<origin-location is-local="false" location="http://repo1.maven.org/maven2/xml-apis/xml-apis/1.3.04/xml-apis-1.3.04.jar"/>
					</artifact>
					<artifact name="xml-apis" type="src" ext="jar" extra-classifier="sources" status="no" details="" size="527816" time="0" location="/home/diego/.ivy2/cache/xml-apis/xml-apis/srcs/xml-apis-1.3.04-sources.jar">
						<origin-location is-local="false" location="http://repo1.maven.org/maven2/xml-apis/xml-apis/1.3.04/xml-apis-1.3.04-sources.jar"/>
					</artifact>
				</artifacts>
			</revision>
			<revision name="1.0.b2" status="release" pubdate="20070209013046" resolver="public" artresolver="public" evicted="latest-revision" evicted-reason="" homepage="http://xml.apache.org/commons/#external" downloaded="false" searched="false" default="false" conf="default(compile), default, compile, runtime, master" position="-1">
				<license name="The Apache Software License, Version 2.0" url="http://www.apache.org/licenses/LICENSE-2.0.txt"/>
				<metadata-artifact status="no" details="" size="2923" time="0" location="/home/diego/.ivy2/cache/xml-apis/xml-apis/ivy-1.0.b2.xml" searched="false" origin-is-local="false" origin-location="http://repo1.maven.org/maven2/xml-apis/xml-apis/1.0.b2/xml-apis-1.0.b2.pom"/>
				<evicted-by rev="1.3.04"/>
				<caller organisation="mproject" name="mproject$sources_javadoc_2.10" conf="test, compile, runtime" rev="1.0.b2" rev-constraint-default="1.0.b2" rev-constraint-dynamic="1.0.b2" callerrev="1.0-SNAPSHOT"/>
				<artifacts>
				</artifacts>
			</revision>
		</module>
		<module organisation="commons-codec" name="commons-codec">
			<revision name="1.6" status="release" pubdate="20111202213826" resolver="sbt-chain" artresolver="sbt-chain" homepage="http://commons.apache.org/codec/" downloaded="false" searched="false" default="false" conf="default(compile), default, compile, runtime, master" position="74">
				<metadata-artifact status="no" details="" size="7545" time="0" location="/home/diego/.ivy2/cache/commons-codec/commons-codec/ivy-1.6.xml" searched="false" origin-is-local="false" origin-location="file:/home/diego/Downloads/development/activator-1.0.13/repository/commons-codec/commons-codec/1.6/ivys/ivy.xml"/>
				<caller organisation="mproject" name="mproject$sources_javadoc_2.10" conf="test, compile, runtime" rev="1.6" rev-constraint-default="1.6" rev-constraint-dynamic="1.6" callerrev="1.0-SNAPSHOT"/>
				<artifacts>
					<artifact name="commons-codec" type="src" ext="jar" extra-classifier="sources" status="no" details="" size="243982" time="0" location="/home/diego/.ivy2/cache/commons-codec/commons-codec/srcs/commons-codec-1.6-sources.jar">
						<origin-location is-local="false" location="http://repo1.maven.org/maven2/commons-codec/commons-codec/1.6/commons-codec-1.6-sources.jar"/>
					</artifact>
					<artifact name="commons-codec" type="jar" ext="jar" status="no" details="" size="232771" time="0" location="/home/diego/.ivy2/cache/commons-codec/commons-codec/jars/commons-codec-1.6.jar">
						<origin-location is-local="false" location="file:/home/diego/Downloads/development/activator-1.0.13/repository/commons-codec/commons-codec/1.6/jars/commons-codec.jar"/>
					</artifact>
					<artifact name="commons-codec" type="doc" ext="jar" extra-classifier="javadoc" status="no" details="" size="357085" time="0" location="/home/diego/.ivy2/cache/commons-codec/commons-codec/docs/commons-codec-1.6-javadoc.jar">
						<origin-location is-local="false" location="http://repo1.maven.org/maven2/commons-codec/commons-codec/1.6/commons-codec-1.6-javadoc.jar"/>
					</artifact>
				</artifacts>
			</revision>
			<revision name="1.3" status="release" pubdate="20051108172951" resolver="sbt-chain" artresolver="sbt-chain" evicted="latest-revision" evicted-reason="" homepage="http://jakarta.apache.org/commons/codec/" downloaded="false" searched="false" default="false" conf="default(compile), default, compile, runtime, master" position="-1">
				<license name="The Apache Software License, Version 2.0" url="/LICENSE.txt"/>
				<metadata-artifact status="no" details="" size="2780" time="0" location="/home/diego/.ivy2/cache/commons-codec/commons-codec/ivy-1.3.xml" searched="false" origin-is-local="false" origin-location="file:/home/diego/Downloads/development/activator-1.0.13/repository/commons-codec/commons-codec/1.3/ivys/ivy.xml"/>
				<evicted-by rev="1.6"/>
				<caller organisation="mproject" name="mproject$sources_javadoc_2.10" conf="test, compile, runtime" rev="1.3" rev-constraint-default="1.3" rev-constraint-dynamic="1.3" callerrev="1.0-SNAPSHOT"/>
				<artifacts>
				</artifacts>
			</revision>
		</module>
		<module organisation="org.apache.httpcomponents" name="httpcore">
			<revision name="4.1.3" status="release" pubdate="20110727200826" resolver="public" artresolver="public" homepage="http://hc.apache.org/httpcomponents-core-ga" downloaded="false" searched="false" default="false" conf="default(compile), default, compile, runtime, master" position="73">
				<metadata-artifact status="no" details="" size="4675" time="0" location="/home/diego/.ivy2/cache/org.apache.httpcomponents/httpcore/ivy-4.1.3.xml" searched="false" origin-is-local="false" origin-location="http://repo1.maven.org/maven2/org/apache/httpcomponents/httpcore/4.1.3/httpcore-4.1.3.pom"/>
				<caller organisation="mproject" name="mproject$sources_javadoc_2.10" conf="test, compile, runtime" rev="4.1.3" rev-constraint-default="4.1.3" rev-constraint-dynamic="4.1.3" callerrev="1.0-SNAPSHOT"/>
				<artifacts>
					<artifact name="httpcore" type="jar" ext="jar" status="no" details="" size="181201" time="0" location="/home/diego/.ivy2/cache/org.apache.httpcomponents/httpcore/jars/httpcore-4.1.3.jar">
						<origin-location is-local="false" location="http://repo1.maven.org/maven2/org/apache/httpcomponents/httpcore/4.1.3/httpcore-4.1.3.jar"/>
					</artifact>
					<artifact name="httpcore" type="src" ext="jar" extra-classifier="sources" status="no" details="" size="275267" time="0" location="/home/diego/.ivy2/cache/org.apache.httpcomponents/httpcore/srcs/httpcore-4.1.3-sources.jar">
						<origin-location is-local="false" location="http://repo1.maven.org/maven2/org/apache/httpcomponents/httpcore/4.1.3/httpcore-4.1.3-sources.jar"/>
					</artifact>
				</artifacts>
			</revision>
			<revision name="4.0.1" status="release" pubdate="20090621070836" resolver="sbt-chain" artresolver="sbt-chain" evicted="latest-revision" evicted-reason="" homepage="http://hc.apache.org/httpcomponents-core/" downloaded="false" searched="false" default="false" conf="default(compile), default, compile, runtime, master" position="-1">
				<license name="Apache License" url="http://www.apache.org/licenses/LICENSE-2.0.html"/>
				<metadata-artifact status="no" details="" size="4317" time="0" location="/home/diego/.ivy2/cache/org.apache.httpcomponents/httpcore/ivy-4.0.1.xml" searched="false" origin-is-local="false" origin-location="file:/home/diego/Downloads/development/activator-1.0.13/repository/org.apache.httpcomponents/httpcore/4.0.1/ivys/ivy.xml"/>
				<evicted-by rev="4.1.3"/>
				<caller organisation="mproject" name="mproject$sources_javadoc_2.10" conf="test, compile, runtime" rev="4.0.1" rev-constraint-default="4.0.1" rev-constraint-dynamic="4.0.1" callerrev="1.0-SNAPSHOT"/>
				<artifacts>
				</artifacts>
			</revision>
		</module>
		<module organisation="play" name="play-test_2.10">
			<revision name="2.1.0" status="release" pubdate="20130506133943" resolver="Typesafe Releases Repository" artresolver="Typesafe Releases Repository" homepage="" downloaded="false" searched="false" default="false" conf="default(compile), default, compile, runtime, master" position="56">
				<metadata-artifact status="no" details="" size="3044" time="0" location="/home/diego/.ivy2/cache/play/play-test_2.10/ivy-2.1.0.xml" searched="false" origin-is-local="false" origin-location="http://repo.typesafe.com/typesafe/releases/play/play-test_2.10/2.1.0/play-test_2.10-2.1.0.pom"/>
				<caller organisation="mproject" name="mproject$sources_javadoc_2.10" conf="test, compile, runtime" rev="2.1.0" rev-constraint-default="2.1.0" rev-constraint-dynamic="2.1.0" callerrev="1.0-SNAPSHOT"/>
				<artifacts>
					<artifact name="play-test_2.10" type="src" ext="jar" extra-classifier="sources" status="no" details="" size="16065" time="0" location="/home/diego/.ivy2/cache/play/play-test_2.10/srcs/play-test_2.10-2.1.0-sources.jar">
						<origin-location is-local="false" location="http://repo.typesafe.com/typesafe/releases/play/play-test_2.10/2.1.0/play-test_2.10-2.1.0-sources.jar"/>
					</artifact>
					<artifact name="play-test_2.10" type="jar" ext="jar" status="no" details="" size="131003" time="0" location="/home/diego/.ivy2/cache/play/play-test_2.10/jars/play-test_2.10-2.1.0.jar">
						<origin-location is-local="false" location="http://repo.typesafe.com/typesafe/releases/play/play-test_2.10/2.1.0/play-test_2.10-2.1.0.jar"/>
					</artifact>
				</artifacts>
			</revision>
		</module>
		<module organisation="junit" name="junit-dep">
			<revision name="4.10" status="release" pubdate="20110929211235" resolver="public" artresolver="public" homepage="http://junit.org" downloaded="false" searched="false" default="false" conf="default(compile), default, compile, runtime, master" position="57">
				<license name="Common Public License Version 1.0" url="http://www.opensource.org/licenses/cpl1.0.txt"/>
				<metadata-artifact status="no" details="" size="2773" time="0" location="/home/diego/.ivy2/cache/junit/junit-dep/ivy-4.10.xml" searched="false" origin-is-local="false" origin-location="http://repo1.maven.org/maven2/junit/junit-dep/4.10/junit-dep-4.10.pom"/>
				<caller organisation="mproject" name="mproject$sources_javadoc_2.10" conf="test, compile, runtime" rev="4.10" rev-constraint-default="4.10" rev-constraint-dynamic="4.10" callerrev="1.0-SNAPSHOT"/>
				<artifacts>
					<artifact name="junit-dep" type="doc" ext="jar" extra-classifier="javadoc" status="no" details="" size="351626" time="0" location="/home/diego/.ivy2/cache/junit/junit-dep/docs/junit-dep-4.10-javadoc.jar">
						<origin-location is-local="false" location="http://repo1.maven.org/maven2/junit/junit-dep/4.10/junit-dep-4.10-javadoc.jar"/>
					</artifact>
					<artifact name="junit-dep" type="src" ext="jar" extra-classifier="sources" status="no" details="" size="141185" time="0" location="/home/diego/.ivy2/cache/junit/junit-dep/srcs/junit-dep-4.10-sources.jar">
						<origin-location is-local="false" location="http://repo1.maven.org/maven2/junit/junit-dep/4.10/junit-dep-4.10-sources.jar"/>
					</artifact>
				</artifacts>
			</revision>
		</module>
		<module organisation="org.hamcrest" name="hamcrest-core">
			<revision name="1.1" status="release" pubdate="20070718211143" resolver="sbt-chain" artresolver="sbt-chain" homepage="" downloaded="false" searched="false" default="false" conf="default(compile), default, compile, runtime, master" position="58">
				<metadata-artifact status="no" details="" size="4321" time="0" location="/home/diego/.ivy2/cache/org.hamcrest/hamcrest-core/ivy-1.1.xml" searched="false" origin-is-local="false" origin-location="http://repo1.maven.org/maven2/org/hamcrest/hamcrest-core/1.1/hamcrest-core-1.1.pom"/>
				<caller organisation="mproject" name="mproject$sources_javadoc_2.10" conf="test, compile, runtime" rev="1.1" rev-constraint-default="1.1" rev-constraint-dynamic="1.1" callerrev="1.0-SNAPSHOT"/>
				<artifacts>
					<artifact name="hamcrest-core" type="jar" ext="jar" status="no" details="" size="76643" time="0" location="/home/diego/.ivy2/cache/org.hamcrest/hamcrest-core/jars/hamcrest-core-1.1.jar">
						<origin-location is-local="false" location="http://repo1.maven.org/maven2/org/hamcrest/hamcrest-core/1.1/hamcrest-core-1.1.jar"/>
					</artifact>
					<artifact name="hamcrest-core" type="src" ext="jar" extra-classifier="sources" status="no" details="" size="327" time="0" location="/home/diego/.ivy2/cache/org.hamcrest/hamcrest-core/srcs/hamcrest-core-1.1-sources.jar">
						<origin-location is-local="false" location="http://repo1.maven.org/maven2/org/hamcrest/hamcrest-core/1.1/hamcrest-core-1.1-sources.jar"/>
					</artifact>
				</artifacts>
			</revision>
		</module>
		<module organisation="com.typesafe" name="play-plugins-mailer_2.10">
			<revision name="2.1.0" status="release" pubdate="20130506133504" resolver="Typesafe Releases Repository" artresolver="Typesafe Releases Repository" homepage="" downloaded="false" searched="false" default="false" conf="default(compile), default, compile, runtime, master" position="50">
				<metadata-artifact status="no" details="" size="2851" time="0" location="/home/diego/.ivy2/cache/com.typesafe/play-plugins-mailer_2.10/ivy-2.1.0.xml" searched="false" origin-is-local="false" origin-location="http://repo.typesafe.com/typesafe/releases/com/typesafe/play-plugins-mailer_2.10/2.1.0/play-plugins-mailer_2.10-2.1.0.pom"/>
				<caller organisation="mproject" name="mproject$sources_javadoc_2.10" conf="test, compile, runtime" rev="2.1.0" rev-constraint-default="2.1.0" rev-constraint-dynamic="2.1.0" callerrev="1.0-SNAPSHOT"/>
				<artifacts>
					<artifact name="play-plugins-mailer_2.10" type="doc" ext="jar" extra-classifier="javadoc" status="no" details="" size="375986" time="0" location="/home/diego/.ivy2/cache/com.typesafe/play-plugins-mailer_2.10/docs/play-plugins-mailer_2.10-2.1.0-javadoc.jar">
						<origin-location is-local="false" location="http://repo.typesafe.com/typesafe/releases/com/typesafe/play-plugins-mailer_2.10/2.1.0/play-plugins-mailer_2.10-2.1.0-javadoc.jar"/>
					</artifact>
					<artifact name="play-plugins-mailer_2.10" type="src" ext="jar" extra-classifier="sources" status="no" details="" size="3610" time="0" location="/home/diego/.ivy2/cache/com.typesafe/play-plugins-mailer_2.10/srcs/play-plugins-mailer_2.10-2.1.0-sources.jar">
						<origin-location is-local="false" location="http://repo.typesafe.com/typesafe/releases/com/typesafe/play-plugins-mailer_2.10/2.1.0/play-plugins-mailer_2.10-2.1.0-sources.jar"/>
					</artifact>
					<artifact name="play-plugins-mailer_2.10" type="jar" ext="jar" status="no" details="" size="51336" time="0" location="/home/diego/.ivy2/cache/com.typesafe/play-plugins-mailer_2.10/jars/play-plugins-mailer_2.10-2.1.0.jar">
						<origin-location is-local="false" location="http://repo.typesafe.com/typesafe/releases/com/typesafe/play-plugins-mailer_2.10/2.1.0/play-plugins-mailer_2.10-2.1.0.jar"/>
					</artifact>
				</artifacts>
			</revision>
		</module>
		<module organisation="com.typesafe" name="play-plugins-util_2.10">
			<revision name="2.1.0" status="release" pubdate="20130506133514" resolver="Typesafe Releases Repository" artresolver="Typesafe Releases Repository" homepage="" downloaded="false" searched="false" default="false" conf="default(compile), default, compile, runtime, master" position="53">
				<metadata-artifact status="no" details="" size="2849" time="0" location="/home/diego/.ivy2/cache/com.typesafe/play-plugins-util_2.10/ivy-2.1.0.xml" searched="false" origin-is-local="false" origin-location="http://repo.typesafe.com/typesafe/releases/com/typesafe/play-plugins-util_2.10/2.1.0/play-plugins-util_2.10-2.1.0.pom"/>
				<caller organisation="mproject" name="mproject$sources_javadoc_2.10" conf="test, compile, runtime" rev="2.1.0" rev-constraint-default="2.1.0" rev-constraint-dynamic="2.1.0" callerrev="1.0-SNAPSHOT"/>
				<artifacts>
					<artifact name="play-plugins-util_2.10" type="doc" ext="jar" extra-classifier="javadoc" status="no" details="" size="350942" time="0" location="/home/diego/.ivy2/cache/com.typesafe/play-plugins-util_2.10/docs/play-plugins-util_2.10-2.1.0-javadoc.jar">
						<origin-location is-local="false" location="http://repo.typesafe.com/typesafe/releases/com/typesafe/play-plugins-util_2.10/2.1.0/play-plugins-util_2.10-2.1.0-javadoc.jar"/>
					</artifact>
					<artifact name="play-plugins-util_2.10" type="src" ext="jar" extra-classifier="sources" status="no" details="" size="1322" time="0" location="/home/diego/.ivy2/cache/com.typesafe/play-plugins-util_2.10/srcs/play-plugins-util_2.10-2.1.0-sources.jar">
						<origin-location is-local="false" location="http://repo.typesafe.com/typesafe/releases/com/typesafe/play-plugins-util_2.10/2.1.0/play-plugins-util_2.10-2.1.0-sources.jar"/>
					</artifact>
					<artifact name="play-plugins-util_2.10" type="jar" ext="jar" status="no" details="" size="14056" time="0" location="/home/diego/.ivy2/cache/com.typesafe/play-plugins-util_2.10/jars/play-plugins-util_2.10-2.1.0.jar">
						<origin-location is-local="false" location="http://repo.typesafe.com/typesafe/releases/com/typesafe/play-plugins-util_2.10/2.1.0/play-plugins-util_2.10-2.1.0.jar"/>
					</artifact>
				</artifacts>
			</revision>
		</module>
		<module organisation="com.cedarsoft" name="guice-annotations">
			<revision name="2.0.1" status="release" pubdate="20090928185126" resolver="public" artresolver="public" homepage="" downloaded="false" searched="false" default="false" conf="default(compile), default, compile, runtime, master" position="55">
				<metadata-artifact status="no" details="" size="3292" time="0" location="/home/diego/.ivy2/cache/com.cedarsoft/guice-annotations/ivy-2.0.1.xml" searched="false" origin-is-local="false" origin-location="http://repo1.maven.org/maven2/com/cedarsoft/guice-annotations/2.0.1/guice-annotations-2.0.1.pom"/>
				<caller organisation="mproject" name="mproject$sources_javadoc_2.10" conf="test, compile, runtime" rev="2.0.1" rev-constraint-default="2.0.1" rev-constraint-dynamic="2.0.1" callerrev="1.0-SNAPSHOT"/>
				<artifacts>
					<artifact name="guice-annotations" type="doc" ext="jar" extra-classifier="javadoc" status="no" details="" size="63405" time="0" location="/home/diego/.ivy2/cache/com.cedarsoft/guice-annotations/docs/guice-annotations-2.0.1-javadoc.jar">
						<origin-location is-local="false" location="http://repo1.maven.org/maven2/com/cedarsoft/guice-annotations/2.0.1/guice-annotations-2.0.1-javadoc.jar"/>
					</artifact>
					<artifact name="guice-annotations" type="jar" ext="jar" status="no" details="" size="6055" time="0" location="/home/diego/.ivy2/cache/com.cedarsoft/guice-annotations/jars/guice-annotations-2.0.1.jar">
						<origin-location is-local="false" location="http://repo1.maven.org/maven2/com/cedarsoft/guice-annotations/2.0.1/guice-annotations-2.0.1.jar"/>
					</artifact>
					<artifact name="guice-annotations" type="src" ext="jar" extra-classifier="sources" status="no" details="" size="9654" time="0" location="/home/diego/.ivy2/cache/com.cedarsoft/guice-annotations/srcs/guice-annotations-2.0.1-sources.jar">
						<origin-location is-local="false" location="http://repo1.maven.org/maven2/com/cedarsoft/guice-annotations/2.0.1/guice-annotations-2.0.1-sources.jar"/>
					</artifact>
				</artifacts>
			</revision>
		</module>
		<module organisation="org.ow2.spec.ee" name="ow2-atinject-1.0-spec">
			<revision name="1.0.10" status="release" pubdate="20111026114613" resolver="public" artresolver="public" homepage="" downloaded="false" searched="false" default="false" conf="default(compile), default, compile, runtime, master" position="54">
				<metadata-artifact status="no" details="" size="4173" time="0" location="/home/diego/.ivy2/cache/org.ow2.spec.ee/ow2-atinject-1.0-spec/ivy-1.0.10.xml" searched="false" origin-is-local="false" origin-location="http://repo1.maven.org/maven2/org/ow2/spec/ee/ow2-atinject-1.0-spec/1.0.10/ow2-atinject-1.0-spec-1.0.10.pom"/>
				<caller organisation="mproject" name="mproject$sources_javadoc_2.10" conf="test, compile, runtime" rev="1.0.10" rev-constraint-default="1.0.10" rev-constraint-dynamic="1.0.10" callerrev="1.0-SNAPSHOT"/>
				<artifacts>
					<artifact name="ow2-atinject-1.0-spec" type="src" ext="jar" extra-classifier="sources" status="no" details="" size="11955" time="0" location="/home/diego/.ivy2/cache/org.ow2.spec.ee/ow2-atinject-1.0-spec/srcs/ow2-atinject-1.0-spec-1.0.10-sources.jar">
						<origin-location is-local="false" location="http://repo1.maven.org/maven2/org/ow2/spec/ee/ow2-atinject-1.0-spec/1.0.10/ow2-atinject-1.0-spec-1.0.10-sources.jar"/>
					</artifact>
					<artifact name="ow2-atinject-1.0-spec" type="doc" ext="jar" extra-classifier="javadoc" status="no" details="" size="45234" time="0" location="/home/diego/.ivy2/cache/org.ow2.spec.ee/ow2-atinject-1.0-spec/docs/ow2-atinject-1.0-spec-1.0.10-javadoc.jar">
						<origin-location is-local="false" location="http://repo1.maven.org/maven2/org/ow2/spec/ee/ow2-atinject-1.0-spec/1.0.10/ow2-atinject-1.0-spec-1.0.10-javadoc.jar"/>
					</artifact>
					<artifact name="ow2-atinject-1.0-spec" type="jar" ext="jar" status="no" details="" size="5198" time="0" location="/home/diego/.ivy2/cache/org.ow2.spec.ee/ow2-atinject-1.0-spec/jars/ow2-atinject-1.0-spec-1.0.10.jar">
						<origin-location is-local="false" location="http://repo1.maven.org/maven2/org/ow2/spec/ee/ow2-atinject-1.0-spec/1.0.10/ow2-atinject-1.0-spec-1.0.10.jar"/>
					</artifact>
				</artifacts>
			</revision>
		</module>
		<module organisation="org.apache.commons" name="commons-email">
			<revision name="1.2" status="release" pubdate="20091101235036" resolver="public" artresolver="public" homepage="http://commons.apache.org/email/" downloaded="false" searched="false" default="false" conf="default(compile), default, compile, runtime, master" position="51">
				<metadata-artifact status="no" details="" size="5873" time="0" location="/home/diego/.ivy2/cache/org.apache.commons/commons-email/ivy-1.2.xml" searched="false" origin-is-local="false" origin-location="http://repo1.maven.org/maven2/org/apache/commons/commons-email/1.2/commons-email-1.2.pom"/>
				<caller organisation="mproject" name="mproject$sources_javadoc_2.10" conf="test, compile, runtime" rev="1.2" rev-constraint-default="1.2" rev-constraint-dynamic="1.2" callerrev="1.0-SNAPSHOT"/>
				<artifacts>
					<artifact name="commons-email" type="src" ext="jar" extra-classifier="sources" status="no" details="" size="33413" time="0" location="/home/diego/.ivy2/cache/org.apache.commons/commons-email/srcs/commons-email-1.2-sources.jar">
						<origin-location is-local="false" location="http://repo1.maven.org/maven2/org/apache/commons/commons-email/1.2/commons-email-1.2-sources.jar"/>
					</artifact>
					<artifact name="commons-email" type="jar" ext="jar" status="no" details="" size="32321" time="0" location="/home/diego/.ivy2/cache/org.apache.commons/commons-email/jars/commons-email-1.2.jar">
						<origin-location is-local="false" location="http://repo1.maven.org/maven2/org/apache/commons/commons-email/1.2/commons-email-1.2.jar"/>
					</artifact>
					<artifact name="commons-email" type="doc" ext="jar" extra-classifier="javadoc" status="no" details="" size="147788" time="0" location="/home/diego/.ivy2/cache/org.apache.commons/commons-email/docs/commons-email-1.2-javadoc.jar">
						<origin-location is-local="false" location="http://repo1.maven.org/maven2/org/apache/commons/commons-email/1.2/commons-email-1.2-javadoc.jar"/>
					</artifact>
				</artifacts>
			</revision>
		</module>
		<module organisation="javax.mail" name="mail">
			<revision name="1.4.1" status="release" pubdate="20080924193928" resolver="public" artresolver="public" homepage="https://glassfish.dev.java.net/javaee5/mail/" downloaded="false" searched="false" default="false" conf="default(compile), default, compile, runtime, master" position="52">
				<license name="Common Development and Distribution License (CDDL) v1.0" url="https://glassfish.dev.java.net/public/CDDLv1.0.html"/>
				<metadata-artifact status="no" details="" size="2671" time="0" location="/home/diego/.ivy2/cache/javax.mail/mail/ivy-1.4.1.xml" searched="false" origin-is-local="false" origin-location="http://repo1.maven.org/maven2/javax/mail/mail/1.4.1/mail-1.4.1.pom"/>
				<caller organisation="mproject" name="mproject$sources_javadoc_2.10" conf="test, compile, runtime" rev="1.4.1" rev-constraint-default="1.4.1" rev-constraint-dynamic="1.4.1" callerrev="1.0-SNAPSHOT"/>
				<artifacts>
					<artifact name="mail" type="jar" ext="jar" status="no" details="" size="447676" time="0" location="/home/diego/.ivy2/cache/javax.mail/mail/jars/mail-1.4.1.jar">
						<origin-location is-local="false" location="http://repo1.maven.org/maven2/javax/mail/mail/1.4.1/mail-1.4.1.jar"/>
					</artifact>
					<artifact name="mail" type="src" ext="jar" extra-classifier="sources" status="no" details="" size="613265" time="0" location="/home/diego/.ivy2/cache/javax.mail/mail/srcs/mail-1.4.1-sources.jar">
						<origin-location is-local="false" location="http://repo1.maven.org/maven2/javax/mail/mail/1.4.1/mail-1.4.1-sources.jar"/>
					</artifact>
				</artifacts>
			</revision>
		</module>
		<module organisation="com.loicdescotte.coffeebean" name="html5tags_2.10">
			<revision name="1.1.0" status="release" pubdate="20130420172313" resolver="github repo for html5tags" artresolver="github repo for html5tags" downloaded="false" searched="false" default="false" conf="default(compile), compile" position="43">
				<metadata-artifact status="no" details="" size="1934" time="0" location="/home/diego/.ivy2/cache/com.loicdescotte.coffeebean/html5tags_2.10/ivy-1.1.0.xml" searched="false" origin-is-local="false" origin-location="http://loicdescotte.github.io/releases/com.loicdescotte.coffeebean/html5tags_2.10/1.1.0/ivys/ivy.xml"/>
				<caller organisation="mproject" name="mproject$sources_javadoc_2.10" conf="test, compile, runtime" rev="1.1.0" rev-constraint-default="1.1.0" rev-constraint-dynamic="1.1.0" callerrev="1.0-SNAPSHOT"/>
				<artifacts>
					<artifact name="html5tags_2.10" type="jar" ext="jar" status="no" details="" size="126739" time="0" location="/home/diego/.ivy2/cache/com.loicdescotte.coffeebean/html5tags_2.10/jars/html5tags_2.10-1.1.0.jar">
						<origin-location is-local="false" location="http://loicdescotte.github.io/releases/com.loicdescotte.coffeebean/html5tags_2.10/1.1.0/jars/html5tags_2.10.jar"/>
					</artifact>
					<artifact name="html5tags_2.10" type="src" ext="jar" extra-classifier="sources" status="no" details="" size="2067" time="0" location="/home/diego/.ivy2/cache/com.loicdescotte.coffeebean/html5tags_2.10/srcs/html5tags_2.10-1.1.0-sources.jar">
						<origin-location is-local="false" location="http://loicdescotte.github.io/releases/com.loicdescotte.coffeebean/html5tags_2.10/1.1.0/srcs/html5tags_2.10-sources.jar"/>
					</artifact>
					<artifact name="html5tags_2.10" type="doc" ext="jar" extra-classifier="javadoc" status="no" details="" size="411216" time="0" location="/home/diego/.ivy2/cache/com.loicdescotte.coffeebean/html5tags_2.10/docs/html5tags_2.10-1.1.0-javadoc.jar">
						<origin-location is-local="false" location="http://loicdescotte.github.io/releases/com.loicdescotte.coffeebean/html5tags_2.10/1.1.0/docs/html5tags_2.10-javadoc.jar"/>
					</artifact>
				</artifacts>
			</revision>
		</module>
		<module organisation="play" name="play_2.10">
			<revision name="2.1.1" status="release" pubdate="20130506134638" resolver="Typesafe Releases Repository" artresolver="Typesafe Releases Repository" homepage="" downloaded="false" searched="false" default="false" conf="default(compile), default, compile, runtime, master" position="44">
				<metadata-artifact status="no" details="" size="6409" time="0" location="/home/diego/.ivy2/cache/play/play_2.10/ivy-2.1.1.xml" searched="false" origin-is-local="false" origin-location="http://repo.typesafe.com/typesafe/releases/play/play_2.10/2.1.1/play_2.10-2.1.1.pom"/>
				<caller organisation="mproject" name="mproject$sources_javadoc_2.10" conf="test, compile, runtime" rev="2.1.1" rev-constraint-default="2.1.1" rev-constraint-dynamic="2.1.1" callerrev="1.0-SNAPSHOT"/>
				<artifacts>
					<artifact name="play_2.10" type="src" ext="jar" extra-classifier="sources" status="no" details="" size="372324" time="0" location="/home/diego/.ivy2/cache/play/play_2.10/srcs/play_2.10-2.1.1-sources.jar">
						<origin-location is-local="false" location="http://repo.typesafe.com/typesafe/releases/play/play_2.10/2.1.1/play_2.10-2.1.1-sources.jar"/>
					</artifact>
					<artifact name="play_2.10" type="jar" ext="jar" status="no" details="" size="4683354" time="0" location="/home/diego/.ivy2/cache/play/play_2.10/jars/play_2.10-2.1.1.jar">
						<origin-location is-local="false" location="http://repo.typesafe.com/typesafe/releases/play/play_2.10/2.1.1/play_2.10-2.1.1.jar"/>
					</artifact>
				</artifacts>
			</revision>
		</module>
		<module organisation="org.fluentlenium" name="fluentlenium-festassert">
			<revision name="0.7.3" status="release" pubdate="20120831181531" resolver="public" artresolver="public" homepage="https://github.com/FluentLenium/FluentLenium" downloaded="false" searched="false" default="false" conf="default(compile), default, compile, runtime, master" position="64">
				<license name="Apache 2" url="http://www.apache.org/licenses/LICENSE-2.0.txt"/>
				<metadata-artifact status="no" details="" size="5469" time="0" location="/home/diego/.ivy2/cache/org.fluentlenium/fluentlenium-festassert/ivy-0.7.3.xml" searched="false" origin-is-local="false" origin-location="http://repo1.maven.org/maven2/org/fluentlenium/fluentlenium-festassert/0.7.3/fluentlenium-festassert-0.7.3.pom"/>
				<caller organisation="mproject" name="mproject$sources_javadoc_2.10" conf="test, compile, runtime" rev="0.7.3" rev-constraint-default="0.7.3" rev-constraint-dynamic="0.7.3" callerrev="1.0-SNAPSHOT"/>
				<artifacts>
					<artifact name="fluentlenium-festassert" type="doc" ext="jar" extra-classifier="javadoc" status="no" details="" size="56840" time="0" location="/home/diego/.ivy2/cache/org.fluentlenium/fluentlenium-festassert/docs/fluentlenium-festassert-0.7.3-javadoc.jar">
						<origin-location is-local="false" location="http://repo1.maven.org/maven2/org/fluentlenium/fluentlenium-festassert/0.7.3/fluentlenium-festassert-0.7.3-javadoc.jar"/>
					</artifact>
					<artifact name="fluentlenium-festassert" type="jar" ext="jar" status="no" details="" size="12727" time="0" location="/home/diego/.ivy2/cache/org.fluentlenium/fluentlenium-festassert/jars/fluentlenium-festassert-0.7.3.jar">
						<origin-location is-local="false" location="http://repo1.maven.org/maven2/org/fluentlenium/fluentlenium-festassert/0.7.3/fluentlenium-festassert-0.7.3.jar"/>
					</artifact>
					<artifact name="fluentlenium-festassert" type="src" ext="jar" extra-classifier="sources" status="no" details="" size="9956" time="0" location="/home/diego/.ivy2/cache/org.fluentlenium/fluentlenium-festassert/srcs/fluentlenium-festassert-0.7.3-sources.jar">
						<origin-location is-local="false" location="http://repo1.maven.org/maven2/org/fluentlenium/fluentlenium-festassert/0.7.3/fluentlenium-festassert-0.7.3-sources.jar"/>
					</artifact>
				</artifacts>
			</revision>
		</module>
		<module organisation="org.fluentlenium" name="fluentlenium-core">
			<revision name="0.7.3" status="release" pubdate="20120831181459" resolver="public" artresolver="public" homepage="https://github.com/FluentLenium/FluentLenium" downloaded="false" searched="false" default="false" conf="default(compile), default, compile, runtime, master" position="65">
				<license name="Apache 2" url="http://www.apache.org/licenses/LICENSE-2.0.txt"/>
				<metadata-artifact status="no" details="" size="5572" time="0" location="/home/diego/.ivy2/cache/org.fluentlenium/fluentlenium-core/ivy-0.7.3.xml" searched="false" origin-is-local="false" origin-location="http://repo1.maven.org/maven2/org/fluentlenium/fluentlenium-core/0.7.3/fluentlenium-core-0.7.3.pom"/>
				<caller organisation="mproject" name="mproject$sources_javadoc_2.10" conf="test, compile, runtime" rev="0.7.3" rev-constraint-default="0.7.3" rev-constraint-dynamic="0.7.3" callerrev="1.0-SNAPSHOT"/>
				<artifacts>
					<artifact name="fluentlenium-core" type="jar" ext="jar" status="no" details="" size="75067" time="0" location="/home/diego/.ivy2/cache/org.fluentlenium/fluentlenium-core/jars/fluentlenium-core-0.7.3.jar">
						<origin-location is-local="false" location="http://repo1.maven.org/maven2/org/fluentlenium/fluentlenium-core/0.7.3/fluentlenium-core-0.7.3.jar"/>
					</artifact>
					<artifact name="fluentlenium-core" type="src" ext="jar" extra-classifier="sources" status="no" details="" size="43251" time="0" location="/home/diego/.ivy2/cache/org.fluentlenium/fluentlenium-core/srcs/fluentlenium-core-0.7.3-sources.jar">
						<origin-location is-local="false" location="http://repo1.maven.org/maven2/org/fluentlenium/fluentlenium-core/0.7.3/fluentlenium-core-0.7.3-sources.jar"/>
					</artifact>
					<artifact name="fluentlenium-core" type="doc" ext="jar" extra-classifier="javadoc" status="no" details="" size="283941" time="0" location="/home/diego/.ivy2/cache/org.fluentlenium/fluentlenium-core/docs/fluentlenium-core-0.7.3-javadoc.jar">
						<origin-location is-local="false" location="http://repo1.maven.org/maven2/org/fluentlenium/fluentlenium-core/0.7.3/fluentlenium-core-0.7.3-javadoc.jar"/>
					</artifact>
				</artifacts>
			</revision>
		</module>
		<module organisation="org.easytesting" name="fest-assert">
			<revision name="1.4" status="release" pubdate="20110222024559" resolver="sbt-chain" artresolver="sbt-chain" homepage="http://fest.easytesting.org/assert" downloaded="false" searched="false" default="false" conf="default(compile), default, compile, runtime, master" position="97">
				<metadata-artifact status="no" details="" size="4251" time="0" location="/home/diego/.ivy2/cache/org.easytesting/fest-assert/ivy-1.4.xml" searched="false" origin-is-local="false" origin-location="file:/home/diego/Downloads/development/activator-1.0.13/repository/org.easytesting/fest-assert/1.4/ivys/ivy.xml"/>
				<caller organisation="mproject" name="mproject$sources_javadoc_2.10" conf="test, compile, runtime" rev="1.4" rev-constraint-default="1.4" rev-constraint-dynamic="1.4" callerrev="1.0-SNAPSHOT"/>
				<artifacts>
					<artifact name="fest-assert" type="doc" ext="jar" extra-classifier="javadoc" status="no" details="" size="464721" time="0" location="/home/diego/.ivy2/cache/org.easytesting/fest-assert/docs/fest-assert-1.4-javadoc.jar">
						<origin-location is-local="false" location="http://repo1.maven.org/maven2/org/easytesting/fest-assert/1.4/fest-assert-1.4-javadoc.jar"/>
					</artifact>
					<artifact name="fest-assert" type="jar" ext="jar" status="no" details="" size="78451" time="0" location="/home/diego/.ivy2/cache/org.easytesting/fest-assert/jars/fest-assert-1.4.jar">
						<origin-location is-local="false" location="file:/home/diego/Downloads/development/activator-1.0.13/repository/org.easytesting/fest-assert/1.4/jars/fest-assert.jar"/>
					</artifact>
					<artifact name="fest-assert" type="src" ext="jar" extra-classifier="sources" status="no" details="" size="78220" time="0" location="/home/diego/.ivy2/cache/org.easytesting/fest-assert/srcs/fest-assert-1.4-sources.jar">
						<origin-location is-local="false" location="http://repo1.maven.org/maven2/org/easytesting/fest-assert/1.4/fest-assert-1.4-sources.jar"/>
					</artifact>
				</artifacts>
			</revision>
		</module>
		<module organisation="org.easytesting" name="fest-util">
			<revision name="1.1.6" status="release" pubdate="20110217051512" resolver="sbt-chain" artresolver="sbt-chain" homepage="http://fest.easytesting.org" downloaded="false" searched="false" default="false" conf="default(compile), default, compile, runtime, master" position="98">
				<metadata-artifact status="no" details="" size="3734" time="0" location="/home/diego/.ivy2/cache/org.easytesting/fest-util/ivy-1.1.6.xml" searched="false" origin-is-local="false" origin-location="file:/home/diego/Downloads/development/activator-1.0.13/repository/org.easytesting/fest-util/1.1.6/ivys/ivy.xml"/>
				<caller organisation="mproject" name="mproject$sources_javadoc_2.10" conf="test, compile, runtime" rev="1.1.6" rev-constraint-default="1.1.6" rev-constraint-dynamic="1.1.6" callerrev="1.0-SNAPSHOT"/>
				<artifacts>
					<artifact name="fest-util" type="src" ext="jar" extra-classifier="sources" status="no" details="" size="24540" time="0" location="/home/diego/.ivy2/cache/org.easytesting/fest-util/srcs/fest-util-1.1.6-sources.jar">
						<origin-location is-local="false" location="http://repo1.maven.org/maven2/org/easytesting/fest-util/1.1.6/fest-util-1.1.6-sources.jar"/>
					</artifact>
					<artifact name="fest-util" type="doc" ext="jar" extra-classifier="javadoc" status="no" details="" size="157359" time="0" location="/home/diego/.ivy2/cache/org.easytesting/fest-util/docs/fest-util-1.1.6-javadoc.jar">
						<origin-location is-local="false" location="http://repo1.maven.org/maven2/org/easytesting/fest-util/1.1.6/fest-util-1.1.6-javadoc.jar"/>
					</artifact>
					<artifact name="fest-util" type="jar" ext="jar" status="no" details="" size="31034" time="0" location="/home/diego/.ivy2/cache/org.easytesting/fest-util/jars/fest-util-1.1.6.jar">
						<origin-location is-local="false" location="file:/home/diego/Downloads/development/activator-1.0.13/repository/org.easytesting/fest-util/1.1.6/jars/fest-util.jar"/>
					</artifact>
				</artifacts>
			</revision>
		</module>
		<module organisation="org.seleniumhq.selenium" name="selenium-java">
			<revision name="2.25.0" status="release" pubdate="20120718232033" resolver="public" artresolver="public" homepage="" downloaded="false" searched="false" default="false" conf="default(compile), default, compile, runtime, master" position="66">
				<metadata-artifact status="no" details="" size="7214" time="0" location="/home/diego/.ivy2/cache/org.seleniumhq.selenium/selenium-java/ivy-2.25.0.xml" searched="false" origin-is-local="false" origin-location="http://repo1.maven.org/maven2/org/seleniumhq/selenium/selenium-java/2.25.0/selenium-java-2.25.0.pom"/>
				<caller organisation="mproject" name="mproject$sources_javadoc_2.10" conf="test, compile, runtime" rev="2.25.0" rev-constraint-default="2.25.0" rev-constraint-dynamic="2.25.0" callerrev="1.0-SNAPSHOT"/>
				<artifacts>
					<artifact name="selenium-java" type="doc" ext="jar" extra-classifier="javadoc" status="no" details="" size="768400" time="0" location="/home/diego/.ivy2/cache/org.seleniumhq.selenium/selenium-java/docs/selenium-java-2.25.0-javadoc.jar">
						<origin-location is-local="false" location="http://repo1.maven.org/maven2/org/seleniumhq/selenium/selenium-java/2.25.0/selenium-java-2.25.0-javadoc.jar"/>
					</artifact>
					<artifact name="selenium-java" type="src" ext="jar" extra-classifier="sources" status="no" details="" size="167118" time="0" location="/home/diego/.ivy2/cache/org.seleniumhq.selenium/selenium-java/srcs/selenium-java-2.25.0-sources.jar">
						<origin-location is-local="false" location="http://repo1.maven.org/maven2/org/seleniumhq/selenium/selenium-java/2.25.0/selenium-java-2.25.0-sources.jar"/>
					</artifact>
					<artifact name="selenium-java" type="jar" ext="jar" status="no" details="" size="202083" time="0" location="/home/diego/.ivy2/cache/org.seleniumhq.selenium/selenium-java/jars/selenium-java-2.25.0.jar">
						<origin-location is-local="false" location="http://repo1.maven.org/maven2/org/seleniumhq/selenium/selenium-java/2.25.0/selenium-java-2.25.0.jar"/>
					</artifact>
				</artifacts>
			</revision>
		</module>
		<module organisation="org.seleniumhq.selenium" name="selenium-support">
			<revision name="2.25.0" status="release" pubdate="20120718232017" resolver="public" artresolver="public" homepage="" downloaded="false" searched="false" default="false" conf="default(compile), default, compile, runtime, master" position="96">
				<metadata-artifact status="no" details="" size="5940" time="0" location="/home/diego/.ivy2/cache/org.seleniumhq.selenium/selenium-support/ivy-2.25.0.xml" searched="false" origin-is-local="false" origin-location="http://repo1.maven.org/maven2/org/seleniumhq/selenium/selenium-support/2.25.0/selenium-support-2.25.0.pom"/>
				<caller organisation="mproject" name="mproject$sources_javadoc_2.10" conf="test, compile, runtime" rev="2.25.0" rev-constraint-default="2.25.0" rev-constraint-dynamic="2.25.0" callerrev="1.0-SNAPSHOT"/>
				<artifacts>
					<artifact name="selenium-support" type="src" ext="jar" extra-classifier="sources" status="no" details="" size="72540" time="0" location="/home/diego/.ivy2/cache/org.seleniumhq.selenium/selenium-support/srcs/selenium-support-2.25.0-sources.jar">
						<origin-location is-local="false" location="http://repo1.maven.org/maven2/org/seleniumhq/selenium/selenium-support/2.25.0/selenium-support-2.25.0-sources.jar"/>
					</artifact>
					<artifact name="selenium-support" type="doc" ext="jar" extra-classifier="javadoc" status="no" details="" size="364272" time="0" location="/home/diego/.ivy2/cache/org.seleniumhq.selenium/selenium-support/docs/selenium-support-2.25.0-javadoc.jar">
						<origin-location is-local="false" location="http://repo1.maven.org/maven2/org/seleniumhq/selenium/selenium-support/2.25.0/selenium-support-2.25.0-javadoc.jar"/>
					</artifact>
					<artifact name="selenium-support" type="jar" ext="jar" status="no" details="" size="113172" time="0" location="/home/diego/.ivy2/cache/org.seleniumhq.selenium/selenium-support/jars/selenium-support-2.25.0.jar">
						<origin-location is-local="false" location="http://repo1.maven.org/maven2/org/seleniumhq/selenium/selenium-support/2.25.0/selenium-support-2.25.0.jar"/>
					</artifact>
				</artifacts>
			</revision>
		</module>
		<module organisation="org.seleniumhq.selenium" name="selenium-safari-driver">
			<revision name="2.25.0" status="release" pubdate="20120718232006" resolver="public" artresolver="public" homepage="" downloaded="false" searched="false" default="false" conf="default(compile), default, compile, runtime, master" position="94">
				<metadata-artifact status="no" details="" size="5878" time="0" location="/home/diego/.ivy2/cache/org.seleniumhq.selenium/selenium-safari-driver/ivy-2.25.0.xml" searched="false" origin-is-local="false" origin-location="http://repo1.maven.org/maven2/org/seleniumhq/selenium/selenium-safari-driver/2.25.0/selenium-safari-driver-2.25.0.pom"/>
				<caller organisation="mproject" name="mproject$sources_javadoc_2.10" conf="test, compile, runtime" rev="2.25.0" rev-constraint-default="2.25.0" rev-constraint-dynamic="2.25.0" callerrev="1.0-SNAPSHOT"/>
				<artifacts>
					<artifact name="selenium-safari-driver" type="jar" ext="jar" status="no" details="" size="15761" time="0" location="/home/diego/.ivy2/cache/org.seleniumhq.selenium/selenium-safari-driver/jars/selenium-safari-driver-2.25.0.jar">
						<origin-location is-local="false" location="http://repo1.maven.org/maven2/org/seleniumhq/selenium/selenium-safari-driver/2.25.0/selenium-safari-driver-2.25.0.jar"/>
					</artifact>
					<artifact name="selenium-safari-driver" type="src" ext="jar" extra-classifier="sources" status="no" details="" size="9021" time="0" location="/home/diego/.ivy2/cache/org.seleniumhq.selenium/selenium-safari-driver/srcs/selenium-safari-driver-2.25.0-sources.jar">
						<origin-location is-local="false" location="http://repo1.maven.org/maven2/org/seleniumhq/selenium/selenium-safari-driver/2.25.0/selenium-safari-driver-2.25.0-sources.jar"/>
					</artifact>
					<artifact name="selenium-safari-driver" type="doc" ext="jar" extra-classifier="javadoc" status="no" details="" size="23932" time="0" location="/home/diego/.ivy2/cache/org.seleniumhq.selenium/selenium-safari-driver/docs/selenium-safari-driver-2.25.0-javadoc.jar">
						<origin-location is-local="false" location="http://repo1.maven.org/maven2/org/seleniumhq/selenium/selenium-safari-driver/2.25.0/selenium-safari-driver-2.25.0-javadoc.jar"/>
					</artifact>
				</artifacts>
			</revision>
		</module>
		<module organisation="org.webbitserver" name="webbit">
			<revision name="0.4.6" status="release" pubdate="20120223105921" resolver="public" artresolver="public" homepage="http://webbitserver.org/" downloaded="false" searched="false" default="false" conf="default(compile), default, compile, runtime, master" position="95">
				<license name="BSD License" url="http://www.opensource.org/licenses/bsd-license"/>
				<metadata-artifact status="no" details="" size="3355" time="0" location="/home/diego/.ivy2/cache/org.webbitserver/webbit/ivy-0.4.6.xml" searched="false" origin-is-local="false" origin-location="http://repo1.maven.org/maven2/org/webbitserver/webbit/0.4.6/webbit-0.4.6.pom"/>
				<caller organisation="mproject" name="mproject$sources_javadoc_2.10" conf="test, compile, runtime" rev="0.4.6" rev-constraint-default="0.4.6" rev-constraint-dynamic="0.4.6" callerrev="1.0-SNAPSHOT"/>
				<artifacts>
					<artifact name="webbit" type="doc" ext="jar" extra-classifier="javadoc" status="no" details="" size="519295" time="0" location="/home/diego/.ivy2/cache/org.webbitserver/webbit/docs/webbit-0.4.6-javadoc.jar">
						<origin-location is-local="false" location="http://repo1.maven.org/maven2/org/webbitserver/webbit/0.4.6/webbit-0.4.6-javadoc.jar"/>
					</artifact>
					<artifact name="webbit" type="src" ext="jar" extra-classifier="sources" status="no" details="" size="73317" time="0" location="/home/diego/.ivy2/cache/org.webbitserver/webbit/srcs/webbit-0.4.6-sources.jar">
						<origin-location is-local="false" location="http://repo1.maven.org/maven2/org/webbitserver/webbit/0.4.6/webbit-0.4.6-sources.jar"/>
					</artifact>
					<artifact name="webbit" type="jar" ext="jar" status="no" details="" size="154749" time="0" location="/home/diego/.ivy2/cache/org.webbitserver/webbit/jars/webbit-0.4.6.jar">
						<origin-location is-local="false" location="http://repo1.maven.org/maven2/org/webbitserver/webbit/0.4.6/webbit-0.4.6.jar"/>
					</artifact>
				</artifacts>
			</revision>
		</module>
		<module organisation="org.seleniumhq.selenium" name="selenium-iphone-driver">
			<revision name="2.25.0" status="release" pubdate="20120718231957" resolver="public" artresolver="public" homepage="" downloaded="false" searched="false" default="false" conf="default(compile), default, compile, runtime, master" position="93">
				<metadata-artifact status="no" details="" size="5743" time="0" location="/home/diego/.ivy2/cache/org.seleniumhq.selenium/selenium-iphone-driver/ivy-2.25.0.xml" searched="false" origin-is-local="false" origin-location="http://repo1.maven.org/maven2/org/seleniumhq/selenium/selenium-iphone-driver/2.25.0/selenium-iphone-driver-2.25.0.pom"/>
				<caller organisation="mproject" name="mproject$sources_javadoc_2.10" conf="test, compile, runtime" rev="2.25.0" rev-constraint-default="2.25.0" rev-constraint-dynamic="2.25.0" callerrev="1.0-SNAPSHOT"/>
				<artifacts>
					<artifact name="selenium-iphone-driver" type="jar" ext="jar" status="no" details="" size="13698" time="0" location="/home/diego/.ivy2/cache/org.seleniumhq.selenium/selenium-iphone-driver/jars/selenium-iphone-driver-2.25.0.jar">
						<origin-location is-local="false" location="http://repo1.maven.org/maven2/org/seleniumhq/selenium/selenium-iphone-driver/2.25.0/selenium-iphone-driver-2.25.0.jar"/>
					</artifact>
					<artifact name="selenium-iphone-driver" type="src" ext="jar" extra-classifier="sources" status="no" details="" size="7313" time="0" location="/home/diego/.ivy2/cache/org.seleniumhq.selenium/selenium-iphone-driver/srcs/selenium-iphone-driver-2.25.0-sources.jar">
						<origin-location is-local="false" location="http://repo1.maven.org/maven2/org/seleniumhq/selenium/selenium-iphone-driver/2.25.0/selenium-iphone-driver-2.25.0-sources.jar"/>
					</artifact>
					<artifact name="selenium-iphone-driver" type="doc" ext="jar" extra-classifier="javadoc" status="no" details="" size="53706" time="0" location="/home/diego/.ivy2/cache/org.seleniumhq.selenium/selenium-iphone-driver/docs/selenium-iphone-driver-2.25.0-javadoc.jar">
						<origin-location is-local="false" location="http://repo1.maven.org/maven2/org/seleniumhq/selenium/selenium-iphone-driver/2.25.0/selenium-iphone-driver-2.25.0-javadoc.jar"/>
					</artifact>
				</artifacts>
			</revision>
		</module>
		<module organisation="org.seleniumhq.selenium" name="selenium-ie-driver">
			<revision name="2.25.0" status="release" pubdate="20120718231948" resolver="public" artresolver="public" homepage="" downloaded="false" searched="false" default="false" conf="default(compile), default, compile, runtime, master" position="92">
				<metadata-artifact status="no" details="" size="6004" time="0" location="/home/diego/.ivy2/cache/org.seleniumhq.selenium/selenium-ie-driver/ivy-2.25.0.xml" searched="false" origin-is-local="false" origin-location="http://repo1.maven.org/maven2/org/seleniumhq/selenium/selenium-ie-driver/2.25.0/selenium-ie-driver-2.25.0.pom"/>
				<caller organisation="mproject" name="mproject$sources_javadoc_2.10" conf="test, compile, runtime" rev="2.25.0" rev-constraint-default="2.25.0" rev-constraint-dynamic="2.25.0" callerrev="1.0-SNAPSHOT"/>
				<artifacts>
					<artifact name="selenium-ie-driver" type="src" ext="jar" extra-classifier="sources" status="no" details="" size="9195" time="0" location="/home/diego/.ivy2/cache/org.seleniumhq.selenium/selenium-ie-driver/srcs/selenium-ie-driver-2.25.0-sources.jar">
						<origin-location is-local="false" location="http://repo1.maven.org/maven2/org/seleniumhq/selenium/selenium-ie-driver/2.25.0/selenium-ie-driver-2.25.0-sources.jar"/>
					</artifact>
					<artifact name="selenium-ie-driver" type="jar" ext="jar" status="no" details="" size="1426908" time="0" location="/home/diego/.ivy2/cache/org.seleniumhq.selenium/selenium-ie-driver/jars/selenium-ie-driver-2.25.0.jar">
						<origin-location is-local="false" location="http://repo1.maven.org/maven2/org/seleniumhq/selenium/selenium-ie-driver/2.25.0/selenium-ie-driver-2.25.0.jar"/>
					</artifact>
					<artifact name="selenium-ie-driver" type="doc" ext="jar" extra-classifier="javadoc" status="no" details="" size="55728" time="0" location="/home/diego/.ivy2/cache/org.seleniumhq.selenium/selenium-ie-driver/docs/selenium-ie-driver-2.25.0-javadoc.jar">
						<origin-location is-local="false" location="http://repo1.maven.org/maven2/org/seleniumhq/selenium/selenium-ie-driver/2.25.0/selenium-ie-driver-2.25.0-javadoc.jar"/>
					</artifact>
				</artifacts>
			</revision>
		</module>
		<module organisation="org.seleniumhq.selenium" name="selenium-firefox-driver">
			<revision name="2.25.0" status="release" pubdate="20120718231926" resolver="public" artresolver="public" homepage="" downloaded="false" searched="false" default="false" conf="default(compile), default, compile, runtime, master" position="91">
				<metadata-artifact status="no" details="" size="6019" time="0" location="/home/diego/.ivy2/cache/org.seleniumhq.selenium/selenium-firefox-driver/ivy-2.25.0.xml" searched="false" origin-is-local="false" origin-location="http://repo1.maven.org/maven2/org/seleniumhq/selenium/selenium-firefox-driver/2.25.0/selenium-firefox-driver-2.25.0.pom"/>
				<caller organisation="mproject" name="mproject$sources_javadoc_2.10" conf="test, compile, runtime" rev="2.25.0" rev-constraint-default="2.25.0" rev-constraint-dynamic="2.25.0" callerrev="1.0-SNAPSHOT"/>
				<artifacts>
					<artifact name="selenium-firefox-driver" type="doc" ext="jar" extra-classifier="javadoc" status="no" details="" size="101800" time="0" location="/home/diego/.ivy2/cache/org.seleniumhq.selenium/selenium-firefox-driver/docs/selenium-firefox-driver-2.25.0-javadoc.jar">
						<origin-location is-local="false" location="http://repo1.maven.org/maven2/org/seleniumhq/selenium/selenium-firefox-driver/2.25.0/selenium-firefox-driver-2.25.0-javadoc.jar"/>
					</artifact>
					<artifact name="selenium-firefox-driver" type="jar" ext="jar" status="no" details="" size="1976290" time="0" location="/home/diego/.ivy2/cache/org.seleniumhq.selenium/selenium-firefox-driver/jars/selenium-firefox-driver-2.25.0.jar">
						<origin-location is-local="false" location="http://repo1.maven.org/maven2/org/seleniumhq/selenium/selenium-firefox-driver/2.25.0/selenium-firefox-driver-2.25.0.jar"/>
					</artifact>
					<artifact name="selenium-firefox-driver" type="src" ext="jar" extra-classifier="sources" status="no" details="" size="29282" time="0" location="/home/diego/.ivy2/cache/org.seleniumhq.selenium/selenium-firefox-driver/srcs/selenium-firefox-driver-2.25.0-sources.jar">
						<origin-location is-local="false" location="http://repo1.maven.org/maven2/org/seleniumhq/selenium/selenium-firefox-driver/2.25.0/selenium-firefox-driver-2.25.0-sources.jar"/>
					</artifact>
				</artifacts>
			</revision>
		</module>
		<module organisation="org.seleniumhq.selenium" name="selenium-htmlunit-driver">
			<revision name="2.25.0" status="release" pubdate="20120718231937" resolver="public" artresolver="public" homepage="" downloaded="false" searched="false" default="false" conf="default(compile), default, compile, runtime, master" position="79">
				<metadata-artifact status="no" details="" size="6281" time="0" location="/home/diego/.ivy2/cache/org.seleniumhq.selenium/selenium-htmlunit-driver/ivy-2.25.0.xml" searched="false" origin-is-local="false" origin-location="http://repo1.maven.org/maven2/org/seleniumhq/selenium/selenium-htmlunit-driver/2.25.0/selenium-htmlunit-driver-2.25.0.pom"/>
				<caller organisation="mproject" name="mproject$sources_javadoc_2.10" conf="test, compile, runtime" rev="2.25.0" rev-constraint-default="2.25.0" rev-constraint-dynamic="2.25.0" callerrev="1.0-SNAPSHOT"/>
				<artifacts>
					<artifact name="selenium-htmlunit-driver" type="doc" ext="jar" extra-classifier="javadoc" status="no" details="" size="59035" time="0" location="/home/diego/.ivy2/cache/org.seleniumhq.selenium/selenium-htmlunit-driver/docs/selenium-htmlunit-driver-2.25.0-javadoc.jar">
						<origin-location is-local="false" location="http://repo1.maven.org/maven2/org/seleniumhq/selenium/selenium-htmlunit-driver/2.25.0/selenium-htmlunit-driver-2.25.0-javadoc.jar"/>
					</artifact>
					<artifact name="selenium-htmlunit-driver" type="src" ext="jar" extra-classifier="sources" status="no" details="" size="25323" time="0" location="/home/diego/.ivy2/cache/org.seleniumhq.selenium/selenium-htmlunit-driver/srcs/selenium-htmlunit-driver-2.25.0-sources.jar">
						<origin-location is-local="false" location="http://repo1.maven.org/maven2/org/seleniumhq/selenium/selenium-htmlunit-driver/2.25.0/selenium-htmlunit-driver-2.25.0-sources.jar"/>
					</artifact>
					<artifact name="selenium-htmlunit-driver" type="jar" ext="jar" status="no" details="" size="53368" time="0" location="/home/diego/.ivy2/cache/org.seleniumhq.selenium/selenium-htmlunit-driver/jars/selenium-htmlunit-driver-2.25.0.jar">
						<origin-location is-local="false" location="http://repo1.maven.org/maven2/org/seleniumhq/selenium/selenium-htmlunit-driver/2.25.0/selenium-htmlunit-driver-2.25.0.jar"/>
					</artifact>
				</artifacts>
			</revision>
		</module>
		<module organisation="net.sourceforge.htmlunit" name="htmlunit">
			<revision name="2.9" status="release" pubdate="20110809103817" resolver="public" artresolver="public" homepage="http://htmlunit.sourceforge.net" downloaded="false" searched="false" default="false" conf="default(compile), default, compile, runtime, master" position="80">
				<license name="Apache License, Version 2.0" url="http://www.apache.org/licenses/LICENSE-2.0.txt"/>
				<metadata-artifact status="no" details="" size="6963" time="0" location="/home/diego/.ivy2/cache/net.sourceforge.htmlunit/htmlunit/ivy-2.9.xml" searched="false" origin-is-local="false" origin-location="http://repo1.maven.org/maven2/net/sourceforge/htmlunit/htmlunit/2.9/htmlunit-2.9.pom"/>
				<caller organisation="mproject" name="mproject$sources_javadoc_2.10" conf="test, compile, runtime" rev="2.9" rev-constraint-default="2.9" rev-constraint-dynamic="2.9" callerrev="1.0-SNAPSHOT"/>
				<artifacts>
					<artifact name="htmlunit" type="jar" ext="jar" status="no" details="" size="1003510" time="0" location="/home/diego/.ivy2/cache/net.sourceforge.htmlunit/htmlunit/jars/htmlunit-2.9.jar">
						<origin-location is-local="false" location="http://repo1.maven.org/maven2/net/sourceforge/htmlunit/htmlunit/2.9/htmlunit-2.9.jar"/>
					</artifact>
					<artifact name="htmlunit" type="src" ext="jar" extra-classifier="sources" status="no" details="" size="929605" time="0" location="/home/diego/.ivy2/cache/net.sourceforge.htmlunit/htmlunit/srcs/htmlunit-2.9-sources.jar">
						<origin-location is-local="false" location="http://repo1.maven.org/maven2/net/sourceforge/htmlunit/htmlunit/2.9/htmlunit-2.9-sources.jar"/>
					</artifact>
					<artifact name="htmlunit" type="doc" ext="jar" extra-classifier="javadoc" status="no" details="" size="2014185" time="0" location="/home/diego/.ivy2/cache/net.sourceforge.htmlunit/htmlunit/docs/htmlunit-2.9-javadoc.jar">
						<origin-location is-local="false" location="http://repo1.maven.org/maven2/net/sourceforge/htmlunit/htmlunit/2.9/htmlunit-2.9-javadoc.jar"/>
					</artifact>
				</artifacts>
			</revision>
		</module>
		<module organisation="net.sourceforge.cssparser" name="cssparser">
			<revision name="0.9.5" status="release" pubdate="20080327224902" resolver="public" artresolver="public" homepage="http://cssparser.sourceforge.net/" downloaded="false" searched="false" default="false" conf="default(compile), default, compile, runtime, master" position="88">
				<license name="GNU Lesser General Public License" url="http://www.gnu.org/licenses/lgpl.txt"/>
				<metadata-artifact status="no" details="" size="2855" time="0" location="/home/diego/.ivy2/cache/net.sourceforge.cssparser/cssparser/ivy-0.9.5.xml" searched="false" origin-is-local="false" origin-location="http://repo1.maven.org/maven2/net/sourceforge/cssparser/cssparser/0.9.5/cssparser-0.9.5.pom"/>
				<caller organisation="mproject" name="mproject$sources_javadoc_2.10" conf="test, compile, runtime" rev="0.9.5" rev-constraint-default="0.9.5" rev-constraint-dynamic="0.9.5" callerrev="1.0-SNAPSHOT"/>
				<artifacts>
					<artifact name="cssparser" type="src" ext="jar" extra-classifier="sources" status="no" details="" size="173687" time="0" location="/home/diego/.ivy2/cache/net.sourceforge.cssparser/cssparser/srcs/cssparser-0.9.5-sources.jar">
						<origin-location is-local="false" location="http://repo1.maven.org/maven2/net/sourceforge/cssparser/cssparser/0.9.5/cssparser-0.9.5-sources.jar"/>
					</artifact>
					<artifact name="cssparser" type="jar" ext="jar" status="no" details="" size="253950" time="0" location="/home/diego/.ivy2/cache/net.sourceforge.cssparser/cssparser/jars/cssparser-0.9.5.jar">
						<origin-location is-local="false" location="http://repo1.maven.org/maven2/net/sourceforge/cssparser/cssparser/0.9.5/cssparser-0.9.5.jar"/>
					</artifact>
				</artifacts>
			</revision>
		</module>
		<module organisation="org.w3c.css" name="sac">
			<revision name="1.3" status="release" pubdate="20080323004250" resolver="sbt-chain" artresolver="sbt-chain" homepage="http://www.w3.org/Style/CSS/SAC/" downloaded="false" searched="false" default="false" conf="default(compile), default, compile, runtime, master" position="89">
				<license name="The W3C Software License" url="http://www.w3.org/Consortium/Legal/copyright-software-19980720"/>
				<metadata-artifact status="no" details="" size="2374" time="0" location="/home/diego/.ivy2/cache/org.w3c.css/sac/ivy-1.3.xml" searched="false" origin-is-local="false" origin-location="file:/home/diego/Downloads/development/activator-1.0.13/repository/org.w3c.css/sac/1.3/ivys/ivy.xml"/>
				<caller organisation="mproject" name="mproject$sources_javadoc_2.10" conf="test, compile, runtime" rev="1.3" rev-constraint-default="1.3" rev-constraint-dynamic="1.3" callerrev="1.0-SNAPSHOT"/>
				<artifacts>
					<artifact name="sac" type="src" ext="jar" extra-classifier="sources" status="no" details="" size="33134" time="0" location="/home/diego/.ivy2/cache/org.w3c.css/sac/srcs/sac-1.3-sources.jar">
						<origin-location is-local="false" location="http://repo1.maven.org/maven2/org/w3c/css/sac/1.3/sac-1.3-sources.jar"/>
					</artifact>
					<artifact name="sac" type="jar" ext="jar" status="no" details="" size="15808" time="0" location="/home/diego/.ivy2/cache/org.w3c.css/sac/jars/sac-1.3.jar">
						<origin-location is-local="false" location="file:/home/diego/Downloads/development/activator-1.0.13/repository/org.w3c.css/sac/1.3/jars/sac.jar"/>
					</artifact>
				</artifacts>
			</revision>
		</module>
		<module organisation="net.sourceforge.nekohtml" name="nekohtml">
			<revision name="1.9.15" status="release" pubdate="20110803161328" resolver="public" artresolver="public" homepage="http://nekohtml.sourceforge.net/" downloaded="false" searched="false" default="false" conf="default(compile), default, compile, runtime, master" position="87">
				<license name="The Apache Software License, Version 2.0" url="http://www.apache.org/licenses/LICENSE-2.0.txt"/>
				<metadata-artifact status="no" details="" size="2561" time="0" location="/home/diego/.ivy2/cache/net.sourceforge.nekohtml/nekohtml/ivy-1.9.15.xml" searched="false" origin-is-local="false" origin-location="http://repo1.maven.org/maven2/net/sourceforge/nekohtml/nekohtml/1.9.15/nekohtml-1.9.15.pom"/>
				<caller organisation="mproject" name="mproject$sources_javadoc_2.10" conf="test, compile, runtime" rev="1.9.15" rev-constraint-default="1.9.15" rev-constraint-dynamic="1.9.15" callerrev="1.0-SNAPSHOT"/>
				<artifacts>
					<artifact name="nekohtml" type="src" ext="jar" extra-classifier="sources" status="no" details="" size="136528" time="0" location="/home/diego/.ivy2/cache/net.sourceforge.nekohtml/nekohtml/srcs/nekohtml-1.9.15-sources.jar">
						<origin-location is-local="false" location="http://repo1.maven.org/maven2/net/sourceforge/nekohtml/nekohtml/1.9.15/nekohtml-1.9.15-sources.jar"/>
					</artifact>
					<artifact name="nekohtml" type="jar" ext="jar" status="no" details="" size="149271" time="0" location="/home/diego/.ivy2/cache/net.sourceforge.nekohtml/nekohtml/jars/nekohtml-1.9.15.jar">
						<origin-location is-local="false" location="http://repo1.maven.org/maven2/net/sourceforge/nekohtml/nekohtml/1.9.15/nekohtml-1.9.15.jar"/>
					</artifact>
					<artifact name="nekohtml" type="doc" ext="jar" extra-classifier="javadoc" status="no" details="" size="246312" time="0" location="/home/diego/.ivy2/cache/net.sourceforge.nekohtml/nekohtml/docs/nekohtml-1.9.15-javadoc.jar">
						<origin-location is-local="false" location="http://repo1.maven.org/maven2/net/sourceforge/nekohtml/nekohtml/1.9.15/nekohtml-1.9.15-javadoc.jar"/>
					</artifact>
				</artifacts>
			</revision>
		</module>
		<module organisation="net.sourceforge.htmlunit" name="htmlunit-core-js">
			<revision name="2.9" status="release" pubdate="20110808095104" resolver="public" artresolver="public" homepage="http://htmlunit.sourceforge.net" downloaded="false" searched="false" default="false" conf="default(compile), default, compile, runtime, master" position="86">
				<license name="Mozilla Public License version 1.1" url="http://www.mozilla.org/MPL/MPL-1.1.html"/>
				<metadata-artifact status="no" details="" size="2520" time="0" location="/home/diego/.ivy2/cache/net.sourceforge.htmlunit/htmlunit-core-js/ivy-2.9.xml" searched="false" origin-is-local="false" origin-location="http://repo1.maven.org/maven2/net/sourceforge/htmlunit/htmlunit-core-js/2.9/htmlunit-core-js-2.9.pom"/>
				<caller organisation="mproject" name="mproject$sources_javadoc_2.10" conf="test, compile, runtime" rev="2.9" rev-constraint-default="2.9" rev-constraint-dynamic="2.9" callerrev="1.0-SNAPSHOT"/>
				<artifacts>
					<artifact name="htmlunit-core-js" type="src" ext="jar" extra-classifier="sources" status="no" details="" size="888749" time="0" location="/home/diego/.ivy2/cache/net.sourceforge.htmlunit/htmlunit-core-js/srcs/htmlunit-core-js-2.9-sources.jar">
						<origin-location is-local="false" location="http://repo1.maven.org/maven2/net/sourceforge/htmlunit/htmlunit-core-js/2.9/htmlunit-core-js-2.9-sources.jar"/>
					</artifact>
					<artifact name="htmlunit-core-js" type="doc" ext="jar" extra-classifier="javadoc" status="no" details="" size="1878740" time="0" location="/home/diego/.ivy2/cache/net.sourceforge.htmlunit/htmlunit-core-js/docs/htmlunit-core-js-2.9-javadoc.jar">
						<origin-location is-local="false" location="http://repo1.maven.org/maven2/net/sourceforge/htmlunit/htmlunit-core-js/2.9/htmlunit-core-js-2.9-javadoc.jar"/>
					</artifact>
					<artifact name="htmlunit-core-js" type="jar" ext="jar" status="no" details="" size="975187" time="0" location="/home/diego/.ivy2/cache/net.sourceforge.htmlunit/htmlunit-core-js/jars/htmlunit-core-js-2.9.jar">
						<origin-location is-local="false" location="http://repo1.maven.org/maven2/net/sourceforge/htmlunit/htmlunit-core-js/2.9/htmlunit-core-js-2.9.jar"/>
					</artifact>
				</artifacts>
			</revision>
		</module>
		<module organisation="org.apache.httpcomponents" name="httpmime">
			<revision name="4.1.2" status="release" pubdate="20110730000218" resolver="public" artresolver="public" homepage="http://hc.apache.org/httpcomponents-client" downloaded="false" searched="false" default="false" conf="default(compile), default, compile, runtime, master" position="85">
				<metadata-artifact status="no" details="" size="5302" time="0" location="/home/diego/.ivy2/cache/org.apache.httpcomponents/httpmime/ivy-4.1.2.xml" searched="false" origin-is-local="false" origin-location="http://repo1.maven.org/maven2/org/apache/httpcomponents/httpmime/4.1.2/httpmime-4.1.2.pom"/>
				<caller organisation="mproject" name="mproject$sources_javadoc_2.10" conf="test, compile, runtime" rev="4.1.2" rev-constraint-default="4.1.2" rev-constraint-dynamic="4.1.2" callerrev="1.0-SNAPSHOT"/>
				<artifacts>
					<artifact name="httpmime" type="src" ext="jar" extra-classifier="sources" status="no" details="" size="27061" time="0" location="/home/diego/.ivy2/cache/org.apache.httpcomponents/httpmime/srcs/httpmime-4.1.2-sources.jar">
						<origin-location is-local="false" location="http://repo1.maven.org/maven2/org/apache/httpcomponents/httpmime/4.1.2/httpmime-4.1.2-sources.jar"/>
					</artifact>
					<artifact name="httpmime" type="jar" ext="jar" status="no" details="" size="26890" time="0" location="/home/diego/.ivy2/cache/org.apache.httpcomponents/httpmime/jars/httpmime-4.1.2.jar">
						<origin-location is-local="false" location="http://repo1.maven.org/maven2/org/apache/httpcomponents/httpmime/4.1.2/httpmime-4.1.2.jar"/>
					</artifact>
				</artifacts>
			</revision>
		</module>
		<module organisation="commons-lang" name="commons-lang">
			<revision name="2.6" status="release" pubdate="20110116232147" resolver="public" artresolver="public" homepage="http://commons.apache.org/lang/" downloaded="false" searched="false" default="false" conf="default(compile), default, compile, runtime, master" position="84">
				<metadata-artifact status="no" details="" size="6390" time="0" location="/home/diego/.ivy2/cache/commons-lang/commons-lang/ivy-2.6.xml" searched="false" origin-is-local="false" origin-location="http://repo1.maven.org/maven2/commons-lang/commons-lang/2.6/commons-lang-2.6.pom"/>
				<caller organisation="mproject" name="mproject$sources_javadoc_2.10" conf="test, compile, runtime" rev="2.6" rev-constraint-default="2.6" rev-constraint-dynamic="2.6" callerrev="1.0-SNAPSHOT"/>
				<artifacts>
					<artifact name="commons-lang" type="doc" ext="jar" extra-classifier="javadoc" status="no" details="" size="1624033" time="0" location="/home/diego/.ivy2/cache/commons-lang/commons-lang/docs/commons-lang-2.6-javadoc.jar">
						<origin-location is-local="false" location="http://repo1.maven.org/maven2/commons-lang/commons-lang/2.6/commons-lang-2.6-javadoc.jar"/>
					</artifact>
					<artifact name="commons-lang" type="src" ext="jar" extra-classifier="sources" status="no" details="" size="372982" time="0" location="/home/diego/.ivy2/cache/commons-lang/commons-lang/srcs/commons-lang-2.6-sources.jar">
						<origin-location is-local="false" location="http://repo1.maven.org/maven2/commons-lang/commons-lang/2.6/commons-lang-2.6-sources.jar"/>
					</artifact>
					<artifact name="commons-lang" type="jar" ext="jar" status="no" details="" size="284220" time="0" location="/home/diego/.ivy2/cache/commons-lang/commons-lang/jars/commons-lang-2.6.jar">
						<origin-location is-local="false" location="http://repo1.maven.org/maven2/commons-lang/commons-lang/2.6/commons-lang-2.6.jar"/>
					</artifact>
				</artifacts>
			</revision>
		</module>
		<module organisation="commons-collections" name="commons-collections">
			<revision name="3.2.1" status="release" pubdate="20080414210924" resolver="sbt-chain" artresolver="sbt-chain" homepage="http://commons.apache.org/collections/" downloaded="false" searched="false" default="false" conf="default(compile), default, compile, runtime, master" position="83">
				<metadata-artifact status="no" details="" size="4574" time="0" location="/home/diego/.ivy2/cache/commons-collections/commons-collections/ivy-3.2.1.xml" searched="false" origin-is-local="false" origin-location="file:/home/diego/Downloads/development/activator-1.0.13/repository/commons-collections/commons-collections/3.2.1/ivys/ivy.xml"/>
				<caller organisation="mproject" name="mproject$sources_javadoc_2.10" conf="test, compile, runtime" rev="3.2.1" rev-constraint-default="3.2.1" rev-constraint-dynamic="3.2.1" callerrev="1.0-SNAPSHOT"/>
				<artifacts>
					<artifact name="commons-collections" type="src" ext="jar" extra-classifier="sources" status="no" details="" size="641582" time="0" location="/home/diego/.ivy2/cache/commons-collections/commons-collections/srcs/commons-collections-3.2.1-sources.jar">
						<origin-location is-local="false" location="http://repo1.maven.org/maven2/commons-collections/commons-collections/3.2.1/commons-collections-3.2.1-sources.jar"/>
					</artifact>
					<artifact name="commons-collections" type="jar" ext="jar" status="no" details="" size="575389" time="0" location="/home/diego/.ivy2/cache/commons-collections/commons-collections/jars/commons-collections-3.2.1.jar">
						<origin-location is-local="false" location="file:/home/diego/Downloads/development/activator-1.0.13/repository/commons-collections/commons-collections/3.2.1/jars/commons-collections.jar"/>
					</artifact>
					<artifact name="commons-collections" type="doc" ext="jar" extra-classifier="javadoc" status="no" details="" size="2028934" time="0" location="/home/diego/.ivy2/cache/commons-collections/commons-collections/docs/commons-collections-3.2.1-javadoc.jar">
						<origin-location is-local="false" location="http://repo1.maven.org/maven2/commons-collections/commons-collections/3.2.1/commons-collections-3.2.1-javadoc.jar"/>
					</artifact>
				</artifacts>
			</revision>
		</module>
		<module organisation="xalan" name="xalan">
			<revision name="2.7.1" status="release" pubdate="20080930040254" resolver="sbt-chain" artresolver="sbt-chain" homepage="http://xml.apache.org/xalan-j/" downloaded="false" searched="false" default="false" conf="default(compile), default, compile, runtime, master" position="81">
				<metadata-artifact status="no" details="" size="2915" time="0" location="/home/diego/.ivy2/cache/xalan/xalan/ivy-2.7.1.xml" searched="false" origin-is-local="false" origin-location="file:/home/diego/Downloads/development/activator-1.0.13/repository/xalan/xalan/2.7.1/ivys/ivy.xml"/>
				<caller organisation="mproject" name="mproject$sources_javadoc_2.10" conf="test, compile, runtime" rev="2.7.1" rev-constraint-default="2.7.1" rev-constraint-dynamic="2.7.1" callerrev="1.0-SNAPSHOT"/>
				<artifacts>
					<artifact name="xalan" type="jar" ext="jar" status="no" details="" size="3176148" time="0" location="/home/diego/.ivy2/cache/xalan/xalan/jars/xalan-2.7.1.jar">
						<origin-location is-local="false" location="file:/home/diego/Downloads/development/activator-1.0.13/repository/xalan/xalan/2.7.1/jars/xalan.jar"/>
					</artifact>
					<artifact name="xalan" type="src" ext="jar" extra-classifier="sources" status="no" details="" size="3423100" time="0" location="/home/diego/.ivy2/cache/xalan/xalan/srcs/xalan-2.7.1-sources.jar">
						<origin-location is-local="false" location="http://repo1.maven.org/maven2/xalan/xalan/2.7.1/xalan-2.7.1-sources.jar"/>
					</artifact>
				</artifacts>
			</revision>
		</module>
		<module organisation="org.seleniumhq.selenium" name="selenium-chrome-driver">
			<revision name="2.25.0" status="release" pubdate="20120718231914" resolver="public" artresolver="public" homepage="" downloaded="false" searched="false" default="false" conf="default(compile), default, compile, runtime, master" position="78">
				<metadata-artifact status="no" details="" size="5743" time="0" location="/home/diego/.ivy2/cache/org.seleniumhq.selenium/selenium-chrome-driver/ivy-2.25.0.xml" searched="false" origin-is-local="false" origin-location="http://repo1.maven.org/maven2/org/seleniumhq/selenium/selenium-chrome-driver/2.25.0/selenium-chrome-driver-2.25.0.pom"/>
				<caller organisation="mproject" name="mproject$sources_javadoc_2.10" conf="test, compile, runtime" rev="2.25.0" rev-constraint-default="2.25.0" rev-constraint-dynamic="2.25.0" callerrev="1.0-SNAPSHOT"/>
				<artifacts>
					<artifact name="selenium-chrome-driver" type="src" ext="jar" extra-classifier="sources" status="no" details="" size="9377" time="0" location="/home/diego/.ivy2/cache/org.seleniumhq.selenium/selenium-chrome-driver/srcs/selenium-chrome-driver-2.25.0-sources.jar">
						<origin-location is-local="false" location="http://repo1.maven.org/maven2/org/seleniumhq/selenium/selenium-chrome-driver/2.25.0/selenium-chrome-driver-2.25.0-sources.jar"/>
					</artifact>
					<artifact name="selenium-chrome-driver" type="doc" ext="jar" extra-classifier="javadoc" status="no" details="" size="49268" time="0" location="/home/diego/.ivy2/cache/org.seleniumhq.selenium/selenium-chrome-driver/docs/selenium-chrome-driver-2.25.0-javadoc.jar">
						<origin-location is-local="false" location="http://repo1.maven.org/maven2/org/seleniumhq/selenium/selenium-chrome-driver/2.25.0/selenium-chrome-driver-2.25.0-javadoc.jar"/>
					</artifact>
					<artifact name="selenium-chrome-driver" type="jar" ext="jar" status="no" details="" size="11094" time="0" location="/home/diego/.ivy2/cache/org.seleniumhq.selenium/selenium-chrome-driver/jars/selenium-chrome-driver-2.25.0.jar">
						<origin-location is-local="false" location="http://repo1.maven.org/maven2/org/seleniumhq/selenium/selenium-chrome-driver/2.25.0/selenium-chrome-driver-2.25.0.jar"/>
					</artifact>
				</artifacts>
			</revision>
		</module>
		<module organisation="org.seleniumhq.selenium" name="selenium-android-driver">
			<revision name="2.25.0" status="release" pubdate="20120718231905" resolver="public" artresolver="public" homepage="" downloaded="false" searched="false" default="false" conf="default(compile), default, compile, runtime, master" position="67">
				<metadata-artifact status="no" details="" size="5889" time="0" location="/home/diego/.ivy2/cache/org.seleniumhq.selenium/selenium-android-driver/ivy-2.25.0.xml" searched="false" origin-is-local="false" origin-location="http://repo1.maven.org/maven2/org/seleniumhq/selenium/selenium-android-driver/2.25.0/selenium-android-driver-2.25.0.pom"/>
				<caller organisation="mproject" name="mproject$sources_javadoc_2.10" conf="test, compile, runtime" rev="2.25.0" rev-constraint-default="2.25.0" rev-constraint-dynamic="2.25.0" callerrev="1.0-SNAPSHOT"/>
				<artifacts>
					<artifact name="selenium-android-driver" type="src" ext="jar" extra-classifier="sources" status="no" details="" size="280774" time="0" location="/home/diego/.ivy2/cache/org.seleniumhq.selenium/selenium-android-driver/srcs/selenium-android-driver-2.25.0-sources.jar">
						<origin-location is-local="false" location="http://repo1.maven.org/maven2/org/seleniumhq/selenium/selenium-android-driver/2.25.0/selenium-android-driver-2.25.0-sources.jar"/>
					</artifact>
					<artifact name="selenium-android-driver" type="doc" ext="jar" extra-classifier="javadoc" status="no" details="" size="125159" time="0" location="/home/diego/.ivy2/cache/org.seleniumhq.selenium/selenium-android-driver/docs/selenium-android-driver-2.25.0-javadoc.jar">
						<origin-location is-local="false" location="http://repo1.maven.org/maven2/org/seleniumhq/selenium/selenium-android-driver/2.25.0/selenium-android-driver-2.25.0-javadoc.jar"/>
					</artifact>
					<artifact name="selenium-android-driver" type="jar" ext="jar" status="no" details="" size="300963" time="0" location="/home/diego/.ivy2/cache/org.seleniumhq.selenium/selenium-android-driver/jars/selenium-android-driver-2.25.0.jar">
						<origin-location is-local="false" location="http://repo1.maven.org/maven2/org/seleniumhq/selenium/selenium-android-driver/2.25.0/selenium-android-driver-2.25.0.jar"/>
					</artifact>
				</artifacts>
			</revision>
		</module>
		<module organisation="org.seleniumhq.selenium" name="selenium-remote-driver">
			<revision name="2.25.0" status="release" pubdate="20120718231852" resolver="public" artresolver="public" homepage="" downloaded="false" searched="false" default="false" conf="default(compile), default, compile, runtime, master" position="68">
				<metadata-artifact status="no" details="" size="6681" time="0" location="/home/diego/.ivy2/cache/org.seleniumhq.selenium/selenium-remote-driver/ivy-2.25.0.xml" searched="false" origin-is-local="false" origin-location="http://repo1.maven.org/maven2/org/seleniumhq/selenium/selenium-remote-driver/2.25.0/selenium-remote-driver-2.25.0.pom"/>
				<caller organisation="mproject" name="mproject$sources_javadoc_2.10" conf="test, compile, runtime" rev="2.25.0" rev-constraint-default="2.25.0" rev-constraint-dynamic="2.25.0" callerrev="1.0-SNAPSHOT"/>
				<artifacts>
					<artifact name="selenium-remote-driver" type="src" ext="jar" extra-classifier="sources" status="no" details="" size="145368" time="0" location="/home/diego/.ivy2/cache/org.seleniumhq.selenium/selenium-remote-driver/srcs/selenium-remote-driver-2.25.0-sources.jar">
						<origin-location is-local="false" location="http://repo1.maven.org/maven2/org/seleniumhq/selenium/selenium-remote-driver/2.25.0/selenium-remote-driver-2.25.0-sources.jar"/>
					</artifact>
					<artifact name="selenium-remote-driver" type="jar" ext="jar" status="no" details="" size="235410" time="0" location="/home/diego/.ivy2/cache/org.seleniumhq.selenium/selenium-remote-driver/jars/selenium-remote-driver-2.25.0.jar">
						<origin-location is-local="false" location="http://repo1.maven.org/maven2/org/seleniumhq/selenium/selenium-remote-driver/2.25.0/selenium-remote-driver-2.25.0.jar"/>
					</artifact>
					<artifact name="selenium-remote-driver" type="doc" ext="jar" extra-classifier="javadoc" status="no" details="" size="580568" time="0" location="/home/diego/.ivy2/cache/org.seleniumhq.selenium/selenium-remote-driver/docs/selenium-remote-driver-2.25.0-javadoc.jar">
						<origin-location is-local="false" location="http://repo1.maven.org/maven2/org/seleniumhq/selenium/selenium-remote-driver/2.25.0/selenium-remote-driver-2.25.0-javadoc.jar"/>
					</artifact>
				</artifacts>
			</revision>
		</module>
		<module organisation="net.java.dev.jna" name="platform">
			<revision name="3.4.0" status="release" pubdate="20111221172302" resolver="sbt-chain" artresolver="sbt-chain" homepage="https://github.com/twall/jna" downloaded="false" searched="false" default="false" conf="default(compile), default, compile, runtime, master" position="77">
				<license name="LGPL, version 2.1" url="http://creativecommons.org/licenses/LGPL/2.1/"/>
				<metadata-artifact status="no" details="" size="2458" time="0" location="/home/diego/.ivy2/cache/net.java.dev.jna/platform/ivy-3.4.0.xml" searched="false" origin-is-local="false" origin-location="file:/home/diego/Downloads/development/activator-1.0.13/repository/net.java.dev.jna/platform/3.4.0/ivys/ivy.xml"/>
				<caller organisation="mproject" name="mproject$sources_javadoc_2.10" conf="test, compile, runtime" rev="3.4.0" rev-constraint-default="3.4.0" rev-constraint-dynamic="3.4.0" callerrev="1.0-SNAPSHOT"/>
				<artifacts>
					<artifact name="platform" type="jar" ext="jar" status="no" details="" size="913436" time="0" location="/home/diego/.ivy2/cache/net.java.dev.jna/platform/jars/platform-3.4.0.jar">
						<origin-location is-local="false" location="file:/home/diego/Downloads/development/activator-1.0.13/repository/net.java.dev.jna/platform/3.4.0/jars/platform.jar"/>
					</artifact>
					<artifact name="platform" type="src" ext="jar" extra-classifier="sources" status="no" details="" size="581634" time="0" location="/home/diego/.ivy2/cache/net.java.dev.jna/platform/srcs/platform-3.4.0-sources.jar">
						<origin-location is-local="false" location="http://repo1.maven.org/maven2/net/java/dev/jna/platform/3.4.0/platform-3.4.0-sources.jar"/>
					</artifact>
					<artifact name="platform" type="doc" ext="jar" extra-classifier="javadoc" status="no" details="" size="2247966" time="0" location="/home/diego/.ivy2/cache/net.java.dev.jna/platform/docs/platform-3.4.0-javadoc.jar">
						<origin-location is-local="false" location="http://repo1.maven.org/maven2/net/java/dev/jna/platform/3.4.0/platform-3.4.0-javadoc.jar"/>
					</artifact>
				</artifacts>
			</revision>
		</module>
		<module organisation="net.java.dev.jna" name="jna">
			<revision name="3.4.0" status="release" pubdate="20111221172220" resolver="sbt-chain" artresolver="sbt-chain" homepage="https://github.com/twall/jna" downloaded="false" searched="false" default="false" conf="default(compile), default, compile, runtime, master" position="76">
				<license name="LGPL, version 2.1" url="http://creativecommons.org/licenses/LGPL/2.1/"/>
				<metadata-artifact status="no" details="" size="2439" time="0" location="/home/diego/.ivy2/cache/net.java.dev.jna/jna/ivy-3.4.0.xml" searched="false" origin-is-local="false" origin-location="file:/home/diego/Downloads/development/activator-1.0.13/repository/net.java.dev.jna/jna/3.4.0/ivys/ivy.xml"/>
				<caller organisation="mproject" name="mproject$sources_javadoc_2.10" conf="test, compile, runtime" rev="3.4.0" rev-constraint-default="3.4.0" rev-constraint-dynamic="3.4.0" callerrev="1.0-SNAPSHOT"/>
				<artifacts>
					<artifact name="jna" type="jar" ext="jar" status="no" details="" size="1008730" time="0" location="/home/diego/.ivy2/cache/net.java.dev.jna/jna/jars/jna-3.4.0.jar">
						<origin-location is-local="false" location="file:/home/diego/Downloads/development/activator-1.0.13/repository/net.java.dev.jna/jna/3.4.0/jars/jna.jar"/>
					</artifact>
					<artifact name="jna" type="src" ext="jar" extra-classifier="sources" status="no" details="" size="581634" time="0" location="/home/diego/.ivy2/cache/net.java.dev.jna/jna/srcs/jna-3.4.0-sources.jar">
						<origin-location is-local="false" location="http://repo1.maven.org/maven2/net/java/dev/jna/jna/3.4.0/jna-3.4.0-sources.jar"/>
					</artifact>
					<artifact name="jna" type="doc" ext="jar" extra-classifier="javadoc" status="no" details="" size="2247966" time="0" location="/home/diego/.ivy2/cache/net.java.dev.jna/jna/docs/jna-3.4.0-javadoc.jar">
						<origin-location is-local="false" location="http://repo1.maven.org/maven2/net/java/dev/jna/jna/3.4.0/jna-3.4.0-javadoc.jar"/>
					</artifact>
				</artifacts>
			</revision>
		</module>
		<module organisation="org.apache.commons" name="commons-exec">
			<revision name="1.1" status="release" pubdate="20101019171142" resolver="sbt-chain" artresolver="sbt-chain" homepage="http://commons.apache.org/exec/" downloaded="false" searched="false" default="false" conf="default(compile), default, compile, runtime, master" position="75">
				<metadata-artifact status="no" details="" size="6038" time="0" location="/home/diego/.ivy2/cache/org.apache.commons/commons-exec/ivy-1.1.xml" searched="false" origin-is-local="false" origin-location="file:/home/diego/Downloads/development/activator-1.0.13/repository/org.apache.commons/commons-exec/1.1/ivys/ivy.xml"/>
				<caller organisation="mproject" name="mproject$sources_javadoc_2.10" conf="test, compile, runtime" rev="1.1" rev-constraint-default="1.1" rev-constraint-dynamic="1.1" callerrev="1.0-SNAPSHOT"/>
				<artifacts>
					<artifact name="commons-exec" type="jar" ext="jar" status="no" details="" size="52543" time="0" location="/home/diego/.ivy2/cache/org.apache.commons/commons-exec/jars/commons-exec-1.1.jar">
						<origin-location is-local="false" location="file:/home/diego/Downloads/development/activator-1.0.13/repository/org.apache.commons/commons-exec/1.1/jars/commons-exec.jar"/>
					</artifact>
					<artifact name="commons-exec" type="src" ext="jar" extra-classifier="sources" status="no" details="" size="57002" time="0" location="/home/diego/.ivy2/cache/org.apache.commons/commons-exec/srcs/commons-exec-1.1-sources.jar">
						<origin-location is-local="false" location="http://repo1.maven.org/maven2/org/apache/commons/commons-exec/1.1/commons-exec-1.1-sources.jar"/>
					</artifact>
					<artifact name="commons-exec" type="doc" ext="jar" extra-classifier="javadoc" status="no" details="" size="300507" time="0" location="/home/diego/.ivy2/cache/org.apache.commons/commons-exec/docs/commons-exec-1.1-javadoc.jar">
						<origin-location is-local="false" location="http://repo1.maven.org/maven2/org/apache/commons/commons-exec/1.1/commons-exec-1.1-javadoc.jar"/>
					</artifact>
				</artifacts>
			</revision>
		</module>
		<module organisation="org.apache.httpcomponents" name="httpclient">
			<revision name="4.1.2" status="release" pubdate="20110730000203" resolver="public" artresolver="public" homepage="http://hc.apache.org/httpcomponents-client" downloaded="false" searched="false" default="false" conf="default(compile), default, compile, runtime, master" position="72">
				<metadata-artifact status="no" details="" size="5573" time="0" location="/home/diego/.ivy2/cache/org.apache.httpcomponents/httpclient/ivy-4.1.2.xml" searched="false" origin-is-local="false" origin-location="http://repo1.maven.org/maven2/org/apache/httpcomponents/httpclient/4.1.2/httpclient-4.1.2.pom"/>
				<caller organisation="mproject" name="mproject$sources_javadoc_2.10" conf="test, compile, runtime" rev="4.1.2" rev-constraint-default="4.1.2" rev-constraint-dynamic="4.1.2" callerrev="1.0-SNAPSHOT"/>
				<artifacts>
					<artifact name="httpclient" type="src" ext="jar" extra-classifier="sources" status="no" details="" size="451595" time="0" location="/home/diego/.ivy2/cache/org.apache.httpcomponents/httpclient/srcs/httpclient-4.1.2-sources.jar">
						<origin-location is-local="false" location="http://repo1.maven.org/maven2/org/apache/httpcomponents/httpclient/4.1.2/httpclient-4.1.2-sources.jar"/>
					</artifact>
					<artifact name="httpclient" type="jar" ext="jar" status="no" details="" size="352254" time="0" location="/home/diego/.ivy2/cache/org.apache.httpcomponents/httpclient/jars/httpclient-4.1.2.jar">
						<origin-location is-local="false" location="http://repo1.maven.org/maven2/org/apache/httpcomponents/httpclient/4.1.2/httpclient-4.1.2.jar"/>
					</artifact>
				</artifacts>
			</revision>
			<revision name="4.0.1" status="release" pubdate="20091209142018" resolver="sbt-chain" artresolver="sbt-chain" evicted="latest-revision" evicted-reason="" homepage="http://hc.apache.org/httpcomponents-client" downloaded="false" searched="false" default="false" conf="default(compile), default, compile, runtime, master" position="-1">
				<license name="Apache License" url="../LICENSE.txt"/>
				<metadata-artifact status="no" details="" size="5017" time="0" location="/home/diego/.ivy2/cache/org.apache.httpcomponents/httpclient/ivy-4.0.1.xml" searched="false" origin-is-local="false" origin-location="file:/home/diego/Downloads/development/activator-1.0.13/repository/org.apache.httpcomponents/httpclient/4.0.1/ivys/ivy.xml"/>
				<evicted-by rev="4.1.2"/>
				<caller organisation="mproject" name="mproject$sources_javadoc_2.10" conf="test, compile, runtime" rev="4.0.1" rev-constraint-default="4.0.1" rev-constraint-dynamic="4.0.1" callerrev="1.0-SNAPSHOT"/>
				<artifacts>
				</artifacts>
			</revision>
		</module>
		<module organisation="org.seleniumhq.selenium" name="selenium-api">
			<revision name="2.25.0" status="release" pubdate="20120718231837" resolver="public" artresolver="public" homepage="" downloaded="false" searched="false" default="false" conf="default(compile), default, compile, runtime, master" position="71">
				<metadata-artifact status="no" details="" size="5854" time="0" location="/home/diego/.ivy2/cache/org.seleniumhq.selenium/selenium-api/ivy-2.25.0.xml" searched="false" origin-is-local="false" origin-location="http://repo1.maven.org/maven2/org/seleniumhq/selenium/selenium-api/2.25.0/selenium-api-2.25.0.pom"/>
				<caller organisation="mproject" name="mproject$sources_javadoc_2.10" conf="test, compile, runtime" rev="2.25.0" rev-constraint-default="2.25.0" rev-constraint-dynamic="2.25.0" callerrev="1.0-SNAPSHOT"/>
				<artifacts>
					<artifact name="selenium-api" type="doc" ext="jar" extra-classifier="javadoc" status="no" details="" size="804823" time="0" location="/home/diego/.ivy2/cache/org.seleniumhq.selenium/selenium-api/docs/selenium-api-2.25.0-javadoc.jar">
						<origin-location is-local="false" location="http://repo1.maven.org/maven2/org/seleniumhq/selenium/selenium-api/2.25.0/selenium-api-2.25.0-javadoc.jar"/>
					</artifact>
					<artifact name="selenium-api" type="jar" ext="jar" status="no" details="" size="129123" time="0" location="/home/diego/.ivy2/cache/org.seleniumhq.selenium/selenium-api/jars/selenium-api-2.25.0.jar">
						<origin-location is-local="false" location="http://repo1.maven.org/maven2/org/seleniumhq/selenium/selenium-api/2.25.0/selenium-api-2.25.0.jar"/>
					</artifact>
					<artifact name="selenium-api" type="src" ext="jar" extra-classifier="sources" status="no" details="" size="147344" time="0" location="/home/diego/.ivy2/cache/org.seleniumhq.selenium/selenium-api/srcs/selenium-api-2.25.0-sources.jar">
						<origin-location is-local="false" location="http://repo1.maven.org/maven2/org/seleniumhq/selenium/selenium-api/2.25.0/selenium-api-2.25.0-sources.jar"/>
					</artifact>
				</artifacts>
			</revision>
		</module>
		<module organisation="org.json" name="json">
			<revision name="20080701" status="release" pubdate="20080720144729" resolver="sbt-chain" artresolver="sbt-chain" homepage="http://www.json.org/java/index.html" downloaded="false" searched="false" default="false" conf="default(compile), default, compile, runtime, master" position="70">
				<license name="provided without support or warranty" url="http://www.json.org/license.html"/>
				<metadata-artifact status="no" details="" size="2968" time="0" location="/home/diego/.ivy2/cache/org.json/json/ivy-20080701.xml" searched="false" origin-is-local="false" origin-location="file:/home/diego/Downloads/development/activator-1.0.13/repository/org.json/json/20080701/ivys/ivy.xml"/>
				<caller organisation="mproject" name="mproject$sources_javadoc_2.10" conf="test, compile, runtime" rev="20080701" rev-constraint-default="20080701" rev-constraint-dynamic="20080701" callerrev="1.0-SNAPSHOT"/>
				<artifacts>
					<artifact name="json" type="jar" ext="jar" status="no" details="" size="37875" time="0" location="/home/diego/.ivy2/cache/org.json/json/jars/json-20080701.jar">
						<origin-location is-local="false" location="file:/home/diego/Downloads/development/activator-1.0.13/repository/org.json/json/20080701/jars/json.jar"/>
					</artifact>
					<artifact name="json" type="doc" ext="jar" extra-classifier="javadoc" status="no" details="" size="112369" time="0" location="/home/diego/.ivy2/cache/org.json/json/docs/json-20080701-javadoc.jar">
						<origin-location is-local="false" location="http://repo1.maven.org/maven2/org/json/json/20080701/json-20080701-javadoc.jar"/>
					</artifact>
					<artifact name="json" type="src" ext="jar" extra-classifier="sources" status="no" details="" size="44792" time="0" location="/home/diego/.ivy2/cache/org.json/json/srcs/json-20080701-sources.jar">
						<origin-location is-local="false" location="http://repo1.maven.org/maven2/org/json/json/20080701/json-20080701-sources.jar"/>
					</artifact>
				</artifacts>
			</revision>
		</module>
		<module organisation="cglib" name="cglib-nodep">
			<revision name="2.1_3" status="release" pubdate="20051108171406" resolver="sbt-chain" artresolver="sbt-chain" homepage="http://cglib.sourceforge.net/" downloaded="false" searched="false" default="false" conf="default(compile), default, compile, runtime, master" position="69">
				<metadata-artifact status="no" details="" size="2206" time="0" location="/home/diego/.ivy2/cache/cglib/cglib-nodep/ivy-2.1_3.xml" searched="false" origin-is-local="false" origin-location="file:/home/diego/Downloads/development/activator-1.0.13/repository/cglib/cglib-nodep/2.1_3/ivys/ivy.xml"/>
				<caller organisation="mproject" name="mproject$sources_javadoc_2.10" conf="test, compile, runtime" rev="2.1_3" rev-constraint-default="2.1_3" rev-constraint-dynamic="2.1_3" callerrev="1.0-SNAPSHOT"/>
				<artifacts>
					<artifact name="cglib-nodep" type="src" ext="jar" extra-classifier="sources" status="no" details="" size="170483" time="0" location="/home/diego/.ivy2/cache/cglib/cglib-nodep/srcs/cglib-nodep-2.1_3-sources.jar">
						<origin-location is-local="false" location="http://repo1.maven.org/maven2/cglib/cglib-nodep/2.1_3/cglib-nodep-2.1_3-sources.jar"/>
					</artifact>
					<artifact name="cglib-nodep" type="jar" ext="jar" status="no" details="" size="324238" time="0" location="/home/diego/.ivy2/cache/cglib/cglib-nodep/jars/cglib-nodep-2.1_3.jar">
						<origin-location is-local="false" location="file:/home/diego/Downloads/development/activator-1.0.13/repository/cglib/cglib-nodep/2.1_3/jars/cglib-nodep.jar"/>
					</artifact>
				</artifacts>
			</revision>
		</module>
		<module organisation="com.novocode" name="junit-interface">
			<revision name="0.9" status="release" pubdate="20120911150750" resolver="public" artresolver="public" homepage="http://github.com/szeiger/junit-interface/" downloaded="false" searched="false" default="false" conf="default(compile), default, compile, runtime, master" position="63">
				<license name="Two-clause BSD-style license" url="http://github.com/szeiger/junit-interface/blob/master/LICENSE.txt"/>
				<metadata-artifact status="no" details="" size="2749" time="0" location="/home/diego/.ivy2/cache/com.novocode/junit-interface/ivy-0.9.xml" searched="false" origin-is-local="false" origin-location="http://repo1.maven.org/maven2/com/novocode/junit-interface/0.9/junit-interface-0.9.pom"/>
				<caller organisation="mproject" name="mproject$sources_javadoc_2.10" conf="test, compile, runtime" rev="0.9" rev-constraint-default="0.9" rev-constraint-dynamic="0.9" callerrev="1.0-SNAPSHOT"/>
				<artifacts>
					<artifact name="junit-interface" type="jar" ext="jar" status="no" details="" size="19314" time="0" location="/home/diego/.ivy2/cache/com.novocode/junit-interface/jars/junit-interface-0.9.jar">
						<origin-location is-local="false" location="http://repo1.maven.org/maven2/com/novocode/junit-interface/0.9/junit-interface-0.9.jar"/>
					</artifact>
					<artifact name="junit-interface" type="doc" ext="jar" extra-classifier="javadoc" status="no" details="" size="46834" time="0" location="/home/diego/.ivy2/cache/com.novocode/junit-interface/docs/junit-interface-0.9-javadoc.jar">
						<origin-location is-local="false" location="http://repo1.maven.org/maven2/com/novocode/junit-interface/0.9/junit-interface-0.9-javadoc.jar"/>
					</artifact>
					<artifact name="junit-interface" type="src" ext="jar" extra-classifier="sources" status="no" details="" size="10397" time="0" location="/home/diego/.ivy2/cache/com.novocode/junit-interface/srcs/junit-interface-0.9-sources.jar">
						<origin-location is-local="false" location="http://repo1.maven.org/maven2/com/novocode/junit-interface/0.9/junit-interface-0.9-sources.jar"/>
					</artifact>
				</artifacts>
			</revision>
		</module>
		<module organisation="io.netty" name="netty">
			<revision name="3.6.3.Final" status="release" pubdate="20130221145442" resolver="sbt-chain" artresolver="sbt-chain" homepage="http://netty.io/" downloaded="false" searched="false" default="false" conf="default(compile), default, compile, runtime, master" position="49">
				<license name="Apache License, Version 2.0" url="http://www.apache.org/licenses/LICENSE-2.0"/>
				<metadata-artifact status="no" details="" size="6425" time="0" location="/home/diego/.ivy2/cache/io.netty/netty/ivy-3.6.3.Final.xml" searched="false" origin-is-local="false" origin-location="http://repo1.maven.org/maven2/io/netty/netty/3.6.3.Final/netty-3.6.3.Final.pom"/>
				<caller organisation="mproject" name="mproject$sources_javadoc_2.10" conf="test, compile, runtime" rev="3.6.3.Final" rev-constraint-default="3.6.3.Final" rev-constraint-dynamic="3.6.3.Final" callerrev="1.0-SNAPSHOT"/>
				<artifacts>
					<artifact name="netty" type="doc" ext="jar" extra-classifier="javadoc" status="no" details="" size="10797934" time="0" location="/home/diego/.ivy2/cache/io.netty/netty/docs/netty-3.6.3.Final-javadoc.jar">
						<origin-location is-local="false" location="http://repo1.maven.org/maven2/io/netty/netty/3.6.3.Final/netty-3.6.3.Final-javadoc.jar"/>
					</artifact>
					<artifact name="netty" type="src" ext="jar" extra-classifier="sources" status="no" details="" size="1062263" time="0" location="/home/diego/.ivy2/cache/io.netty/netty/srcs/netty-3.6.3.Final-sources.jar">
						<origin-location is-local="false" location="http://repo1.maven.org/maven2/io/netty/netty/3.6.3.Final/netty-3.6.3.Final-sources.jar"/>
					</artifact>
					<artifact name="netty" type="jar" ext="jar" status="no" details="" size="1202373" time="0" location="/home/diego/.ivy2/cache/io.netty/netty/jars/netty-3.6.3.Final.jar">
						<origin-location is-local="false" location="http://repo1.maven.org/maven2/io/netty/netty/3.6.3.Final/netty-3.6.3.Final.jar"/>
					</artifact>
				</artifacts>
			</revision>
		</module>
		<module organisation="play" name="play-iteratees_2.10">
			<revision name="2.1.1" status="release" pubdate="20130506134639" resolver="Typesafe Releases Repository" artresolver="Typesafe Releases Repository" homepage="" downloaded="false" searched="false" default="false" conf="default(compile), default, compile, runtime, master" position="48">
				<metadata-artifact status="no" details="" size="2809" time="0" location="/home/diego/.ivy2/cache/play/play-iteratees_2.10/ivy-2.1.1.xml" searched="false" origin-is-local="false" origin-location="http://repo.typesafe.com/typesafe/releases/play/play-iteratees_2.10/2.1.1/play-iteratees_2.10-2.1.1.pom"/>
				<caller organisation="mproject" name="mproject$sources_javadoc_2.10" conf="test, compile, runtime" rev="2.1.1" rev-constraint-default="2.1.1" rev-constraint-dynamic="2.1.1" callerrev="1.0-SNAPSHOT"/>
				<artifacts>
					<artifact name="play-iteratees_2.10" type="src" ext="jar" extra-classifier="sources" status="no" details="" size="23862" time="0" location="/home/diego/.ivy2/cache/play/play-iteratees_2.10/srcs/play-iteratees_2.10-2.1.1-sources.jar">
						<origin-location is-local="false" location="http://repo.typesafe.com/typesafe/releases/play/play-iteratees_2.10/2.1.1/play-iteratees_2.10-2.1.1-sources.jar"/>
					</artifact>
					<artifact name="play-iteratees_2.10" type="jar" ext="jar" status="no" details="" size="642753" time="0" location="/home/diego/.ivy2/cache/play/play-iteratees_2.10/jars/play-iteratees_2.10-2.1.1.jar">
						<origin-location is-local="false" location="http://repo.typesafe.com/typesafe/releases/play/play-iteratees_2.10/2.1.1/play-iteratees_2.10-2.1.1.jar"/>
					</artifact>
				</artifacts>
			</revision>
		</module>
		<module organisation="play" name="templates_2.10">
			<revision name="2.1.1" status="release" pubdate="20130506134638" resolver="Typesafe Releases Repository" artresolver="Typesafe Releases Repository" homepage="" downloaded="false" searched="false" default="false" conf="default(compile), default, compile, runtime, master" position="47">
				<metadata-artifact status="no" details="" size="2523" time="0" location="/home/diego/.ivy2/cache/play/templates_2.10/ivy-2.1.1.xml" searched="false" origin-is-local="false" origin-location="http://repo.typesafe.com/typesafe/releases/play/templates_2.10/2.1.1/templates_2.10-2.1.1.pom"/>
				<caller organisation="mproject" name="mproject$sources_javadoc_2.10" conf="test, compile, runtime" rev="2.1.1" rev-constraint-default="2.1.1" rev-constraint-dynamic="2.1.1" callerrev="1.0-SNAPSHOT"/>
				<artifacts>
					<artifact name="templates_2.10" type="jar" ext="jar" status="no" details="" size="38326" time="0" location="/home/diego/.ivy2/cache/play/templates_2.10/jars/templates_2.10-2.1.1.jar">
						<origin-location is-local="false" location="http://repo.typesafe.com/typesafe/releases/play/templates_2.10/2.1.1/templates_2.10-2.1.1.jar"/>
					</artifact>
					<artifact name="templates_2.10" type="src" ext="jar" extra-classifier="sources" status="no" details="" size="1929" time="0" location="/home/diego/.ivy2/cache/play/templates_2.10/srcs/templates_2.10-2.1.1-sources.jar">
						<origin-location is-local="false" location="http://repo.typesafe.com/typesafe/releases/play/templates_2.10/2.1.1/templates_2.10-2.1.1-sources.jar"/>
					</artifact>
				</artifacts>
			</revision>
		</module>
		<module organisation="play" name="play-exceptions">
			<revision name="2.1.1" status="release" pubdate="20130506133557" resolver="Typesafe Releases Repository" artresolver="Typesafe Releases Repository" homepage="" downloaded="false" searched="false" default="false" conf="default(compile), default, compile, runtime, master" position="46">
				<metadata-artifact status="no" details="" size="2228" time="0" location="/home/diego/.ivy2/cache/play/play-exceptions/ivy-2.1.1.xml" searched="false" origin-is-local="false" origin-location="http://repo.typesafe.com/typesafe/releases/play/play-exceptions/2.1.1/play-exceptions-2.1.1.pom"/>
				<caller organisation="mproject" name="mproject$sources_javadoc_2.10" conf="test, compile, runtime" rev="2.1.1" rev-constraint-default="2.1.1" rev-constraint-dynamic="2.1.1" callerrev="1.0-SNAPSHOT"/>
				<artifacts>
					<artifact name="play-exceptions" type="src" ext="jar" extra-classifier="sources" status="no" details="" size="2135" time="0" location="/home/diego/.ivy2/cache/play/play-exceptions/srcs/play-exceptions-2.1.1-sources.jar">
						<origin-location is-local="false" location="http://repo.typesafe.com/typesafe/releases/play/play-exceptions/2.1.1/play-exceptions-2.1.1-sources.jar"/>
					</artifact>
					<artifact name="play-exceptions" type="jar" ext="jar" status="no" details="" size="4558" time="0" location="/home/diego/.ivy2/cache/play/play-exceptions/jars/play-exceptions-2.1.1.jar">
						<origin-location is-local="false" location="http://repo.typesafe.com/typesafe/releases/play/play-exceptions/2.1.1/play-exceptions-2.1.1.jar"/>
					</artifact>
				</artifacts>
			</revision>
		</module>
		<module organisation="play" name="sbt-link">
			<revision name="2.1.1" status="release" pubdate="20130506133554" resolver="Typesafe Releases Repository" artresolver="Typesafe Releases Repository" homepage="" downloaded="false" searched="false" default="false" conf="default(compile), default, compile, runtime, master" position="45">
				<metadata-artifact status="no" details="" size="2379" time="0" location="/home/diego/.ivy2/cache/play/sbt-link/ivy-2.1.1.xml" searched="false" origin-is-local="false" origin-location="http://repo.typesafe.com/typesafe/releases/play/sbt-link/2.1.1/sbt-link-2.1.1.pom"/>
				<caller organisation="mproject" name="mproject$sources_javadoc_2.10" conf="test, compile, runtime" rev="2.1.1" rev-constraint-default="2.1.1" rev-constraint-dynamic="2.1.1" callerrev="1.0-SNAPSHOT"/>
				<artifacts>
					<artifact name="sbt-link" type="src" ext="jar" extra-classifier="sources" status="no" details="" size="3959" time="0" location="/home/diego/.ivy2/cache/play/sbt-link/srcs/sbt-link-2.1.1-sources.jar">
						<origin-location is-local="false" location="http://repo.typesafe.com/typesafe/releases/play/sbt-link/2.1.1/sbt-link-2.1.1-sources.jar"/>
					</artifact>
					<artifact name="sbt-link" type="jar" ext="jar" status="no" details="" size="8480" time="0" location="/home/diego/.ivy2/cache/play/sbt-link/jars/sbt-link-2.1.1.jar">
						<origin-location is-local="false" location="http://repo.typesafe.com/typesafe/releases/play/sbt-link/2.1.1/sbt-link-2.1.1.jar"/>
					</artifact>
				</artifacts>
			</revision>
		</module>
		<module organisation="play" name="play-java-jdbc_2.10">
			<revision name="2.1.0" status="release" pubdate="20130506140405" resolver="Typesafe Releases Repository" artresolver="Typesafe Releases Repository" homepage="" downloaded="false" searched="false" default="false" conf="default(compile), default, compile, runtime, master" position="27">
				<metadata-artifact status="no" details="" size="2540" time="0" location="/home/diego/.ivy2/cache/play/play-java-jdbc_2.10/ivy-2.1.0.xml" searched="false" origin-is-local="false" origin-location="http://repo.typesafe.com/typesafe/releases/play/play-java-jdbc_2.10/2.1.0/play-java-jdbc_2.10-2.1.0.pom"/>
				<caller organisation="mproject" name="mproject$sources_javadoc_2.10" conf="test, compile, runtime" rev="2.1.0" rev-constraint-default="2.1.0" rev-constraint-dynamic="2.1.0" callerrev="1.0-SNAPSHOT"/>
				<artifacts>
					<artifact name="play-java-jdbc_2.10" type="src" ext="jar" extra-classifier="sources" status="no" details="" size="1235" time="0" location="/home/diego/.ivy2/cache/play/play-java-jdbc_2.10/srcs/play-java-jdbc_2.10-2.1.0-sources.jar">
						<origin-location is-local="false" location="http://repo.typesafe.com/typesafe/releases/play/play-java-jdbc_2.10/2.1.0/play-java-jdbc_2.10-2.1.0-sources.jar"/>
					</artifact>
					<artifact name="play-java-jdbc_2.10" type="jar" ext="jar" status="no" details="" size="1125" time="0" location="/home/diego/.ivy2/cache/play/play-java-jdbc_2.10/jars/play-java-jdbc_2.10-2.1.0.jar">
						<origin-location is-local="false" location="http://repo.typesafe.com/typesafe/releases/play/play-java-jdbc_2.10/2.1.0/play-java-jdbc_2.10-2.1.0.jar"/>
					</artifact>
				</artifacts>
			</revision>
		</module>
		<module organisation="play" name="play-jdbc_2.10">
			<revision name="2.1.0" status="release" pubdate="20130506133927" resolver="Typesafe Releases Repository" artresolver="Typesafe Releases Repository" homepage="" downloaded="false" searched="false" default="false" conf="default(compile), default, compile, runtime, master" position="28">
				<metadata-artifact status="no" details="" size="3101" time="0" location="/home/diego/.ivy2/cache/play/play-jdbc_2.10/ivy-2.1.0.xml" searched="false" origin-is-local="false" origin-location="http://repo.typesafe.com/typesafe/releases/play/play-jdbc_2.10/2.1.0/play-jdbc_2.10-2.1.0.pom"/>
				<caller organisation="mproject" name="mproject$sources_javadoc_2.10" conf="test, compile, runtime" rev="2.1.0" rev-constraint-default="2.1.0" rev-constraint-dynamic="2.1.0" callerrev="1.0-SNAPSHOT"/>
				<artifacts>
					<artifact name="play-jdbc_2.10" type="jar" ext="jar" status="no" details="" size="204973" time="0" location="/home/diego/.ivy2/cache/play/play-jdbc_2.10/jars/play-jdbc_2.10-2.1.0.jar">
						<origin-location is-local="false" location="http://repo.typesafe.com/typesafe/releases/play/play-jdbc_2.10/2.1.0/play-jdbc_2.10-2.1.0.jar"/>
					</artifact>
					<artifact name="play-jdbc_2.10" type="src" ext="jar" extra-classifier="sources" status="no" details="" size="11647" time="0" location="/home/diego/.ivy2/cache/play/play-jdbc_2.10/srcs/play-jdbc_2.10-2.1.0-sources.jar">
						<origin-location is-local="false" location="http://repo.typesafe.com/typesafe/releases/play/play-jdbc_2.10/2.1.0/play-jdbc_2.10-2.1.0-sources.jar"/>
					</artifact>
				</artifacts>
			</revision>
		</module>
		<module organisation="com.h2database" name="h2">
			<revision name="1.3.168" status="release" pubdate="20120713171808" resolver="public" artresolver="public" homepage="http://www.h2database.com" downloaded="false" searched="false" default="false" conf="default(compile), default, compile, runtime, master" position="42">
				<license name="The H2 License, Version 1.0" url="http://h2database.com/html/license.html"/>
				<metadata-artifact status="no" details="" size="2337" time="0" location="/home/diego/.ivy2/cache/com.h2database/h2/ivy-1.3.168.xml" searched="false" origin-is-local="false" origin-location="http://repo1.maven.org/maven2/com/h2database/h2/1.3.168/h2-1.3.168.pom"/>
				<caller organisation="mproject" name="mproject$sources_javadoc_2.10" conf="test, compile, runtime" rev="1.3.168" rev-constraint-default="1.3.168" rev-constraint-dynamic="1.3.168" callerrev="1.0-SNAPSHOT"/>
				<artifacts>
					<artifact name="h2" type="doc" ext="jar" extra-classifier="javadoc" status="no" details="" size="2938280" time="0" location="/home/diego/.ivy2/cache/com.h2database/h2/docs/h2-1.3.168-javadoc.jar">
						<origin-location is-local="false" location="http://repo1.maven.org/maven2/com/h2database/h2/1.3.168/h2-1.3.168-javadoc.jar"/>
					</artifact>
					<artifact name="h2" type="jar" ext="jar" status="no" details="" size="1280753" time="0" location="/home/diego/.ivy2/cache/com.h2database/h2/jars/h2-1.3.168.jar">
						<origin-location is-local="false" location="http://repo1.maven.org/maven2/com/h2database/h2/1.3.168/h2-1.3.168.jar"/>
					</artifact>
					<artifact name="h2" type="src" ext="jar" extra-classifier="sources" status="no" details="" size="967706" time="0" location="/home/diego/.ivy2/cache/com.h2database/h2/srcs/h2-1.3.168-sources.jar">
						<origin-location is-local="false" location="http://repo1.maven.org/maven2/com/h2database/h2/1.3.168/h2-1.3.168-sources.jar"/>
					</artifact>
				</artifacts>
			</revision>
		</module>
		<module organisation="com.jolbox" name="bonecp">
			<revision name="0.7.1.RELEASE" status="release" pubdate="20110405140240" resolver="public" artresolver="public" homepage="" downloaded="false" searched="false" default="false" conf="default(compile), default, compile, runtime, master" position="41">
				<metadata-artifact status="no" details="" size="8741" time="0" location="/home/diego/.ivy2/cache/com.jolbox/bonecp/ivy-0.7.1.RELEASE.xml" searched="false" origin-is-local="false" origin-location="http://repo1.maven.org/maven2/com/jolbox/bonecp/0.7.1.RELEASE/bonecp-0.7.1.RELEASE.pom"/>
				<caller organisation="mproject" name="mproject$sources_javadoc_2.10" conf="test, compile, runtime" rev="0.7.1.RELEASE" rev-constraint-default="0.7.1.RELEASE" rev-constraint-dynamic="0.7.1.RELEASE" callerrev="1.0-SNAPSHOT"/>
				<artifacts>
					<artifact name="bonecp" type="src" ext="jar" extra-classifier="sources" status="no" details="" size="113280" time="0" location="/home/diego/.ivy2/cache/com.jolbox/bonecp/srcs/bonecp-0.7.1.RELEASE-sources.jar">
						<origin-location is-local="false" location="http://repo1.maven.org/maven2/com/jolbox/bonecp/0.7.1.RELEASE/bonecp-0.7.1.RELEASE-sources.jar"/>
					</artifact>
					<artifact name="bonecp" type="jar" ext="jar" status="no" details="" size="115709" time="0" location="/home/diego/.ivy2/cache/com.jolbox/bonecp/jars/bonecp-0.7.1.RELEASE.jar">
						<origin-location is-local="false" location="http://repo1.maven.org/maven2/com/jolbox/bonecp/0.7.1.RELEASE/bonecp-0.7.1.RELEASE.jar"/>
					</artifact>
					<artifact name="bonecp" type="doc" ext="jar" extra-classifier="javadoc" status="no" details="" size="340260" time="0" location="/home/diego/.ivy2/cache/com.jolbox/bonecp/docs/bonecp-0.7.1.RELEASE-javadoc.jar">
						<origin-location is-local="false" location="http://repo1.maven.org/maven2/com/jolbox/bonecp/0.7.1.RELEASE/bonecp-0.7.1.RELEASE-javadoc.jar"/>
					</artifact>
				</artifacts>
			</revision>
		</module>
		<module organisation="play" name="play-java_2.10">
			<revision name="2.1.0" status="release" pubdate="20130506133927" resolver="Typesafe Releases Repository" artresolver="Typesafe Releases Repository" homepage="" downloaded="false" searched="false" default="false" conf="default(compile), default, compile, runtime, master" position="29">
				<metadata-artifact status="no" details="" size="5078" time="0" location="/home/diego/.ivy2/cache/play/play-java_2.10/ivy-2.1.0.xml" searched="false" origin-is-local="false" origin-location="http://repo.typesafe.com/typesafe/releases/play/play-java_2.10/2.1.0/play-java_2.10-2.1.0.pom"/>
				<caller organisation="mproject" name="mproject$sources_javadoc_2.10" conf="test, compile, runtime" rev="2.1.0" rev-constraint-default="2.1.0" rev-constraint-dynamic="2.1.0" callerrev="1.0-SNAPSHOT"/>
				<artifacts>
					<artifact name="play-java_2.10" type="jar" ext="jar" status="no" details="" size="95006" time="0" location="/home/diego/.ivy2/cache/play/play-java_2.10/jars/play-java_2.10-2.1.0.jar">
						<origin-location is-local="false" location="http://repo.typesafe.com/typesafe/releases/play/play-java_2.10/2.1.0/play-java_2.10-2.1.0.jar"/>
					</artifact>
					<artifact name="play-java_2.10" type="src" ext="jar" extra-classifier="sources" status="no" details="" size="40759" time="0" location="/home/diego/.ivy2/cache/play/play-java_2.10/srcs/play-java_2.10-2.1.0-sources.jar">
						<origin-location is-local="false" location="http://repo.typesafe.com/typesafe/releases/play/play-java_2.10/2.1.0/play-java_2.10-2.1.0-sources.jar"/>
					</artifact>
				</artifacts>
			</revision>
		</module>
		<module organisation="org.specs2" name="specs2_2.10">
			<revision name="1.13" status="release" pubdate="20121220134856" resolver="public" artresolver="public" homepage="http://specs2.org/" downloaded="false" searched="false" default="false" conf="default(compile), default, compile, runtime, master" position="59">
				<license name="MIT-style" url="http://www.opensource.org/licenses/mit-license.php"/>
				<metadata-artifact status="no" details="" size="3576" time="0" location="/home/diego/.ivy2/cache/org.specs2/specs2_2.10/ivy-1.13.xml" searched="false" origin-is-local="false" origin-location="http://repo1.maven.org/maven2/org/specs2/specs2_2.10/1.13/specs2_2.10-1.13.pom"/>
				<caller organisation="mproject" name="mproject$sources_javadoc_2.10" conf="test, compile, runtime" rev="1.13" rev-constraint-default="1.13" rev-constraint-dynamic="1.13" callerrev="1.0-SNAPSHOT"/>
				<artifacts>
					<artifact name="specs2_2.10" type="jar" ext="jar" status="no" details="" size="6656378" time="0" location="/home/diego/.ivy2/cache/org.specs2/specs2_2.10/jars/specs2_2.10-1.13.jar">
						<origin-location is-local="false" location="http://repo1.maven.org/maven2/org/specs2/specs2_2.10/1.13/specs2_2.10-1.13.jar"/>
					</artifact>
					<artifact name="specs2_2.10" type="doc" ext="jar" extra-classifier="javadoc" status="no" details="" size="4373547" time="0" location="/home/diego/.ivy2/cache/org.specs2/specs2_2.10/docs/specs2_2.10-1.13-javadoc.jar">
						<origin-location is-local="false" location="http://repo1.maven.org/maven2/org/specs2/specs2_2.10/1.13/specs2_2.10-1.13-javadoc.jar"/>
					</artifact>
					<artifact name="specs2_2.10" type="src" ext="jar" extra-classifier="sources" status="no" details="" size="539537" time="0" location="/home/diego/.ivy2/cache/org.specs2/specs2_2.10/srcs/specs2_2.10-1.13-sources.jar">
						<origin-location is-local="false" location="http://repo1.maven.org/maven2/org/specs2/specs2_2.10/1.13/specs2_2.10-1.13-sources.jar"/>
					</artifact>
				</artifacts>
			</revision>
		</module>
		<module organisation="org.specs2" name="scalaz-concurrent_2.10">
			<revision name="7.0.0" status="release" pubdate="20121220120510" resolver="public" artresolver="public" homepage="http://specs2.org/" downloaded="false" searched="false" default="false" conf="default(compile), default, compile, runtime, master" position="61">
				<license name="MIT-style" url="http://www.opensource.org/licenses/mit-license.php"/>
				<metadata-artifact status="no" details="" size="2810" time="0" location="/home/diego/.ivy2/cache/org.specs2/scalaz-concurrent_2.10/ivy-7.0.0.xml" searched="false" origin-is-local="false" origin-location="http://repo1.maven.org/maven2/org/specs2/scalaz-concurrent_2.10/7.0.0/scalaz-concurrent_2.10-7.0.0.pom"/>
				<caller organisation="mproject" name="mproject$sources_javadoc_2.10" conf="test, compile, runtime" rev="7.0.0" rev-constraint-default="7.0.0" rev-constraint-dynamic="7.0.0" callerrev="1.0-SNAPSHOT"/>
				<artifacts>
					<artifact name="scalaz-concurrent_2.10" type="doc" ext="jar" extra-classifier="javadoc" status="no" details="" size="482681" time="0" location="/home/diego/.ivy2/cache/org.specs2/scalaz-concurrent_2.10/docs/scalaz-concurrent_2.10-7.0.0-javadoc.jar">
						<origin-location is-local="false" location="http://repo1.maven.org/maven2/org/specs2/scalaz-concurrent_2.10/7.0.0/scalaz-concurrent_2.10-7.0.0-javadoc.jar"/>
					</artifact>
					<artifact name="scalaz-concurrent_2.10" type="src" ext="jar" extra-classifier="sources" status="no" details="" size="8827" time="0" location="/home/diego/.ivy2/cache/org.specs2/scalaz-concurrent_2.10/srcs/scalaz-concurrent_2.10-7.0.0-sources.jar">
						<origin-location is-local="false" location="http://repo1.maven.org/maven2/org/specs2/scalaz-concurrent_2.10/7.0.0/scalaz-concurrent_2.10-7.0.0-sources.jar"/>
					</artifact>
					<artifact name="scalaz-concurrent_2.10" type="jar" ext="jar" status="no" details="" size="189253" time="0" location="/home/diego/.ivy2/cache/org.specs2/scalaz-concurrent_2.10/jars/scalaz-concurrent_2.10-7.0.0.jar">
						<origin-location is-local="false" location="http://repo1.maven.org/maven2/org/specs2/scalaz-concurrent_2.10/7.0.0/scalaz-concurrent_2.10-7.0.0.jar"/>
					</artifact>
				</artifacts>
			</revision>
		</module>
		<module organisation="org.specs2" name="scalaz-effect_2.10">
			<revision name="7.0.0" status="release" pubdate="20121220120525" resolver="public" artresolver="public" homepage="http://specs2.org/" downloaded="false" searched="false" default="false" conf="default(compile), default, compile, runtime, master" position="62">
				<license name="MIT-style" url="http://www.opensource.org/licenses/mit-license.php"/>
				<metadata-artifact status="no" details="" size="2657" time="0" location="/home/diego/.ivy2/cache/org.specs2/scalaz-effect_2.10/ivy-7.0.0.xml" searched="false" origin-is-local="false" origin-location="http://repo1.maven.org/maven2/org/specs2/scalaz-effect_2.10/7.0.0/scalaz-effect_2.10-7.0.0.pom"/>
				<caller organisation="mproject" name="mproject$sources_javadoc_2.10" conf="test, compile, runtime" rev="7.0.0" rev-constraint-default="7.0.0" rev-constraint-dynamic="7.0.0" callerrev="1.0-SNAPSHOT"/>
				<artifacts>
					<artifact name="scalaz-effect_2.10" type="src" ext="jar" extra-classifier="sources" status="no" details="" size="19736" time="0" location="/home/diego/.ivy2/cache/org.specs2/scalaz-effect_2.10/srcs/scalaz-effect_2.10-7.0.0-sources.jar">
						<origin-location is-local="false" location="http://repo1.maven.org/maven2/org/specs2/scalaz-effect_2.10/7.0.0/scalaz-effect_2.10-7.0.0-sources.jar"/>
					</artifact>
					<artifact name="scalaz-effect_2.10" type="jar" ext="jar" status="no" details="" size="391773" time="0" location="/home/diego/.ivy2/cache/org.specs2/scalaz-effect_2.10/jars/scalaz-effect_2.10-7.0.0.jar">
						<origin-location is-local="false" location="http://repo1.maven.org/maven2/org/specs2/scalaz-effect_2.10/7.0.0/scalaz-effect_2.10-7.0.0.jar"/>
					</artifact>
					<artifact name="scalaz-effect_2.10" type="doc" ext="jar" extra-classifier="javadoc" status="no" details="" size="748246" time="0" location="/home/diego/.ivy2/cache/org.specs2/scalaz-effect_2.10/docs/scalaz-effect_2.10-7.0.0-javadoc.jar">
						<origin-location is-local="false" location="http://repo1.maven.org/maven2/org/specs2/scalaz-effect_2.10/7.0.0/scalaz-effect_2.10-7.0.0-javadoc.jar"/>
					</artifact>
				</artifacts>
			</revision>
		</module>
		<module organisation="org.specs2" name="scalaz-core_2.10">
			<revision name="7.0.0" status="release" pubdate="20121220120704" resolver="public" artresolver="public" homepage="http://specs2.org/" downloaded="false" searched="false" default="false" conf="default(compile), default, compile, runtime, master" position="60">
				<license name="MIT-style" url="http://www.opensource.org/licenses/mit-license.php"/>
				<metadata-artifact status="no" details="" size="2512" time="0" location="/home/diego/.ivy2/cache/org.specs2/scalaz-core_2.10/ivy-7.0.0.xml" searched="false" origin-is-local="false" origin-location="http://repo1.maven.org/maven2/org/specs2/scalaz-core_2.10/7.0.0/scalaz-core_2.10-7.0.0.pom"/>
				<caller organisation="mproject" name="mproject$sources_javadoc_2.10" conf="test, compile, runtime" rev="7.0.0" rev-constraint-default="7.0.0" rev-constraint-dynamic="7.0.0" callerrev="1.0-SNAPSHOT"/>
				<artifacts>
					<artifact name="scalaz-core_2.10" type="jar" ext="jar" status="no" details="" size="8897195" time="0" location="/home/diego/.ivy2/cache/org.specs2/scalaz-core_2.10/jars/scalaz-core_2.10-7.0.0.jar">
						<origin-location is-local="false" location="http://repo1.maven.org/maven2/org/specs2/scalaz-core_2.10/7.0.0/scalaz-core_2.10-7.0.0.jar"/>
					</artifact>
					<artifact name="scalaz-core_2.10" type="doc" ext="jar" extra-classifier="javadoc" status="no" details="" size="5184214" time="0" location="/home/diego/.ivy2/cache/org.specs2/scalaz-core_2.10/docs/scalaz-core_2.10-7.0.0-javadoc.jar">
						<origin-location is-local="false" location="http://repo1.maven.org/maven2/org/specs2/scalaz-core_2.10/7.0.0/scalaz-core_2.10-7.0.0-javadoc.jar"/>
					</artifact>
					<artifact name="scalaz-core_2.10" type="src" ext="jar" extra-classifier="sources" status="no" details="" size="243547" time="0" location="/home/diego/.ivy2/cache/org.specs2/scalaz-core_2.10/srcs/scalaz-core_2.10-7.0.0-sources.jar">
						<origin-location is-local="false" location="http://repo1.maven.org/maven2/org/specs2/scalaz-core_2.10/7.0.0/scalaz-core_2.10-7.0.0-sources.jar"/>
					</artifact>
				</artifacts>
			</revision>
		</module>
		<module organisation="javax.servlet" name="javax.servlet-api">
			<revision name="3.0.1" status="release" pubdate="20110712154053" resolver="sbt-chain" artresolver="sbt-chain" homepage="http://servlet-spec.java.net" downloaded="false" searched="false" default="false" conf="default(compile), default, compile, runtime, master" position="40">
				<license name="CDDL + GPLv2 with classpath exception" url="https://glassfish.dev.java.net/nonav/public/CDDL+GPL.html"/>
				<metadata-artifact status="no" details="" size="3664" time="0" location="/home/diego/.ivy2/cache/javax.servlet/javax.servlet-api/ivy-3.0.1.xml" searched="false" origin-is-local="false" origin-location="file:/home/diego/Downloads/development/activator-1.0.13/repository/javax.servlet/javax.servlet-api/3.0.1/ivys/ivy.xml"/>
				<caller organisation="mproject" name="mproject$sources_javadoc_2.10" conf="test, compile, runtime" rev="3.0.1" rev-constraint-default="3.0.1" rev-constraint-dynamic="3.0.1" callerrev="1.0-SNAPSHOT"/>
				<artifacts>
					<artifact name="javax.servlet-api" type="src" ext="jar" extra-classifier="sources" status="no" details="" size="212871" time="0" location="/home/diego/.ivy2/cache/javax.servlet/javax.servlet-api/srcs/javax.servlet-api-3.0.1-sources.jar">
						<origin-location is-local="false" location="http://repo1.maven.org/maven2/javax/servlet/javax.servlet-api/3.0.1/javax.servlet-api-3.0.1-sources.jar"/>
					</artifact>
					<artifact name="javax.servlet-api" type="jar" ext="jar" status="no" details="" size="85353" time="0" location="/home/diego/.ivy2/cache/javax.servlet/javax.servlet-api/jars/javax.servlet-api-3.0.1.jar">
						<origin-location is-local="false" location="file:/home/diego/Downloads/development/activator-1.0.13/repository/javax.servlet/javax.servlet-api/3.0.1/jars/javax.servlet-api.jar"/>
					</artifact>
					<artifact name="javax.servlet-api" type="doc" ext="jar" extra-classifier="javadoc" status="no" details="" size="537144" time="0" location="/home/diego/.ivy2/cache/javax.servlet/javax.servlet-api/docs/javax.servlet-api-3.0.1-javadoc.jar">
						<origin-location is-local="false" location="http://repo1.maven.org/maven2/javax/servlet/javax.servlet-api/3.0.1/javax.servlet-api-3.0.1-javadoc.jar"/>
					</artifact>
				</artifacts>
			</revision>
		</module>
		<module organisation="com.google.guava" name="guava">
			<revision name="13.0.1" status="release" pubdate="20120828172726" resolver="public" artresolver="public" homepage="" downloaded="false" searched="false" default="false" conf="default(compile), default, compile, runtime, master" position="39">
				<metadata-artifact status="no" details="" size="3505" time="0" location="/home/diego/.ivy2/cache/com.google.guava/guava/ivy-13.0.1.xml" searched="false" origin-is-local="false" origin-location="http://repo1.maven.org/maven2/com/google/guava/guava/13.0.1/guava-13.0.1.pom"/>
				<caller organisation="mproject" name="mproject$sources_javadoc_2.10" conf="test, compile, runtime" rev="13.0.1" rev-constraint-default="13.0.1" rev-constraint-dynamic="13.0.1" callerrev="1.0-SNAPSHOT"/>
				<artifacts>
					<artifact name="guava" type="src" ext="jar" extra-classifier="sources" status="no" details="" size="1060992" time="0" location="/home/diego/.ivy2/cache/com.google.guava/guava/srcs/guava-13.0.1-sources.jar">
						<origin-location is-local="false" location="http://repo1.maven.org/maven2/com/google/guava/guava/13.0.1/guava-13.0.1-sources.jar"/>
					</artifact>
					<artifact name="guava" type="jar" ext="jar" status="no" details="" size="1891110" time="0" location="/home/diego/.ivy2/cache/com.google.guava/guava/jars/guava-13.0.1.jar">
						<origin-location is-local="false" location="http://repo1.maven.org/maven2/com/google/guava/guava/13.0.1/guava-13.0.1.jar"/>
					</artifact>
					<artifact name="guava" type="doc" ext="jar" extra-classifier="javadoc" status="no" details="" size="4336184" time="0" location="/home/diego/.ivy2/cache/com.google.guava/guava/docs/guava-13.0.1-javadoc.jar">
						<origin-location is-local="false" location="http://repo1.maven.org/maven2/com/google/guava/guava/13.0.1/guava-13.0.1-javadoc.jar"/>
					</artifact>
				</artifacts>
			</revision>
		</module>
		<module organisation="org.reflections" name="reflections">
			<revision name="0.9.8" status="release" pubdate="20120524152141" resolver="sbt-chain" artresolver="sbt-chain" homepage="http://code.google.com/p/reflections/" downloaded="false" searched="false" default="false" conf="default(compile), default, compile, runtime, master" position="37">
				<metadata-artifact status="no" details="" size="3668" time="0" location="/home/diego/.ivy2/cache/org.reflections/reflections/ivy-0.9.8.xml" searched="false" origin-is-local="false" origin-location="file:/home/diego/Downloads/development/activator-1.0.13/repository/org.reflections/reflections/0.9.8/ivys/ivy.xml"/>
				<caller organisation="mproject" name="mproject$sources_javadoc_2.10" conf="test, compile, runtime" rev="0.9.8" rev-constraint-default="0.9.8" rev-constraint-dynamic="0.9.8" callerrev="1.0-SNAPSHOT"/>
				<artifacts>
					<artifact name="reflections" type="jar" ext="jar" status="no" details="" size="102696" time="0" location="/home/diego/.ivy2/cache/org.reflections/reflections/jars/reflections-0.9.8.jar">
						<origin-location is-local="false" location="file:/home/diego/Downloads/development/activator-1.0.13/repository/org.reflections/reflections/0.9.8/jars/reflections.jar"/>
					</artifact>
					<artifact name="reflections" type="src" ext="jar" extra-classifier="sources" status="no" details="" size="43272" time="0" location="/home/diego/.ivy2/cache/org.reflections/reflections/srcs/reflections-0.9.8-sources.jar">
						<origin-location is-local="false" location="http://repo1.maven.org/maven2/org/reflections/reflections/0.9.8/reflections-0.9.8-sources.jar"/>
					</artifact>
					<artifact name="reflections" type="doc" ext="jar" extra-classifier="javadoc" status="no" details="" size="279453" time="0" location="/home/diego/.ivy2/cache/org.reflections/reflections/docs/reflections-0.9.8-javadoc.jar">
						<origin-location is-local="false" location="http://repo1.maven.org/maven2/org/reflections/reflections/0.9.8/reflections-0.9.8-javadoc.jar"/>
					</artifact>
				</artifacts>
			</revision>
		</module>
		<module organisation="org.springframework" name="spring-context">
			<revision name="3.1.2.RELEASE" status="release" pubdate="20120708004402" resolver="public" artresolver="public" homepage="" downloaded="false" searched="false" default="false" conf="default(compile), default, compile, runtime, master" position="34">
				<license name="The Apache Software License, Version 2.0" url="http://www.apache.org/licenses/LICENSE-2.0.txt"/>
				<metadata-artifact status="no" details="" size="11011" time="0" location="/home/diego/.ivy2/cache/org.springframework/spring-context/ivy-3.1.2.RELEASE.xml" searched="false" origin-is-local="false" origin-location="http://repo1.maven.org/maven2/org/springframework/spring-context/3.1.2.RELEASE/spring-context-3.1.2.RELEASE.pom"/>
				<caller organisation="mproject" name="mproject$sources_javadoc_2.10" conf="test, compile, runtime" rev="3.1.2.RELEASE" rev-constraint-default="3.1.2.RELEASE" rev-constraint-dynamic="3.1.2.RELEASE" callerrev="1.0-SNAPSHOT"/>
				<artifacts>
					<artifact name="spring-context" type="jar" ext="jar" status="no" details="" size="832018" time="0" location="/home/diego/.ivy2/cache/org.springframework/spring-context/jars/spring-context-3.1.2.RELEASE.jar">
						<origin-location is-local="false" location="http://repo1.maven.org/maven2/org/springframework/spring-context/3.1.2.RELEASE/spring-context-3.1.2.RELEASE.jar"/>
					</artifact>
					<artifact name="spring-context" type="src" ext="jar" extra-classifier="sources" status="no" details="" size="849394" time="0" location="/home/diego/.ivy2/cache/org.springframework/spring-context/srcs/spring-context-3.1.2.RELEASE-sources.jar">
						<origin-location is-local="false" location="http://repo1.maven.org/maven2/org/springframework/spring-context/3.1.2.RELEASE/spring-context-3.1.2.RELEASE-sources.jar"/>
					</artifact>
				</artifacts>
			</revision>
		</module>
		<module organisation="org.springframework" name="spring-beans">
			<revision name="3.1.2.RELEASE" status="release" pubdate="20120708004403" resolver="public" artresolver="public" homepage="" downloaded="false" searched="false" default="false" conf="default(compile), default, compile, runtime, master" position="36">
				<license name="The Apache Software License, Version 2.0" url="http://www.apache.org/licenses/LICENSE-2.0.txt"/>
				<metadata-artifact status="no" details="" size="7087" time="0" location="/home/diego/.ivy2/cache/org.springframework/spring-beans/ivy-3.1.2.RELEASE.xml" searched="false" origin-is-local="false" origin-location="http://repo1.maven.org/maven2/org/springframework/spring-beans/3.1.2.RELEASE/spring-beans-3.1.2.RELEASE.pom"/>
				<caller organisation="mproject" name="mproject$sources_javadoc_2.10" conf="test, compile, runtime" rev="3.1.2.RELEASE" rev-constraint-default="3.1.2.RELEASE" rev-constraint-dynamic="3.1.2.RELEASE" callerrev="1.0-SNAPSHOT"/>
				<artifacts>
					<artifact name="spring-beans" type="jar" ext="jar" status="no" details="" size="592232" time="0" location="/home/diego/.ivy2/cache/org.springframework/spring-beans/jars/spring-beans-3.1.2.RELEASE.jar">
						<origin-location is-local="false" location="http://repo1.maven.org/maven2/org/springframework/spring-beans/3.1.2.RELEASE/spring-beans-3.1.2.RELEASE.jar"/>
					</artifact>
					<artifact name="spring-beans" type="src" ext="jar" extra-classifier="sources" status="no" details="" size="542631" time="0" location="/home/diego/.ivy2/cache/org.springframework/spring-beans/srcs/spring-beans-3.1.2.RELEASE-sources.jar">
						<origin-location is-local="false" location="http://repo1.maven.org/maven2/org/springframework/spring-beans/3.1.2.RELEASE/spring-beans-3.1.2.RELEASE-sources.jar"/>
					</artifact>
				</artifacts>
			</revision>
		</module>
		<module organisation="org.springframework" name="spring-core">
			<revision name="3.1.2.RELEASE" status="release" pubdate="20120708004357" resolver="public" artresolver="public" homepage="" downloaded="false" searched="false" default="false" conf="default(compile), default, compile, runtime, master" position="35">
				<license name="The Apache Software License, Version 2.0" url="http://www.apache.org/licenses/LICENSE-2.0.txt"/>
				<metadata-artifact status="no" details="" size="7335" time="0" location="/home/diego/.ivy2/cache/org.springframework/spring-core/ivy-3.1.2.RELEASE.xml" searched="false" origin-is-local="false" origin-location="http://repo1.maven.org/maven2/org/springframework/spring-core/3.1.2.RELEASE/spring-core-3.1.2.RELEASE.pom"/>
				<caller organisation="mproject" name="mproject$sources_javadoc_2.10" conf="test, compile, runtime" rev="3.1.2.RELEASE" rev-constraint-default="3.1.2.RELEASE" rev-constraint-dynamic="3.1.2.RELEASE" callerrev="1.0-SNAPSHOT"/>
				<artifacts>
					<artifact name="spring-core" type="jar" ext="jar" status="no" details="" size="449649" time="0" location="/home/diego/.ivy2/cache/org.springframework/spring-core/jars/spring-core-3.1.2.RELEASE.jar">
						<origin-location is-local="false" location="http://repo1.maven.org/maven2/org/springframework/spring-core/3.1.2.RELEASE/spring-core-3.1.2.RELEASE.jar"/>
					</artifact>
					<artifact name="spring-core" type="src" ext="jar" extra-classifier="sources" status="no" details="" size="448067" time="0" location="/home/diego/.ivy2/cache/org.springframework/spring-core/srcs/spring-core-3.1.2.RELEASE-sources.jar">
						<origin-location is-local="false" location="http://repo1.maven.org/maven2/org/springframework/spring-core/3.1.2.RELEASE/spring-core-3.1.2.RELEASE-sources.jar"/>
					</artifact>
				</artifacts>
			</revision>
		</module>
		<module organisation="org.hibernate" name="hibernate-validator">
			<revision name="4.3.0.Final" status="release" pubdate="20120509124612" resolver="public" artresolver="public" homepage="" downloaded="false" searched="false" default="false" conf="default(compile), default, compile, runtime, master" position="31">
				<metadata-artifact status="no" details="" size="7946" time="0" location="/home/diego/.ivy2/cache/org.hibernate/hibernate-validator/ivy-4.3.0.Final.xml" searched="false" origin-is-local="false" origin-location="http://repo1.maven.org/maven2/org/hibernate/hibernate-validator/4.3.0.Final/hibernate-validator-4.3.0.Final.pom"/>
				<caller organisation="mproject" name="mproject$sources_javadoc_2.10" conf="test, compile, runtime" rev="4.3.0.Final" rev-constraint-default="4.3.0.Final" rev-constraint-dynamic="4.3.0.Final" callerrev="1.0-SNAPSHOT"/>
				<artifacts>
					<artifact name="hibernate-validator" type="src" ext="jar" extra-classifier="sources" status="no" details="" size="425051" time="0" location="/home/diego/.ivy2/cache/org.hibernate/hibernate-validator/srcs/hibernate-validator-4.3.0.Final-sources.jar">
						<origin-location is-local="false" location="http://repo1.maven.org/maven2/org/hibernate/hibernate-validator/4.3.0.Final/hibernate-validator-4.3.0.Final-sources.jar"/>
					</artifact>
					<artifact name="hibernate-validator" type="doc" ext="jar" extra-classifier="javadoc" status="no" details="" size="1692137" time="0" location="/home/diego/.ivy2/cache/org.hibernate/hibernate-validator/docs/hibernate-validator-4.3.0.Final-javadoc.jar">
						<origin-location is-local="false" location="http://repo1.maven.org/maven2/org/hibernate/hibernate-validator/4.3.0.Final/hibernate-validator-4.3.0.Final-javadoc.jar"/>
					</artifact>
					<artifact name="hibernate-validator" type="jar" ext="jar" status="no" details="" size="476575" time="0" location="/home/diego/.ivy2/cache/org.hibernate/hibernate-validator/jars/hibernate-validator-4.3.0.Final.jar">
						<origin-location is-local="false" location="http://repo1.maven.org/maven2/org/hibernate/hibernate-validator/4.3.0.Final/hibernate-validator-4.3.0.Final.jar"/>
					</artifact>
				</artifacts>
			</revision>
		</module>
		<module organisation="org.jboss.logging" name="jboss-logging">
			<revision name="3.1.0.CR2" status="release" pubdate="20111123045344" resolver="public" artresolver="public" homepage="http://www.jboss.org" downloaded="false" searched="false" default="false" conf="default(compile), default, compile, runtime, master" position="33">
				<license name="GNU Lesser General Public License, version 2.1" url="http://www.gnu.org/licenses/lgpl-2.1.txt"/>
				<metadata-artifact status="no" details="" size="7355" time="0" location="/home/diego/.ivy2/cache/org.jboss.logging/jboss-logging/ivy-3.1.0.CR2.xml" searched="false" origin-is-local="false" origin-location="http://repo1.maven.org/maven2/org/jboss/logging/jboss-logging/3.1.0.CR2/jboss-logging-3.1.0.CR2.pom"/>
				<caller organisation="mproject" name="mproject$sources_javadoc_2.10" conf="test, compile, runtime" rev="3.1.0.CR2" rev-constraint-default="3.1.0.CR2" rev-constraint-dynamic="3.1.0.CR2" callerrev="1.0-SNAPSHOT"/>
				<artifacts>
					<artifact name="jboss-logging" type="src" ext="jar" extra-classifier="sources" status="no" details="" size="56382" time="0" location="/home/diego/.ivy2/cache/org.jboss.logging/jboss-logging/srcs/jboss-logging-3.1.0.CR2-sources.jar">
						<origin-location is-local="false" location="http://repo1.maven.org/maven2/org/jboss/logging/jboss-logging/3.1.0.CR2/jboss-logging-3.1.0.CR2-sources.jar"/>
					</artifact>
					<artifact name="jboss-logging" type="jar" ext="jar" status="no" details="" size="60539" time="0" location="/home/diego/.ivy2/cache/org.jboss.logging/jboss-logging/jars/jboss-logging-3.1.0.CR2.jar">
						<origin-location is-local="false" location="http://repo1.maven.org/maven2/org/jboss/logging/jboss-logging/3.1.0.CR2/jboss-logging-3.1.0.CR2.jar"/>
					</artifact>
				</artifacts>
			</revision>
		</module>
		<module organisation="javax.validation" name="validation-api">
			<revision name="1.0.0.GA" status="release" pubdate="20100225064311" resolver="public" artresolver="public" homepage="" downloaded="false" searched="false" default="false" conf="default(compile), default, compile, runtime, master" position="32">
				<license name="Apache License, Version 2.0" url="license.txt"/>
				<metadata-artifact status="no" details="" size="2323" time="0" location="/home/diego/.ivy2/cache/javax.validation/validation-api/ivy-1.0.0.GA.xml" searched="false" origin-is-local="false" origin-location="http://repo1.maven.org/maven2/javax/validation/validation-api/1.0.0.GA/validation-api-1.0.0.GA.pom"/>
				<caller organisation="mproject" name="mproject$sources_javadoc_2.10" conf="test, compile, runtime" rev="1.0.0.GA" rev-constraint-default="1.0.0.GA" rev-constraint-dynamic="1.0.0.GA" callerrev="1.0-SNAPSHOT"/>
				<artifacts>
					<artifact name="validation-api" type="jar" ext="jar" status="no" details="" size="47433" time="0" location="/home/diego/.ivy2/cache/javax.validation/validation-api/jars/validation-api-1.0.0.GA.jar">
						<origin-location is-local="false" location="http://repo1.maven.org/maven2/javax/validation/validation-api/1.0.0.GA/validation-api-1.0.0.GA.jar"/>
					</artifact>
					<artifact name="validation-api" type="doc" ext="jar" extra-classifier="javadoc" status="no" details="" size="353428" time="0" location="/home/diego/.ivy2/cache/javax.validation/validation-api/docs/validation-api-1.0.0.GA-javadoc.jar">
						<origin-location is-local="false" location="http://repo1.maven.org/maven2/javax/validation/validation-api/1.0.0.GA/validation-api-1.0.0.GA-javadoc.jar"/>
					</artifact>
					<artifact name="validation-api" type="src" ext="jar" extra-classifier="sources" status="no" details="" size="65220" time="0" location="/home/diego/.ivy2/cache/javax.validation/validation-api/srcs/validation-api-1.0.0.GA-sources.jar">
						<origin-location is-local="false" location="http://repo1.maven.org/maven2/javax/validation/validation-api/1.0.0.GA/validation-api-1.0.0.GA-sources.jar"/>
					</artifact>
				</artifacts>
			</revision>
		</module>
		<module organisation="org.yaml" name="snakeyaml">
			<revision name="1.10" status="release" pubdate="20120213183820" resolver="public" artresolver="public" homepage="http://www.snakeyaml.org" downloaded="false" searched="false" default="false" conf="default(compile), default, compile, runtime, master" position="30">
				<license name="Apache License Version 2.0" url="LICENSE.txt"/>
				<metadata-artifact status="no" details="" size="3408" time="0" location="/home/diego/.ivy2/cache/org.yaml/snakeyaml/ivy-1.10.xml" searched="false" origin-is-local="false" origin-location="http://repo1.maven.org/maven2/org/yaml/snakeyaml/1.10/snakeyaml-1.10.pom"/>
				<caller organisation="mproject" name="mproject$sources_javadoc_2.10" conf="test, compile, runtime" rev="1.10" rev-constraint-default="1.10" rev-constraint-dynamic="1.10" callerrev="1.0-SNAPSHOT"/>
				<artifacts>
					<artifact name="snakeyaml" type="jar" ext="jar" status="no" details="" size="266959" time="0" location="/home/diego/.ivy2/cache/org.yaml/snakeyaml/jars/snakeyaml-1.10.jar">
						<origin-location is-local="false" location="http://repo1.maven.org/maven2/org/yaml/snakeyaml/1.10/snakeyaml-1.10.jar"/>
					</artifact>
					<artifact name="snakeyaml" type="src" ext="jar" extra-classifier="sources" status="no" details="" size="169751" time="0" location="/home/diego/.ivy2/cache/org.yaml/snakeyaml/srcs/snakeyaml-1.10-sources.jar">
						<origin-location is-local="false" location="http://repo1.maven.org/maven2/org/yaml/snakeyaml/1.10/snakeyaml-1.10-sources.jar"/>
					</artifact>
					<artifact name="snakeyaml" type="doc" ext="jar" extra-classifier="javadoc" status="no" details="" size="759934" time="0" location="/home/diego/.ivy2/cache/org.yaml/snakeyaml/docs/snakeyaml-1.10-javadoc.jar">
						<origin-location is-local="false" location="http://repo1.maven.org/maven2/org/yaml/snakeyaml/1.10/snakeyaml-1.10-javadoc.jar"/>
					</artifact>
				</artifacts>
			</revision>
		</module>
		<module organisation="play" name="anorm_2.10">
			<revision name="2.1.0" status="release" pubdate="20130506133931" resolver="Typesafe Releases Repository" artresolver="Typesafe Releases Repository" homepage="" downloaded="false" searched="false" default="false" conf="default(compile), default, compile, runtime, master" position="26">
				<metadata-artifact status="no" details="" size="2382" time="0" location="/home/diego/.ivy2/cache/play/anorm_2.10/ivy-2.1.0.xml" searched="false" origin-is-local="false" origin-location="http://repo.typesafe.com/typesafe/releases/play/anorm_2.10/2.1.0/anorm_2.10-2.1.0.pom"/>
				<caller organisation="mproject" name="mproject$sources_javadoc_2.10" conf="test, compile, runtime" rev="2.1.0" rev-constraint-default="2.1.0" rev-constraint-dynamic="2.1.0" callerrev="1.0-SNAPSHOT"/>
				<artifacts>
					<artifact name="anorm_2.10" type="jar" ext="jar" status="no" details="" size="296146" time="0" location="/home/diego/.ivy2/cache/play/anorm_2.10/jars/anorm_2.10-2.1.0.jar">
						<origin-location is-local="false" location="http://repo.typesafe.com/typesafe/releases/play/anorm_2.10/2.1.0/anorm_2.10-2.1.0.jar"/>
					</artifact>
					<artifact name="anorm_2.10" type="src" ext="jar" extra-classifier="sources" status="no" details="" size="8674" time="0" location="/home/diego/.ivy2/cache/play/anorm_2.10/srcs/anorm_2.10-2.1.0-sources.jar">
						<origin-location is-local="false" location="http://repo.typesafe.com/typesafe/releases/play/anorm_2.10/2.1.0/anorm_2.10-2.1.0-sources.jar"/>
					</artifact>
				</artifacts>
			</revision>
		</module>
		<module organisation="net.sf.ehcache" name="ehcache-core">
			<revision name="2.6.0" status="release" pubdate="20120724165024" resolver="public" artresolver="public" homepage="http://ehcache.org" downloaded="false" searched="false" default="false" conf="default(compile), default, compile, runtime, master" position="23">
				<license name="The Apache Software License, Version 2.0" url="src/assemble/EHCACHE-CORE-LICENSE.txt"/>
				<metadata-artifact status="no" details="" size="14770" time="0" location="/home/diego/.ivy2/cache/net.sf.ehcache/ehcache-core/ivy-2.6.0.xml" searched="false" origin-is-local="false" origin-location="http://repo1.maven.org/maven2/net/sf/ehcache/ehcache-core/2.6.0/ehcache-core-2.6.0.pom"/>
				<caller organisation="mproject" name="mproject$sources_javadoc_2.10" conf="test, compile, runtime" rev="2.6.0" rev-constraint-default="2.6.0" rev-constraint-dynamic="2.6.0" callerrev="1.0-SNAPSHOT"/>
				<artifacts>
					<artifact name="ehcache-core" type="src" ext="jar" extra-classifier="sources" status="no" details="" size="995042" time="0" location="/home/diego/.ivy2/cache/net.sf.ehcache/ehcache-core/srcs/ehcache-core-2.6.0-sources.jar">
						<origin-location is-local="false" location="http://repo1.maven.org/maven2/net/sf/ehcache/ehcache-core/2.6.0/ehcache-core-2.6.0-sources.jar"/>
					</artifact>
					<artifact name="ehcache-core" type="jar" ext="jar" status="no" details="" size="1332004" time="0" location="/home/diego/.ivy2/cache/net.sf.ehcache/ehcache-core/jars/ehcache-core-2.6.0.jar">
						<origin-location is-local="false" location="http://repo1.maven.org/maven2/net/sf/ehcache/ehcache-core/2.6.0/ehcache-core-2.6.0.jar"/>
					</artifact>
					<artifact name="ehcache-core" type="doc" ext="jar" extra-classifier="javadoc" status="no" details="" size="4092262" time="0" location="/home/diego/.ivy2/cache/net.sf.ehcache/ehcache-core/docs/ehcache-core-2.6.0-javadoc.jar">
						<origin-location is-local="false" location="http://repo1.maven.org/maven2/net/sf/ehcache/ehcache-core/2.6.0/ehcache-core-2.6.0-javadoc.jar"/>
					</artifact>
				</artifacts>
			</revision>
		</module>
		<module organisation="org.codehaus.jackson" name="jackson-mapper-asl">
			<revision name="1.9.10" status="release" pubdate="20120924045612" resolver="public" artresolver="public" homepage="http://jackson.codehaus.org" downloaded="false" searched="false" default="false" conf="default(compile), default, compile, runtime, master" position="22">
				<license name="The Apache Software License, Version 2.0" url="http://www.apache.org/licenses/LICENSE-2.0.txt"/>
				<metadata-artifact status="no" details="" size="2655" time="0" location="/home/diego/.ivy2/cache/org.codehaus.jackson/jackson-mapper-asl/ivy-1.9.10.xml" searched="false" origin-is-local="false" origin-location="http://repo1.maven.org/maven2/org/codehaus/jackson/jackson-mapper-asl/1.9.10/jackson-mapper-asl-1.9.10.pom"/>
				<caller organisation="mproject" name="mproject$sources_javadoc_2.10" conf="test, compile, runtime" rev="1.9.10" rev-constraint-default="1.9.10" rev-constraint-dynamic="1.9.10" callerrev="1.0-SNAPSHOT"/>
				<artifacts>
					<artifact name="jackson-mapper-asl" type="jar" ext="jar" status="no" details="" size="780421" time="0" location="/home/diego/.ivy2/cache/org.codehaus.jackson/jackson-mapper-asl/jars/jackson-mapper-asl-1.9.10.jar">
						<origin-location is-local="false" location="http://repo1.maven.org/maven2/org/codehaus/jackson/jackson-mapper-asl/1.9.10/jackson-mapper-asl-1.9.10.jar"/>
					</artifact>
					<artifact name="jackson-mapper-asl" type="src" ext="jar" extra-classifier="sources" status="no" details="" size="548043" time="0" location="/home/diego/.ivy2/cache/org.codehaus.jackson/jackson-mapper-asl/srcs/jackson-mapper-asl-1.9.10-sources.jar">
						<origin-location is-local="false" location="http://repo1.maven.org/maven2/org/codehaus/jackson/jackson-mapper-asl/1.9.10/jackson-mapper-asl-1.9.10-sources.jar"/>
					</artifact>
				</artifacts>
			</revision>
		</module>
		<module organisation="org.codehaus.jackson" name="jackson-core-asl">
			<revision name="1.9.10" status="release" pubdate="20120924045540" resolver="public" artresolver="public" homepage="http://jackson.codehaus.org" downloaded="false" searched="false" default="false" conf="default(compile), default, compile, runtime, master" position="21">
				<license name="The Apache Software License, Version 2.0" url="http://www.apache.org/licenses/LICENSE-2.0.txt"/>
				<metadata-artifact status="no" details="" size="2438" time="0" location="/home/diego/.ivy2/cache/org.codehaus.jackson/jackson-core-asl/ivy-1.9.10.xml" searched="false" origin-is-local="false" origin-location="http://repo1.maven.org/maven2/org/codehaus/jackson/jackson-core-asl/1.9.10/jackson-core-asl-1.9.10.pom"/>
				<caller organisation="mproject" name="mproject$sources_javadoc_2.10" conf="test, compile, runtime" rev="1.9.10" rev-constraint-default="1.9.10" rev-constraint-dynamic="1.9.10" callerrev="1.0-SNAPSHOT"/>
				<artifacts>
					<artifact name="jackson-core-asl" type="jar" ext="jar" status="no" details="" size="232119" time="0" location="/home/diego/.ivy2/cache/org.codehaus.jackson/jackson-core-asl/jars/jackson-core-asl-1.9.10.jar">
						<origin-location is-local="false" location="http://repo1.maven.org/maven2/org/codehaus/jackson/jackson-core-asl/1.9.10/jackson-core-asl-1.9.10.jar"/>
					</artifact>
					<artifact name="jackson-core-asl" type="src" ext="jar" extra-classifier="sources" status="no" details="" size="240271" time="0" location="/home/diego/.ivy2/cache/org.codehaus.jackson/jackson-core-asl/srcs/jackson-core-asl-1.9.10-sources.jar">
						<origin-location is-local="false" location="http://repo1.maven.org/maven2/org/codehaus/jackson/jackson-core-asl/1.9.10/jackson-core-asl-1.9.10-sources.jar"/>
					</artifact>
				</artifacts>
			</revision>
		</module>
		<module organisation="oauth.signpost" name="signpost-commonshttp4">
			<revision name="1.2.1.2" status="release" pubdate="20120226031621" resolver="sbt-chain" artresolver="sbt-chain" homepage="" downloaded="false" searched="false" default="false" conf="default(compile), default, compile, runtime, master" position="19">
				<metadata-artifact status="no" details="" size="3703" time="0" location="/home/diego/.ivy2/cache/oauth.signpost/signpost-commonshttp4/ivy-1.2.1.2.xml" searched="false" origin-is-local="false" origin-location="file:/home/diego/Downloads/development/activator-1.0.13/repository/oauth.signpost/signpost-commonshttp4/1.2.1.2/ivys/ivy.xml"/>
				<caller organisation="mproject" name="mproject$sources_javadoc_2.10" conf="test, compile, runtime" rev="1.2.1.2" rev-constraint-default="1.2.1.2" rev-constraint-dynamic="1.2.1.2" callerrev="1.0-SNAPSHOT"/>
				<artifacts>
					<artifact name="signpost-commonshttp4" type="src" ext="jar" extra-classifier="sources" status="no" details="" size="4178" time="0" location="/home/diego/.ivy2/cache/oauth.signpost/signpost-commonshttp4/srcs/signpost-commonshttp4-1.2.1.2-sources.jar">
						<origin-location is-local="false" location="http://repo1.maven.org/maven2/oauth/signpost/signpost-commonshttp4/1.2.1.2/signpost-commonshttp4-1.2.1.2-sources.jar"/>
					</artifact>
					<artifact name="signpost-commonshttp4" type="jar" ext="jar" status="no" details="" size="6512" time="0" location="/home/diego/.ivy2/cache/oauth.signpost/signpost-commonshttp4/jars/signpost-commonshttp4-1.2.1.2.jar">
						<origin-location is-local="false" location="file:/home/diego/Downloads/development/activator-1.0.13/repository/oauth.signpost/signpost-commonshttp4/1.2.1.2/jars/signpost-commonshttp4.jar"/>
					</artifact>
					<artifact name="signpost-commonshttp4" type="doc" ext="jar" extra-classifier="javadoc" status="no" details="" size="42825" time="0" location="/home/diego/.ivy2/cache/oauth.signpost/signpost-commonshttp4/docs/signpost-commonshttp4-1.2.1.2-javadoc.jar">
						<origin-location is-local="false" location="http://repo1.maven.org/maven2/oauth/signpost/signpost-commonshttp4/1.2.1.2/signpost-commonshttp4-1.2.1.2-javadoc.jar"/>
					</artifact>
				</artifacts>
			</revision>
		</module>
		<module organisation="oauth.signpost" name="signpost-core">
			<revision name="1.2.1.2" status="release" pubdate="20120226031606" resolver="sbt-chain" artresolver="sbt-chain" homepage="" downloaded="false" searched="false" default="false" conf="default(compile), default, compile, runtime, master" position="18">
				<metadata-artifact status="no" details="" size="3129" time="0" location="/home/diego/.ivy2/cache/oauth.signpost/signpost-core/ivy-1.2.1.2.xml" searched="false" origin-is-local="false" origin-location="file:/home/diego/Downloads/development/activator-1.0.13/repository/oauth.signpost/signpost-core/1.2.1.2/ivys/ivy.xml"/>
				<caller organisation="mproject" name="mproject$sources_javadoc_2.10" conf="test, compile, runtime" rev="1.2.1.2" rev-constraint-default="1.2.1.2" rev-constraint-dynamic="1.2.1.2" callerrev="1.0-SNAPSHOT"/>
				<artifacts>
					<artifact name="signpost-core" type="src" ext="jar" extra-classifier="sources" status="no" details="" size="50062" time="0" location="/home/diego/.ivy2/cache/oauth.signpost/signpost-core/srcs/signpost-core-1.2.1.2-sources.jar">
						<origin-location is-local="false" location="http://repo1.maven.org/maven2/oauth/signpost/signpost-core/1.2.1.2/signpost-core-1.2.1.2-sources.jar"/>
					</artifact>
					<artifact name="signpost-core" type="doc" ext="jar" extra-classifier="javadoc" status="no" details="" size="255054" time="0" location="/home/diego/.ivy2/cache/oauth.signpost/signpost-core/docs/signpost-core-1.2.1.2-javadoc.jar">
						<origin-location is-local="false" location="http://repo1.maven.org/maven2/oauth/signpost/signpost-core/1.2.1.2/signpost-core-1.2.1.2-javadoc.jar"/>
					</artifact>
					<artifact name="signpost-core" type="jar" ext="jar" status="no" details="" size="45277" time="0" location="/home/diego/.ivy2/cache/oauth.signpost/signpost-core/jars/signpost-core-1.2.1.2.jar">
						<origin-location is-local="false" location="file:/home/diego/Downloads/development/activator-1.0.13/repository/oauth.signpost/signpost-core/1.2.1.2/jars/signpost-core.jar"/>
					</artifact>
				</artifacts>
			</revision>
		</module>
		<module organisation="com.ning" name="async-http-client">
			<revision name="1.7.6" status="release" pubdate="20120828002241" resolver="public" artresolver="public" homepage="http://github.com/sonatype/async-http-client" downloaded="false" searched="false" default="false" conf="default(compile), default, compile, runtime, master" position="17">
				<license name="Apache License 2.0" url="http://www.apache.org/licenses/LICENSE-2.0.html"/>
				<metadata-artifact status="no" details="" size="7137" time="0" location="/home/diego/.ivy2/cache/com.ning/async-http-client/ivy-1.7.6.xml" searched="false" origin-is-local="false" origin-location="http://repo1.maven.org/maven2/com/ning/async-http-client/1.7.6/async-http-client-1.7.6.pom"/>
				<caller organisation="mproject" name="mproject$sources_javadoc_2.10" conf="test, compile, runtime" rev="1.7.6" rev-constraint-default="1.7.6" rev-constraint-dynamic="1.7.6" callerrev="1.0-SNAPSHOT"/>
				<artifacts>
					<artifact name="async-http-client" type="doc" ext="jar" extra-classifier="javadoc" status="no" details="" size="1106041" time="0" location="/home/diego/.ivy2/cache/com.ning/async-http-client/docs/async-http-client-1.7.6-javadoc.jar">
						<origin-location is-local="false" location="http://repo1.maven.org/maven2/com/ning/async-http-client/1.7.6/async-http-client-1.7.6-javadoc.jar"/>
					</artifact>
					<artifact name="async-http-client" type="src" ext="jar" extra-classifier="sources" status="no" details="" size="279797" time="0" location="/home/diego/.ivy2/cache/com.ning/async-http-client/srcs/async-http-client-1.7.6-sources.jar">
						<origin-location is-local="false" location="http://repo1.maven.org/maven2/com/ning/async-http-client/1.7.6/async-http-client-1.7.6-sources.jar"/>
					</artifact>
					<artifact name="async-http-client" type="jar" ext="jar" status="no" details="" size="477054" time="0" location="/home/diego/.ivy2/cache/com.ning/async-http-client/jars/async-http-client-1.7.6.jar">
						<origin-location is-local="false" location="http://repo1.maven.org/maven2/com/ning/async-http-client/1.7.6/async-http-client-1.7.6.jar"/>
					</artifact>
				</artifacts>
			</revision>
		</module>
		<module organisation="commons-logging" name="commons-logging">
			<revision name="1.1.1" status="release" pubdate="20071126212410" resolver="sbt-chain" artresolver="sbt-chain" homepage="http://commons.apache.org/logging" downloaded="false" searched="false" default="false" conf="default(compile), default, compile, runtime, master" position="20">
				<metadata-artifact status="no" details="" size="3941" time="0" location="/home/diego/.ivy2/cache/commons-logging/commons-logging/ivy-1.1.1.xml" searched="false" origin-is-local="false" origin-location="http://repo1.maven.org/maven2/commons-logging/commons-logging/1.1.1/commons-logging-1.1.1.pom"/>
				<caller organisation="mproject" name="mproject$sources_javadoc_2.10" conf="test, compile, runtime" rev="1.1.1" rev-constraint-default="1.1.1" rev-constraint-dynamic="1.1.1" callerrev="1.0-SNAPSHOT"/>
				<artifacts>
					<artifact name="commons-logging" type="doc" ext="jar" extra-classifier="javadoc" status="no" details="" size="141399" time="0" location="/home/diego/.ivy2/cache/commons-logging/commons-logging/docs/commons-logging-1.1.1-javadoc.jar">
						<origin-location is-local="false" location="http://repo1.maven.org/maven2/commons-logging/commons-logging/1.1.1/commons-logging-1.1.1-javadoc.jar"/>
					</artifact>
					<artifact name="commons-logging" type="jar" ext="jar" status="no" details="" size="60686" time="0" location="/home/diego/.ivy2/cache/commons-logging/commons-logging/jars/commons-logging-1.1.1.jar">
						<origin-location is-local="false" location="http://repo1.maven.org/maven2/commons-logging/commons-logging/1.1.1/commons-logging-1.1.1.jar"/>
					</artifact>
					<artifact name="commons-logging" type="src" ext="jar" extra-classifier="sources" status="no" details="" size="74976" time="0" location="/home/diego/.ivy2/cache/commons-logging/commons-logging/srcs/commons-logging-1.1.1-sources.jar">
						<origin-location is-local="false" location="http://repo1.maven.org/maven2/commons-logging/commons-logging/1.1.1/commons-logging-1.1.1-sources.jar"/>
					</artifact>
				</artifacts>
			</revision>
		</module>
		<module organisation="commons-io" name="commons-io">
			<revision name="2.0.1" status="release" pubdate="20101226121931" resolver="sbt-chain" artresolver="sbt-chain" homepage="http://commons.apache.org/io/" downloaded="false" searched="false" default="false" conf="default(compile), default, compile, runtime, master" position="90">
				<metadata-artifact status="no" details="" size="6228" time="0" location="/home/diego/.ivy2/cache/commons-io/commons-io/ivy-2.0.1.xml" searched="false" origin-is-local="false" origin-location="file:/home/diego/Downloads/development/activator-1.0.13/repository/commons-io/commons-io/2.0.1/ivys/ivy.xml"/>
				<caller organisation="mproject" name="mproject$sources_javadoc_2.10" conf="test, compile, runtime" rev="2.0.1" rev-constraint-default="2.0.1" rev-constraint-dynamic="2.0.1" callerrev="1.0-SNAPSHOT"/>
				<artifacts>
					<artifact name="commons-io" type="src" ext="jar" extra-classifier="sources" status="no" details="" size="232877" time="0" location="/home/diego/.ivy2/cache/commons-io/commons-io/srcs/commons-io-2.0.1-sources.jar">
						<origin-location is-local="false" location="http://repo1.maven.org/maven2/commons-io/commons-io/2.0.1/commons-io-2.0.1-sources.jar"/>
					</artifact>
					<artifact name="commons-io" type="jar" ext="jar" status="no" details="" size="159509" time="0" location="/home/diego/.ivy2/cache/commons-io/commons-io/jars/commons-io-2.0.1.jar">
						<origin-location is-local="false" location="file:/home/diego/Downloads/development/activator-1.0.13/repository/commons-io/commons-io/2.0.1/jars/commons-io.jar"/>
					</artifact>
					<artifact name="commons-io" type="doc" ext="jar" extra-classifier="javadoc" status="no" details="" size="1099801" time="0" location="/home/diego/.ivy2/cache/commons-io/commons-io/docs/commons-io-2.0.1-javadoc.jar">
						<origin-location is-local="false" location="http://repo1.maven.org/maven2/commons-io/commons-io/2.0.1/commons-io-2.0.1-javadoc.jar"/>
					</artifact>
				</artifacts>
			</revision>
		</module>
		<module organisation="org.apache.commons" name="commons-lang3">
			<revision name="3.1" status="release" pubdate="20111115082705" resolver="sbt-chain" artresolver="sbt-chain" homepage="http://commons.apache.org/lang/" downloaded="false" searched="false" default="false" conf="default(compile), default, compile, runtime, master" position="16">
				<metadata-artifact status="no" details="" size="7774" time="0" location="/home/diego/.ivy2/cache/org.apache.commons/commons-lang3/ivy-3.1.xml" searched="false" origin-is-local="false" origin-location="http://repo1.maven.org/maven2/org/apache/commons/commons-lang3/3.1/commons-lang3-3.1.pom"/>
				<caller organisation="mproject" name="mproject$sources_javadoc_2.10" conf="test, compile, runtime" rev="3.1" rev-constraint-default="3.1" rev-constraint-dynamic="3.1" callerrev="1.0-SNAPSHOT"/>
				<artifacts>
					<artifact name="commons-lang3" type="doc" ext="jar" extra-classifier="javadoc" status="no" details="" size="1765707" time="0" location="/home/diego/.ivy2/cache/org.apache.commons/commons-lang3/docs/commons-lang3-3.1-javadoc.jar">
						<origin-location is-local="false" location="http://repo1.maven.org/maven2/org/apache/commons/commons-lang3/3.1/commons-lang3-3.1-javadoc.jar"/>
					</artifact>
					<artifact name="commons-lang3" type="jar" ext="jar" status="no" details="" size="315805" time="0" location="/home/diego/.ivy2/cache/org.apache.commons/commons-lang3/jars/commons-lang3-3.1.jar">
						<origin-location is-local="false" location="http://repo1.maven.org/maven2/org/apache/commons/commons-lang3/3.1/commons-lang3-3.1.jar"/>
					</artifact>
					<artifact name="commons-lang3" type="src" ext="jar" extra-classifier="sources" status="no" details="" size="393048" time="0" location="/home/diego/.ivy2/cache/org.apache.commons/commons-lang3/srcs/commons-lang3-3.1-sources.jar">
						<origin-location is-local="false" location="http://repo1.maven.org/maven2/org/apache/commons/commons-lang3/3.1/commons-lang3-3.1-sources.jar"/>
					</artifact>
				</artifacts>
			</revision>
		</module>
		<module organisation="joda-time" name="joda-time">
			<revision name="2.1" status="release" pubdate="20120222172242" resolver="public" artresolver="public" homepage="http://joda-time.sourceforge.net" downloaded="false" searched="false" default="false" conf="default(compile), default, compile, runtime, master" position="14">
				<license name="Apache 2" url="http://www.apache.org/licenses/LICENSE-2.0.txt"/>
				<metadata-artifact status="no" details="" size="3297" time="0" location="/home/diego/.ivy2/cache/joda-time/joda-time/ivy-2.1.xml" searched="false" origin-is-local="false" origin-location="http://repo1.maven.org/maven2/joda-time/joda-time/2.1/joda-time-2.1.pom"/>
				<caller organisation="mproject" name="mproject$sources_javadoc_2.10" conf="test, compile, runtime" rev="2.1" rev-constraint-default="2.1" rev-constraint-dynamic="2.1" callerrev="1.0-SNAPSHOT"/>
				<artifacts>
					<artifact name="joda-time" type="doc" ext="jar" extra-classifier="javadoc" status="no" details="" size="1312149" time="0" location="/home/diego/.ivy2/cache/joda-time/joda-time/docs/joda-time-2.1-javadoc.jar">
						<origin-location is-local="false" location="http://repo1.maven.org/maven2/joda-time/joda-time/2.1/joda-time-2.1-javadoc.jar"/>
					</artifact>
					<artifact name="joda-time" type="src" ext="jar" extra-classifier="sources" status="no" details="" size="700266" time="0" location="/home/diego/.ivy2/cache/joda-time/joda-time/srcs/joda-time-2.1-sources.jar">
						<origin-location is-local="false" location="http://repo1.maven.org/maven2/joda-time/joda-time/2.1/joda-time-2.1-sources.jar"/>
					</artifact>
					<artifact name="joda-time" type="jar" ext="jar" status="no" details="" size="570478" time="0" location="/home/diego/.ivy2/cache/joda-time/joda-time/jars/joda-time-2.1.jar">
						<origin-location is-local="false" location="http://repo1.maven.org/maven2/joda-time/joda-time/2.1/joda-time-2.1.jar"/>
					</artifact>
				</artifacts>
			</revision>
		</module>
		<module organisation="org.joda" name="joda-convert">
			<revision name="1.2" status="release" pubdate="20111027215117" resolver="public" artresolver="public" homepage="http://joda-convert.sourceforge.net" downloaded="false" searched="false" default="false" conf="default(compile), default, compile, runtime, master" position="15">
				<license name="Apache 2" url="http://www.apache.org/licenses/LICENSE-2.0.txt"/>
				<metadata-artifact status="no" details="" size="3114" time="0" location="/home/diego/.ivy2/cache/org.joda/joda-convert/ivy-1.2.xml" searched="false" origin-is-local="false" origin-location="http://repo1.maven.org/maven2/org/joda/joda-convert/1.2/joda-convert-1.2.pom"/>
				<caller organisation="mproject" name="mproject$sources_javadoc_2.10" conf="test, compile, runtime" rev="1.2" rev-constraint-default="1.2" rev-constraint-dynamic="1.2" callerrev="1.0-SNAPSHOT"/>
				<artifacts>
					<artifact name="joda-convert" type="jar" ext="jar" status="no" details="" size="38460" time="0" location="/home/diego/.ivy2/cache/org.joda/joda-convert/jars/joda-convert-1.2.jar">
						<origin-location is-local="false" location="http://repo1.maven.org/maven2/org/joda/joda-convert/1.2/joda-convert-1.2.jar"/>
					</artifact>
					<artifact name="joda-convert" type="doc" ext="jar" extra-classifier="javadoc" status="no" details="" size="56597" time="0" location="/home/diego/.ivy2/cache/org.joda/joda-convert/docs/joda-convert-1.2-javadoc.jar">
						<origin-location is-local="false" location="http://repo1.maven.org/maven2/org/joda/joda-convert/1.2/joda-convert-1.2-javadoc.jar"/>
					</artifact>
					<artifact name="joda-convert" type="src" ext="jar" extra-classifier="sources" status="no" details="" size="19105" time="0" location="/home/diego/.ivy2/cache/org.joda/joda-convert/srcs/joda-convert-1.2-sources.jar">
						<origin-location is-local="false" location="http://repo1.maven.org/maven2/org/joda/joda-convert/1.2/joda-convert-1.2-sources.jar"/>
					</artifact>
				</artifacts>
			</revision>
		</module>
		<module organisation="com.typesafe.akka" name="akka-slf4j_2.10">
			<revision name="2.1.0" status="release" pubdate="20121222132327" resolver="public" artresolver="public" homepage="http://akka.io" downloaded="false" searched="false" default="false" conf="default(compile), default, compile, runtime, master" position="13">
				<license name="Apache 2" url="http://www.apache.org/licenses/LICENSE-2.0.txt"/>
				<metadata-artifact status="no" details="" size="3029" time="0" location="/home/diego/.ivy2/cache/com.typesafe.akka/akka-slf4j_2.10/ivy-2.1.0.xml" searched="false" origin-is-local="false" origin-location="http://repo1.maven.org/maven2/com/typesafe/akka/akka-slf4j_2.10/2.1.0/akka-slf4j_2.10-2.1.0.pom"/>
				<caller organisation="mproject" name="mproject$sources_javadoc_2.10" conf="test, compile, runtime" rev="2.1.0" rev-constraint-default="2.1.0" rev-constraint-dynamic="2.1.0" callerrev="1.0-SNAPSHOT"/>
				<artifacts>
					<artifact name="akka-slf4j_2.10" type="doc" ext="jar" extra-classifier="javadoc" status="no" details="" size="357812" time="0" location="/home/diego/.ivy2/cache/com.typesafe.akka/akka-slf4j_2.10/docs/akka-slf4j_2.10-2.1.0-javadoc.jar">
						<origin-location is-local="false" location="http://repo1.maven.org/maven2/com/typesafe/akka/akka-slf4j_2.10/2.1.0/akka-slf4j_2.10-2.1.0-javadoc.jar"/>
					</artifact>
					<artifact name="akka-slf4j_2.10" type="jar" ext="jar" status="no" details="" size="13426" time="0" location="/home/diego/.ivy2/cache/com.typesafe.akka/akka-slf4j_2.10/jars/akka-slf4j_2.10-2.1.0.jar">
						<origin-location is-local="false" location="http://repo1.maven.org/maven2/com/typesafe/akka/akka-slf4j_2.10/2.1.0/akka-slf4j_2.10-2.1.0.jar"/>
					</artifact>
					<artifact name="akka-slf4j_2.10" type="src" ext="jar" extra-classifier="sources" status="no" details="" size="1779" time="0" location="/home/diego/.ivy2/cache/com.typesafe.akka/akka-slf4j_2.10/srcs/akka-slf4j_2.10-2.1.0-sources.jar">
						<origin-location is-local="false" location="http://repo1.maven.org/maven2/com/typesafe/akka/akka-slf4j_2.10/2.1.0/akka-slf4j_2.10-2.1.0-sources.jar"/>
					</artifact>
				</artifacts>
			</revision>
		</module>
		<module organisation="com.typesafe.akka" name="akka-actor_2.10">
			<revision name="2.1.0" status="release" pubdate="20121222132239" resolver="public" artresolver="public" homepage="http://akka.io" downloaded="false" searched="false" default="false" conf="default(compile), default, compile, runtime, master" position="12">
				<license name="Apache 2" url="http://www.apache.org/licenses/LICENSE-2.0.txt"/>
				<metadata-artifact status="no" details="" size="2641" time="0" location="/home/diego/.ivy2/cache/com.typesafe.akka/akka-actor_2.10/ivy-2.1.0.xml" searched="false" origin-is-local="false" origin-location="http://repo1.maven.org/maven2/com/typesafe/akka/akka-actor_2.10/2.1.0/akka-actor_2.10-2.1.0.pom"/>
				<caller organisation="mproject" name="mproject$sources_javadoc_2.10" conf="test, compile, runtime" rev="2.1.0" rev-constraint-default="2.1.0" rev-constraint-dynamic="2.1.0" callerrev="1.0-SNAPSHOT"/>
				<artifacts>
					<artifact name="akka-actor_2.10" type="jar" ext="jar" status="no" details="" size="1892369" time="0" location="/home/diego/.ivy2/cache/com.typesafe.akka/akka-actor_2.10/jars/akka-actor_2.10-2.1.0.jar">
						<origin-location is-local="false" location="http://repo1.maven.org/maven2/com/typesafe/akka/akka-actor_2.10/2.1.0/akka-actor_2.10-2.1.0.jar"/>
					</artifact>
					<artifact name="akka-actor_2.10" type="src" ext="jar" extra-classifier="sources" status="no" details="" size="240996" time="0" location="/home/diego/.ivy2/cache/com.typesafe.akka/akka-actor_2.10/srcs/akka-actor_2.10-2.1.0-sources.jar">
						<origin-location is-local="false" location="http://repo1.maven.org/maven2/com/typesafe/akka/akka-actor_2.10/2.1.0/akka-actor_2.10-2.1.0-sources.jar"/>
					</artifact>
					<artifact name="akka-actor_2.10" type="doc" ext="jar" extra-classifier="javadoc" status="no" details="" size="1931959" time="0" location="/home/diego/.ivy2/cache/com.typesafe.akka/akka-actor_2.10/docs/akka-actor_2.10-2.1.0-javadoc.jar">
						<origin-location is-local="false" location="http://repo1.maven.org/maven2/com/typesafe/akka/akka-actor_2.10/2.1.0/akka-actor_2.10-2.1.0-javadoc.jar"/>
					</artifact>
				</artifacts>
			</revision>
		</module>
		<module organisation="ch.qos.logback" name="logback-classic">
			<revision name="1.0.7" status="release" pubdate="20120824001347" resolver="public" artresolver="public" homepage="http://logback.qos.ch" downloaded="false" searched="false" default="false" conf="default(compile), default, compile, runtime, master" position="11">
				<license name="Eclipse Public License - v 1.0" url="http://www.eclipse.org/legal/epl-v10.html"/>
				<license name="GNU Lesser General Public License" url="http://www.gnu.org/licenses/old-licenses/lgpl-2.1.html"/>
				<metadata-artifact status="no" details="" size="10066" time="0" location="/home/diego/.ivy2/cache/ch.qos.logback/logback-classic/ivy-1.0.7.xml" searched="false" origin-is-local="false" origin-location="http://repo1.maven.org/maven2/ch/qos/logback/logback-classic/1.0.7/logback-classic-1.0.7.pom"/>
				<caller organisation="mproject" name="mproject$sources_javadoc_2.10" conf="test, compile, runtime" rev="1.0.7" rev-constraint-default="1.0.7" rev-constraint-dynamic="1.0.7" callerrev="1.0-SNAPSHOT"/>
				<artifacts>
					<artifact name="logback-classic" type="src" ext="jar" extra-classifier="sources" status="no" details="" size="202168" time="0" location="/home/diego/.ivy2/cache/ch.qos.logback/logback-classic/srcs/logback-classic-1.0.7-sources.jar">
						<origin-location is-local="false" location="http://repo1.maven.org/maven2/ch/qos/logback/logback-classic/1.0.7/logback-classic-1.0.7-sources.jar"/>
					</artifact>
					<artifact name="logback-classic" type="doc" ext="jar" extra-classifier="javadoc" status="no" details="" size="968928" time="0" location="/home/diego/.ivy2/cache/ch.qos.logback/logback-classic/docs/logback-classic-1.0.7-javadoc.jar">
						<origin-location is-local="false" location="http://repo1.maven.org/maven2/ch/qos/logback/logback-classic/1.0.7/logback-classic-1.0.7-javadoc.jar"/>
					</artifact>
					<artifact name="logback-classic" type="jar" ext="jar" status="no" details="" size="251679" time="0" location="/home/diego/.ivy2/cache/ch.qos.logback/logback-classic/jars/logback-classic-1.0.7.jar">
						<origin-location is-local="false" location="http://repo1.maven.org/maven2/ch/qos/logback/logback-classic/1.0.7/logback-classic-1.0.7.jar"/>
					</artifact>
				</artifacts>
			</revision>
		</module>
		<module organisation="dom4j" name="dom4j">
			<revision name="1.6.1" status="release" pubdate="20060210073318" resolver="sbt-chain" artresolver="sbt-chain" homepage="http://dom4j.org" downloaded="false" searched="false" default="false" conf="default(compile), default, compile, runtime, master" position="38">
				<metadata-artifact status="no" details="" size="3643" time="0" location="/home/diego/.ivy2/cache/dom4j/dom4j/ivy-1.6.1.xml" searched="false" origin-is-local="false" origin-location="file:/home/diego/Downloads/development/activator-1.0.13/repository/dom4j/dom4j/1.6.1/ivys/ivy.xml"/>
				<caller organisation="mproject" name="mproject$sources_javadoc_2.10" conf="test, compile, runtime" rev="1.6.1" rev-constraint-default="1.6.1" rev-constraint-dynamic="1.6.1" callerrev="1.0-SNAPSHOT"/>
				<artifacts>
					<artifact name="dom4j" type="src" ext="jar" extra-classifier="sources" status="no" details="" size="432186" time="0" location="/home/diego/.ivy2/cache/dom4j/dom4j/srcs/dom4j-1.6.1-sources.jar">
						<origin-location is-local="false" location="http://repo1.maven.org/maven2/dom4j/dom4j/1.6.1/dom4j-1.6.1-sources.jar"/>
					</artifact>
					<artifact name="dom4j" type="jar" ext="jar" status="no" details="" size="313898" time="0" location="/home/diego/.ivy2/cache/dom4j/dom4j/jars/dom4j-1.6.1.jar">
						<origin-location is-local="false" location="file:/home/diego/Downloads/development/activator-1.0.13/repository/dom4j/dom4j/1.6.1/jars/dom4j.jar"/>
					</artifact>
				</artifacts>
			</revision>
		</module>
		<module organisation="ch.qos.logback" name="logback-core">
			<revision name="1.0.7" status="release" pubdate="20120824001302" resolver="public" artresolver="public" homepage="http://logback.qos.ch" downloaded="false" searched="false" default="false" conf="default(compile), default, compile, runtime, master" position="10">
				<license name="Eclipse Public License - v 1.0" url="http://www.eclipse.org/legal/epl-v10.html"/>
				<license name="GNU Lesser General Public License" url="http://www.gnu.org/licenses/old-licenses/lgpl-2.1.html"/>
				<metadata-artifact status="no" details="" size="9604" time="0" location="/home/diego/.ivy2/cache/ch.qos.logback/logback-core/ivy-1.0.7.xml" searched="false" origin-is-local="false" origin-location="http://repo1.maven.org/maven2/ch/qos/logback/logback-core/1.0.7/logback-core-1.0.7.pom"/>
				<caller organisation="mproject" name="mproject$sources_javadoc_2.10" conf="test, compile, runtime" rev="1.0.7" rev-constraint-default="1.0.7" rev-constraint-dynamic="1.0.7" callerrev="1.0-SNAPSHOT"/>
				<artifacts>
					<artifact name="logback-core" type="doc" ext="jar" extra-classifier="javadoc" status="no" details="" size="1619981" time="0" location="/home/diego/.ivy2/cache/ch.qos.logback/logback-core/docs/logback-core-1.0.7-javadoc.jar">
						<origin-location is-local="false" location="http://repo1.maven.org/maven2/ch/qos/logback/logback-core/1.0.7/logback-core-1.0.7-javadoc.jar"/>
					</artifact>
					<artifact name="logback-core" type="src" ext="jar" extra-classifier="sources" status="no" details="" size="305766" time="0" location="/home/diego/.ivy2/cache/ch.qos.logback/logback-core/srcs/logback-core-1.0.7-sources.jar">
						<origin-location is-local="false" location="http://repo1.maven.org/maven2/ch/qos/logback/logback-core/1.0.7/logback-core-1.0.7-sources.jar"/>
					</artifact>
					<artifact name="logback-core" type="jar" ext="jar" status="no" details="" size="364399" time="0" location="/home/diego/.ivy2/cache/ch.qos.logback/logback-core/jars/logback-core-1.0.7.jar">
						<origin-location is-local="false" location="http://repo1.maven.org/maven2/ch/qos/logback/logback-core/1.0.7/logback-core-1.0.7.jar"/>
					</artifact>
				</artifacts>
			</revision>
		</module>
		<module organisation="org.slf4j" name="jcl-over-slf4j">
			<revision name="1.6.6" status="release" pubdate="20120611164300" resolver="public" artresolver="public" homepage="http://www.slf4j.org" downloaded="false" searched="false" default="false" conf="default(compile), default, compile, runtime, master" position="9">
				<metadata-artifact status="no" details="" size="4573" time="0" location="/home/diego/.ivy2/cache/org.slf4j/jcl-over-slf4j/ivy-1.6.6.xml" searched="false" origin-is-local="false" origin-location="http://repo1.maven.org/maven2/org/slf4j/jcl-over-slf4j/1.6.6/jcl-over-slf4j-1.6.6.pom"/>
				<caller organisation="mproject" name="mproject$sources_javadoc_2.10" conf="test, compile, runtime" rev="1.6.6" rev-constraint-default="1.6.6" rev-constraint-dynamic="1.6.6" callerrev="1.0-SNAPSHOT"/>
				<artifacts>
					<artifact name="jcl-over-slf4j" type="src" ext="jar" extra-classifier="sources" status="no" details="" size="22965" time="0" location="/home/diego/.ivy2/cache/org.slf4j/jcl-over-slf4j/srcs/jcl-over-slf4j-1.6.6-sources.jar">
						<origin-location is-local="false" location="http://repo1.maven.org/maven2/org/slf4j/jcl-over-slf4j/1.6.6/jcl-over-slf4j-1.6.6-sources.jar"/>
					</artifact>
					<artifact name="jcl-over-slf4j" type="doc" ext="jar" extra-classifier="javadoc" status="no" details="" size="91004" time="0" location="/home/diego/.ivy2/cache/org.slf4j/jcl-over-slf4j/docs/jcl-over-slf4j-1.6.6-javadoc.jar">
						<origin-location is-local="false" location="http://repo1.maven.org/maven2/org/slf4j/jcl-over-slf4j/1.6.6/jcl-over-slf4j-1.6.6-javadoc.jar"/>
					</artifact>
					<artifact name="jcl-over-slf4j" type="jar" ext="jar" status="no" details="" size="17289" time="0" location="/home/diego/.ivy2/cache/org.slf4j/jcl-over-slf4j/jars/jcl-over-slf4j-1.6.6.jar">
						<origin-location is-local="false" location="http://repo1.maven.org/maven2/org/slf4j/jcl-over-slf4j/1.6.6/jcl-over-slf4j-1.6.6.jar"/>
					</artifact>
				</artifacts>
			</revision>
		</module>
		<module organisation="org.slf4j" name="jul-to-slf4j">
			<revision name="1.6.6" status="release" pubdate="20120611164322" resolver="public" artresolver="public" homepage="http://www.slf4j.org" downloaded="false" searched="false" default="false" conf="default(compile), default, compile, runtime, master" position="8">
				<metadata-artifact status="no" details="" size="4612" time="0" location="/home/diego/.ivy2/cache/org.slf4j/jul-to-slf4j/ivy-1.6.6.xml" searched="false" origin-is-local="false" origin-location="http://repo1.maven.org/maven2/org/slf4j/jul-to-slf4j/1.6.6/jul-to-slf4j-1.6.6.pom"/>
				<caller organisation="mproject" name="mproject$sources_javadoc_2.10" conf="test, compile, runtime" rev="1.6.6" rev-constraint-default="1.6.6" rev-constraint-dynamic="1.6.6" callerrev="1.0-SNAPSHOT"/>
				<artifacts>
					<artifact name="jul-to-slf4j" type="jar" ext="jar" status="no" details="" size="4955" time="0" location="/home/diego/.ivy2/cache/org.slf4j/jul-to-slf4j/jars/jul-to-slf4j-1.6.6.jar">
						<origin-location is-local="false" location="http://repo1.maven.org/maven2/org/slf4j/jul-to-slf4j/1.6.6/jul-to-slf4j-1.6.6.jar"/>
					</artifact>
					<artifact name="jul-to-slf4j" type="src" ext="jar" extra-classifier="sources" status="no" details="" size="4740" time="0" location="/home/diego/.ivy2/cache/org.slf4j/jul-to-slf4j/srcs/jul-to-slf4j-1.6.6-sources.jar">
						<origin-location is-local="false" location="http://repo1.maven.org/maven2/org/slf4j/jul-to-slf4j/1.6.6/jul-to-slf4j-1.6.6-sources.jar"/>
					</artifact>
					<artifact name="jul-to-slf4j" type="doc" ext="jar" extra-classifier="javadoc" status="no" details="" size="24232" time="0" location="/home/diego/.ivy2/cache/org.slf4j/jul-to-slf4j/docs/jul-to-slf4j-1.6.6-javadoc.jar">
						<origin-location is-local="false" location="http://repo1.maven.org/maven2/org/slf4j/jul-to-slf4j/1.6.6/jul-to-slf4j-1.6.6-javadoc.jar"/>
					</artifact>
				</artifacts>
			</revision>
		</module>
		<module organisation="org.slf4j" name="slf4j-api">
			<revision name="1.6.6" status="release" pubdate="20120611164148" resolver="public" artresolver="public" homepage="http://www.slf4j.org" downloaded="false" searched="false" default="false" conf="default(compile), default, compile, runtime, master" position="7">
				<metadata-artifact status="no" details="" size="4409" time="0" location="/home/diego/.ivy2/cache/org.slf4j/slf4j-api/ivy-1.6.6.xml" searched="false" origin-is-local="false" origin-location="http://repo1.maven.org/maven2/org/slf4j/slf4j-api/1.6.6/slf4j-api-1.6.6.pom"/>
				<caller organisation="mproject" name="mproject$sources_javadoc_2.10" conf="test, compile, runtime" rev="1.6.6" rev-constraint-default="1.6.6" rev-constraint-dynamic="1.6.6" callerrev="1.0-SNAPSHOT"/>
				<artifacts>
					<artifact name="slf4j-api" type="doc" ext="jar" extra-classifier="javadoc" status="no" details="" size="178569" time="0" location="/home/diego/.ivy2/cache/org.slf4j/slf4j-api/docs/slf4j-api-1.6.6-javadoc.jar">
						<origin-location is-local="false" location="http://repo1.maven.org/maven2/org/slf4j/slf4j-api/1.6.6/slf4j-api-1.6.6-javadoc.jar"/>
					</artifact>
					<artifact name="slf4j-api" type="jar" ext="jar" status="no" details="" size="26176" time="0" location="/home/diego/.ivy2/cache/org.slf4j/slf4j-api/jars/slf4j-api-1.6.6.jar">
						<origin-location is-local="false" location="http://repo1.maven.org/maven2/org/slf4j/slf4j-api/1.6.6/slf4j-api-1.6.6.jar"/>
					</artifact>
					<artifact name="slf4j-api" type="src" ext="jar" extra-classifier="sources" status="no" details="" size="46670" time="0" location="/home/diego/.ivy2/cache/org.slf4j/slf4j-api/srcs/slf4j-api-1.6.6-sources.jar">
						<origin-location is-local="false" location="http://repo1.maven.org/maven2/org/slf4j/slf4j-api/1.6.6/slf4j-api-1.6.6-sources.jar"/>
					</artifact>
				</artifacts>
			</revision>
		</module>
		<module organisation="com.typesafe" name="config">
			<revision name="1.0.0" status="release" pubdate="20130506134453" resolver="sbt-chain" artresolver="sbt-chain" homepage="https://github.com/typesafehub/config" downloaded="false" searched="false" default="false" conf="default(compile), default, compile, runtime, master" position="6">
				<license name="Apache License, Version 2.0" url="http://www.apache.org/licenses/LICENSE-2.0"/>
				<metadata-artifact status="no" details="" size="2725" time="0" location="/home/diego/.ivy2/cache/com.typesafe/config/ivy-1.0.0.xml" searched="false" origin-is-local="false" origin-location="http://repo.typesafe.com/typesafe/releases/com/typesafe/config/1.0.0/config-1.0.0.pom"/>
				<caller organisation="mproject" name="mproject$sources_javadoc_2.10" conf="test, compile, runtime" rev="1.0.0" rev-constraint-default="1.0.0" rev-constraint-dynamic="1.0.0" callerrev="1.0-SNAPSHOT"/>
				<artifacts>
					<artifact name="config" type="jar" ext="jar" status="no" details="" size="185676" time="0" location="/home/diego/.ivy2/cache/com.typesafe/config/jars/config-1.0.0.jar">
						<origin-location is-local="false" location="http://repo.typesafe.com/typesafe/releases/com/typesafe/config/1.0.0/config-1.0.0.jar"/>
					</artifact>
					<artifact name="config" type="doc" ext="jar" extra-classifier="javadoc" status="no" details="" size="149295" time="0" location="/home/diego/.ivy2/cache/com.typesafe/config/docs/config-1.0.0-javadoc.jar">
						<origin-location is-local="false" location="http://repo1.maven.org/maven2/com/typesafe/config/1.0.0/config-1.0.0-javadoc.jar"/>
					</artifact>
					<artifact name="config" type="src" ext="jar" extra-classifier="sources" status="no" details="" size="124199" time="0" location="/home/diego/.ivy2/cache/com.typesafe/config/srcs/config-1.0.0-sources.jar">
						<origin-location is-local="false" location="http://repo1.maven.org/maven2/com/typesafe/config/1.0.0/config-1.0.0-sources.jar"/>
					</artifact>
				</artifacts>
			</revision>
		</module>
		<module organisation="org.scala-stm" name="scala-stm_2.10.0">
			<revision name="0.6" status="release" pubdate="20121220175611" resolver="public" artresolver="public" homepage="http://nbronson.github.com/scala-stm/" downloaded="false" searched="false" default="false" conf="default(compile), default, compile, runtime, master" position="5">
				<license name="BSD" url="https://github.com/nbronson/scala-stm/blob/master/LICENSE.txt"/>
				<metadata-artifact status="no" details="" size="2535" time="0" location="/home/diego/.ivy2/cache/org.scala-stm/scala-stm_2.10.0/ivy-0.6.xml" searched="false" origin-is-local="false" origin-location="http://repo1.maven.org/maven2/org/scala-stm/scala-stm_2.10.0/0.6/scala-stm_2.10.0-0.6.pom"/>
				<caller organisation="mproject" name="mproject$sources_javadoc_2.10" conf="test, compile, runtime" rev="0.6" rev-constraint-default="0.6" rev-constraint-dynamic="0.6" callerrev="1.0-SNAPSHOT"/>
				<artifacts>
					<artifact name="scala-stm_2.10.0" type="doc" ext="jar" extra-classifier="javadoc" status="no" details="" size="915138" time="0" location="/home/diego/.ivy2/cache/org.scala-stm/scala-stm_2.10.0/docs/scala-stm_2.10.0-0.6-javadoc.jar">
						<origin-location is-local="false" location="http://repo1.maven.org/maven2/org/scala-stm/scala-stm_2.10.0/0.6/scala-stm_2.10.0-0.6-javadoc.jar"/>
					</artifact>
					<artifact name="scala-stm_2.10.0" type="src" ext="jar" extra-classifier="sources" status="no" details="" size="111870" time="0" location="/home/diego/.ivy2/cache/org.scala-stm/scala-stm_2.10.0/srcs/scala-stm_2.10.0-0.6-sources.jar">
						<origin-location is-local="false" location="http://repo1.maven.org/maven2/org/scala-stm/scala-stm_2.10.0/0.6/scala-stm_2.10.0-0.6-sources.jar"/>
					</artifact>
					<artifact name="scala-stm_2.10.0" type="jar" ext="jar" status="no" details="" size="609513" time="0" location="/home/diego/.ivy2/cache/org.scala-stm/scala-stm_2.10.0/jars/scala-stm_2.10.0-0.6.jar">
						<origin-location is-local="false" location="http://repo1.maven.org/maven2/org/scala-stm/scala-stm_2.10.0/0.6/scala-stm_2.10.0-0.6.jar"/>
					</artifact>
				</artifacts>
			</revision>
		</module>
		<module organisation="com.github.scala-incubator.io" name="scala-io-file_2.10">
			<revision name="0.4.2" status="release" pubdate="20130123022132" resolver="sbt-chain" artresolver="sbt-chain" homepage="http://jesseeichar.github.com/scala-io-doc/index.html" downloaded="false" searched="false" default="false" conf="default(compile), default, compile, runtime, master" position="2">
				<license name="Scala License" url="http://www.scala-lang.org/node/146"/>
				<metadata-artifact status="no" details="" size="2942" time="0" location="/home/diego/.ivy2/cache/com.github.scala-incubator.io/scala-io-file_2.10/ivy-0.4.2.xml" searched="false" origin-is-local="false" origin-location="file:/home/diego/Downloads/development/activator-1.0.13/repository/com.github.scala-incubator.io/scala-io-file_2.10/0.4.2/ivys/ivy.xml"/>
				<caller organisation="mproject" name="mproject$sources_javadoc_2.10" conf="test, compile, runtime" rev="0.4.2" rev-constraint-default="0.4.2" rev-constraint-dynamic="0.4.2" callerrev="1.0-SNAPSHOT"/>
				<artifacts>
					<artifact name="scala-io-file_2.10" type="jar" ext="jar" status="no" details="" size="437576" time="0" location="/home/diego/.ivy2/cache/com.github.scala-incubator.io/scala-io-file_2.10/jars/scala-io-file_2.10-0.4.2.jar">
						<origin-location is-local="false" location="file:/home/diego/Downloads/development/activator-1.0.13/repository/com.github.scala-incubator.io/scala-io-file_2.10/0.4.2/jars/scala-io-file_2.10.jar"/>
					</artifact>
					<artifact name="scala-io-file_2.10" type="doc" ext="jar" extra-classifier="javadoc" status="no" details="" size="678533" time="0" location="/home/diego/.ivy2/cache/com.github.scala-incubator.io/scala-io-file_2.10/docs/scala-io-file_2.10-0.4.2-javadoc.jar">
						<origin-location is-local="false" location="http://repo1.maven.org/maven2/com/github/scala-incubator/io/scala-io-file_2.10/0.4.2/scala-io-file_2.10-0.4.2-javadoc.jar"/>
					</artifact>
					<artifact name="scala-io-file_2.10" type="src" ext="jar" extra-classifier="sources" status="no" details="" size="45609" time="0" location="/home/diego/.ivy2/cache/com.github.scala-incubator.io/scala-io-file_2.10/srcs/scala-io-file_2.10-0.4.2-sources.jar">
						<origin-location is-local="false" location="http://repo1.maven.org/maven2/com/github/scala-incubator/io/scala-io-file_2.10/0.4.2/scala-io-file_2.10-0.4.2-sources.jar"/>
					</artifact>
				</artifacts>
			</revision>
		</module>
		<module organisation="com.github.scala-incubator.io" name="scala-io-core_2.10">
			<revision name="0.4.2" status="release" pubdate="20130123022148" resolver="sbt-chain" artresolver="sbt-chain" homepage="http://jesseeichar.github.com/scala-io-doc/index.html" downloaded="false" searched="false" default="false" conf="default(compile), default, compile, runtime, master" position="3">
				<license name="Scala License" url="http://www.scala-lang.org/node/146"/>
				<metadata-artifact status="no" details="" size="2919" time="0" location="/home/diego/.ivy2/cache/com.github.scala-incubator.io/scala-io-core_2.10/ivy-0.4.2.xml" searched="false" origin-is-local="false" origin-location="file:/home/diego/Downloads/development/activator-1.0.13/repository/com.github.scala-incubator.io/scala-io-core_2.10/0.4.2/ivys/ivy.xml"/>
				<caller organisation="mproject" name="mproject$sources_javadoc_2.10" conf="test, compile, runtime" rev="0.4.2" rev-constraint-default="0.4.2" rev-constraint-dynamic="0.4.2" callerrev="1.0-SNAPSHOT"/>
				<artifacts>
					<artifact name="scala-io-core_2.10" type="src" ext="jar" extra-classifier="sources" status="no" details="" size="101357" time="0" location="/home/diego/.ivy2/cache/com.github.scala-incubator.io/scala-io-core_2.10/srcs/scala-io-core_2.10-0.4.2-sources.jar">
						<origin-location is-local="false" location="http://repo1.maven.org/maven2/com/github/scala-incubator/io/scala-io-core_2.10/0.4.2/scala-io-core_2.10-0.4.2-sources.jar"/>
					</artifact>
					<artifact name="scala-io-core_2.10" type="doc" ext="jar" extra-classifier="javadoc" status="no" details="" size="1302674" time="0" location="/home/diego/.ivy2/cache/com.github.scala-incubator.io/scala-io-core_2.10/docs/scala-io-core_2.10-0.4.2-javadoc.jar">
						<origin-location is-local="false" location="http://repo1.maven.org/maven2/com/github/scala-incubator/io/scala-io-core_2.10/0.4.2/scala-io-core_2.10-0.4.2-javadoc.jar"/>
					</artifact>
					<artifact name="scala-io-core_2.10" type="jar" ext="jar" status="no" details="" size="1295513" time="0" location="/home/diego/.ivy2/cache/com.github.scala-incubator.io/scala-io-core_2.10/jars/scala-io-core_2.10-0.4.2.jar">
						<origin-location is-local="false" location="file:/home/diego/Downloads/development/activator-1.0.13/repository/com.github.scala-incubator.io/scala-io-core_2.10/0.4.2/jars/scala-io-core_2.10.jar"/>
					</artifact>
				</artifacts>
			</revision>
		</module>
		<module organisation="com.jsuereth" name="scala-arm_2.10">
			<revision name="1.3" status="release" pubdate="20130121120254" resolver="sbt-chain" artresolver="sbt-chain" homepage="http://jsuereth.com/scala-arm" downloaded="false" searched="false" default="false" conf="default(compile), default, compile, runtime, master" position="4">
				<license name="BSD-style" url="http://www.opensource.org/licenses/bsd-license.php"/>
				<metadata-artifact status="no" details="" size="2970" time="0" location="/home/diego/.ivy2/cache/com.jsuereth/scala-arm_2.10/ivy-1.3.xml" searched="false" origin-is-local="false" origin-location="file:/home/diego/Downloads/development/activator-1.0.13/repository/com.jsuereth/scala-arm_2.10/1.3/ivys/ivy.xml"/>
				<caller organisation="mproject" name="mproject$sources_javadoc_2.10" conf="test, compile, runtime" rev="1.3" rev-constraint-default="1.3" rev-constraint-dynamic="1.3" callerrev="1.0-SNAPSHOT"/>
				<artifacts>
					<artifact name="scala-arm_2.10" type="jar" ext="jar" status="no" details="" size="75459" time="0" location="/home/diego/.ivy2/cache/com.jsuereth/scala-arm_2.10/jars/scala-arm_2.10-1.3.jar">
						<origin-location is-local="false" location="file:/home/diego/Downloads/development/activator-1.0.13/repository/com.jsuereth/scala-arm_2.10/1.3/jars/scala-arm_2.10.jar"/>
					</artifact>
					<artifact name="scala-arm_2.10" type="doc" ext="jar" extra-classifier="javadoc" status="no" details="" size="405628" time="0" location="/home/diego/.ivy2/cache/com.jsuereth/scala-arm_2.10/docs/scala-arm_2.10-1.3-javadoc.jar">
						<origin-location is-local="false" location="http://repo1.maven.org/maven2/com/jsuereth/scala-arm_2.10/1.3/scala-arm_2.10-1.3-javadoc.jar"/>
					</artifact>
					<artifact name="scala-arm_2.10" type="src" ext="jar" extra-classifier="sources" status="no" details="" size="11249" time="0" location="/home/diego/.ivy2/cache/com.jsuereth/scala-arm_2.10/srcs/scala-arm_2.10-1.3-sources.jar">
						<origin-location is-local="false" location="http://repo1.maven.org/maven2/com/jsuereth/scala-arm_2.10/1.3/scala-arm_2.10-1.3-sources.jar"/>
					</artifact>
				</artifacts>
			</revision>
		</module>
		<module organisation="javax.transaction" name="jta">
			<revision name="1.1" status="release" pubdate="20081027212721" resolver="sbt-chain" artresolver="sbt-chain" homepage="http://java.sun.com/products/jta" downloaded="false" searched="false" default="false" conf="default(compile), default, compile, runtime, master" position="24">
				<metadata-artifact status="no" details="" size="2343" time="0" location="/home/diego/.ivy2/cache/javax.transaction/jta/ivy-1.1.xml" searched="false" origin-is-local="false" origin-location="file:/home/diego/Downloads/development/activator-1.0.13/repository/javax.transaction/jta/1.1/ivys/ivy.xml"/>
				<caller organisation="mproject" name="mproject$sources_javadoc_2.10" conf="test, compile, runtime" rev="1.1" rev-constraint-default="1.1" rev-constraint-dynamic="1.1" callerrev="1.0-SNAPSHOT"/>
				<artifacts>
					<artifact name="jta" type="jar" ext="jar" status="no" details="" size="15071" time="0" location="/home/diego/.ivy2/cache/javax.transaction/jta/jars/jta-1.1.jar">
						<origin-location is-local="false" location="file:/home/diego/Downloads/development/activator-1.0.13/repository/javax.transaction/jta/1.1/jars/jta.jar"/>
					</artifact>
					<artifact name="jta" type="src" ext="jar" extra-classifier="sources" status="no" details="" size="25014" time="0" location="/home/diego/.ivy2/cache/javax.transaction/jta/srcs/jta-1.1-sources.jar">
						<origin-location is-local="false" location="http://repo1.maven.org/maven2/javax/transaction/jta/1.1/jta-1.1-sources.jar"/>
					</artifact>
				</artifacts>
			</revision>
		</module>
		<module organisation="org.scala-lang" name="scala-reflect">
			<revision name="2.10.0" status="release" pubdate="20121220082932" resolver="sbt-chain" artresolver="sbt-chain" homepage="http://www.scala-lang.org/" downloaded="false" searched="false" default="false" conf="default(compile), default, compile, runtime, master" position="25">
				<license name="BSD-like" url="http://www.scala-lang.org/downloads/license.html    "/>
				<metadata-artifact status="no" details="" size="2552" time="0" location="/home/diego/.ivy2/cache/org.scala-lang/scala-reflect/ivy-2.10.0.xml" searched="false" origin-is-local="false" origin-location="http://repo1.maven.org/maven2/org/scala-lang/scala-reflect/2.10.0/scala-reflect-2.10.0.pom"/>
				<caller organisation="mproject" name="mproject$sources_javadoc_2.10" conf="test, compile, runtime" rev="2.10.0" rev-constraint-default="2.10.0" rev-constraint-dynamic="2.10.0" callerrev="1.0-SNAPSHOT"/>
				<artifacts>
					<artifact name="scala-reflect" type="jar" ext="jar" status="no" details="" size="3149351" time="0" location="/home/diego/.ivy2/cache/org.scala-lang/scala-reflect/jars/scala-reflect-2.10.0.jar">
						<origin-location is-local="false" location="http://repo1.maven.org/maven2/org/scala-lang/scala-reflect/2.10.0/scala-reflect-2.10.0.jar"/>
					</artifact>
					<artifact name="scala-reflect" type="src" ext="jar" extra-classifier="sources" status="no" details="" size="418349" time="0" location="/home/diego/.ivy2/cache/org.scala-lang/scala-reflect/srcs/scala-reflect-2.10.0-sources.jar">
						<origin-location is-local="false" location="http://repo1.maven.org/maven2/org/scala-lang/scala-reflect/2.10.0/scala-reflect-2.10.0-sources.jar"/>
					</artifact>
					<artifact name="scala-reflect" type="doc" ext="jar" extra-classifier="javadoc" status="no" details="" size="33515231" time="0" location="/home/diego/.ivy2/cache/org.scala-lang/scala-reflect/docs/scala-reflect-2.10.0-javadoc.jar">
						<origin-location is-local="false" location="http://repo1.maven.org/maven2/org/scala-lang/scala-reflect/2.10.0/scala-reflect-2.10.0-javadoc.jar"/>
					</artifact>
				</artifacts>
			</revision>
		</module>
		<module organisation="org.javassist" name="javassist">
			<revision name="3.16.1-GA" status="release" pubdate="20120306163712" resolver="public" artresolver="public" homepage="http://www.javassist.org/" downloaded="false" searched="false" default="false" conf="default(compile), default, compile, runtime, master" position="1">
				<license name="MPL 1.1" url="http://www.mozilla.org/MPL/MPL-1.1.html"/>
				<license name="LGPL 2.1" url="http://www.gnu.org/licenses/lgpl-2.1.html"/>
				<license name="Apache License 2.0" url="http://www.apache.org/licenses/"/>
				<metadata-artifact status="no" details="" size="3064" time="0" location="/home/diego/.ivy2/cache/org.javassist/javassist/ivy-3.16.1-GA.xml" searched="false" origin-is-local="false" origin-location="http://repo1.maven.org/maven2/org/javassist/javassist/3.16.1-GA/javassist-3.16.1-GA.pom"/>
				<caller organisation="mproject" name="mproject$sources_javadoc_2.10" conf="test, compile, runtime" rev="3.16.1-GA" rev-constraint-default="3.16.1-GA" rev-constraint-dynamic="3.16.1-GA" callerrev="1.0-SNAPSHOT"/>
				<artifacts>
					<artifact name="javassist" type="doc" ext="jar" extra-classifier="javadoc" status="no" details="" size="1612756" time="0" location="/home/diego/.ivy2/cache/org.javassist/javassist/docs/javassist-3.16.1-GA-javadoc.jar">
						<origin-location is-local="false" location="http://repo1.maven.org/maven2/org/javassist/javassist/3.16.1-GA/javassist-3.16.1-GA-javadoc.jar"/>
					</artifact>
					<artifact name="javassist" type="jar" ext="jar" status="no" details="" size="659343" time="0" location="/home/diego/.ivy2/cache/org.javassist/javassist/jars/javassist-3.16.1-GA.jar">
						<origin-location is-local="false" location="http://repo1.maven.org/maven2/org/javassist/javassist/3.16.1-GA/javassist-3.16.1-GA.jar"/>
					</artifact>
					<artifact name="javassist" type="src" ext="jar" extra-classifier="sources" status="no" details="" size="505273" time="0" location="/home/diego/.ivy2/cache/org.javassist/javassist/srcs/javassist-3.16.1-GA-sources.jar">
						<origin-location is-local="false" location="http://repo1.maven.org/maven2/org/javassist/javassist/3.16.1-GA/javassist-3.16.1-GA-sources.jar"/>
					</artifact>
				</artifacts>
			</revision>
		</module>
		<module organisation="org.scala-lang" name="scala-library">
			<revision name="2.10.0" status="release" pubdate="20121220022916" resolver="sbt-chain" artresolver="sbt-chain" homepage="http://www.scala-lang.org/" downloaded="false" searched="false" default="false" conf="default(compile), default, compile, runtime, master" position="0">
				<license name="BSD-like" url="http://www.scala-lang.org/downloads/license.html          "/>
				<metadata-artifact status="no" details="" size="2381" time="0" location="/home/diego/.ivy2/cache/org.scala-lang/scala-library/ivy-2.10.0.xml" searched="false" origin-is-local="false" origin-location="file:/home/diego/Downloads/development/activator-1.0.13/repository/org.scala-lang/scala-library/2.10.0/ivys/ivy.xml"/>
				<caller organisation="mproject" name="mproject$sources_javadoc_2.10" conf="test, compile, runtime" rev="2.10.0" rev-constraint-default="2.10.0" rev-constraint-dynamic="2.10.0" callerrev="1.0-SNAPSHOT"/>
				<artifacts>
					<artifact name="scala-library" type="src" ext="jar" extra-classifier="sources" status="no" details="" size="1054538" time="0" location="/home/diego/.ivy2/cache/org.scala-lang/scala-library/srcs/scala-library-2.10.0-sources.jar">
						<origin-location is-local="false" location="http://repo1.maven.org/maven2/org/scala-lang/scala-library/2.10.0/scala-library-2.10.0-sources.jar"/>
					</artifact>
					<artifact name="scala-library" type="doc" ext="jar" extra-classifier="javadoc" status="no" details="" size="33515231" time="0" location="/home/diego/.ivy2/cache/org.scala-lang/scala-library/docs/scala-library-2.10.0-javadoc.jar">
						<origin-location is-local="false" location="http://repo1.maven.org/maven2/org/scala-lang/scala-library/2.10.0/scala-library-2.10.0-javadoc.jar"/>
					</artifact>
				</artifacts>
			</revision>
		</module>
	</dependencies>
</ivy-report>
